<?xml version="1.0" encoding="UTF-8"?>
<robot generator="Robot 7.1.1 (Python 3.12.6 on win32)" generated="2024-12-12T14:28:54.634644" rpa="false" schemaversion="5">
<suite id="s1" name="Tests" source="C:\kurssit\softwaretesting\bunnybook\tests">
<suite id="s1-s1" name="E2E Tests" source="C:\kurssit\softwaretesting\bunnybook\tests\e2e_tests.robot">
<test id="s1-s1-t1" name="Profile Front Page Should Be Visible After Successful Login" line="45">
<kw name="Open Browser To Login Page" owner="common">
<kw name="New Browser" owner="Browser">
<msg time="2024-12-12T14:28:54.951150" level="INFO">{"browser": "chromium", "headless": true, "chromiumSandbox": false, "devtools": false, "handleSIGHUP": true, "handleSIGINT": true, "handleSIGTERM": true, "slowMo": 0.0, "timeout": 30000.0, "tracesDir": "C:\\kurssit\\softwaretesting\\bunnybook\\browser\\traces\\12f5b310-ae79-408a-8be6-099759e3b9ad"}</msg>
<msg time="2024-12-12T14:28:55.000323" level="INFO">Starting Browser process C:\Users\lassi\AppData\Roaming\Python\Python312\site-packages\Browser\wrapper\index.js using port 50899</msg>
<msg time="2024-12-12T14:28:55.000323" level="INFO">Node startup parameters: ['node', 'C:\\Users\\lassi\\AppData\\Roaming\\Python\\Python312\\site-packages\\Browser\\wrapper\\index.js', '50899']</msg>
<msg time="2024-12-12T14:28:56.578799" level="INFO">Successfully created browser with options: {"browser":"chromium","headless":true,"chromiumSandbox":false,"devtools":false,"handleSIGHUP":true,"handleSIGINT":true,"handleSIGTERM":true,"slowMo":0,"timeout":30000,"tracesDir":"C:\\kurssit\\softwaretesting\\bunnybook\\browser\\traces\\12f5b310-ae79-408a-8be6-099759e3b9ad"}</msg>
<tag>BrowserControl</tag>
<tag>Setter</tag>
<doc>Create a new playwright Browser with specified options.</doc>
<status status="PASS" start="2024-12-12T14:28:54.950603" elapsed="1.628196"/>
</kw>
<kw name="New Page" owner="Browser">
<msg time="2024-12-12T14:28:57.367429" level="INFO">Successfully initialized new page object and opened url: http://localhost</msg>
<msg time="2024-12-12T14:28:57.367429" level="INFO">No context was open. New context was automatically opened when this page is created.</msg>
<arg>${URL}</arg>
<tag>BrowserControl</tag>
<tag>Setter</tag>
<doc>Open a new Page.</doc>
<status status="PASS" start="2024-12-12T14:28:56.578799" elapsed="0.788630"/>
</kw>
<status status="PASS" start="2024-12-12T14:28:54.939836" elapsed="2.427593"/>
</kw>
<kw name="Do Successful Login">
<kw name="Enter Email Address" owner="common">
<kw name="Fill Text" owner="Browser">
<msg time="2024-12-12T14:28:57.374446" level="INFO">Fills the text 'user@example.com' in the given field.</msg>
<arg>xpath=//input[@name="loginEmail"]</arg>
<arg>${EMAIL}</arg>
<tag>PageContent</tag>
<tag>Setter</tag>
<doc>Clears and fills the given ``txt`` into the text field found by ``selector``.</doc>
<status status="PASS" start="2024-12-12T14:28:57.374446" elapsed="0.073166"/>
</kw>
<arg>${email}</arg>
<status status="PASS" start="2024-12-12T14:28:57.374446" elapsed="0.073166"/>
</kw>
<kw name="Enter Password" owner="common">
<kw name="Fill Text" owner="Browser">
<msg time="2024-12-12T14:28:57.447612" level="INFO">Fills the text 'string123' in the given field.</msg>
<arg>xpath=//input[@name="loginPassword"]</arg>
<arg>${PASSWORD}</arg>
<tag>PageContent</tag>
<tag>Setter</tag>
<doc>Clears and fills the given ``txt`` into the text field found by ``selector``.</doc>
<status status="PASS" start="2024-12-12T14:28:57.447612" elapsed="0.031728"/>
</kw>
<arg>${psw}</arg>
<status status="PASS" start="2024-12-12T14:28:57.447612" elapsed="0.031728"/>
</kw>
<kw name="Submit Login Form" owner="common">
<kw name="Click" owner="Browser">
<msg time="2024-12-12T14:28:57.479340" level="INFO">Clicks the element '//button[contains(text(), "Login")]'.</msg>
<arg>//button[contains(text(), "Login")]</arg>
<tag>PageContent</tag>
<tag>Setter</tag>
<doc>Simulates mouse click on the element found by ``selector``.</doc>
<status status="PASS" start="2024-12-12T14:28:57.479340" elapsed="0.073328"/>
</kw>
<status status="PASS" start="2024-12-12T14:28:57.479340" elapsed="0.073328"/>
</kw>
<arg>${EMAIL}</arg>
<arg>${PASSWORD}</arg>
<status status="PASS" start="2024-12-12T14:28:57.374446" elapsed="0.178222"/>
</kw>
<kw name="Get Text" owner="Browser">
<msg time="2024-12-12T14:28:58.123082" level="INFO">Text: 'user\nLog out\n\nuser\n\nPublish\npublic\nfriends\n\n\n\nuser\n\n12.12.2024 klo 14.28.18\n\nThis is for friends only.\nComments: 1\n\nuser\n\n12.12.2024 klo 14.28.09\n\nThis is a public post.\n\nuser\n\n12.12.2024 klo 14.23.16\n\nThis is for friends only.\n\nuser\n\n12.12.2024 klo 14.23.07\n\nThis is a public post.\nComments: 1\n\nuser\n\n12.12.2024 klo 14.22.45\n\nThis is for friends only.\nComments: 1\n\nuser\n\n12.12.2024 klo 14.22.30\n\nThis is a public post.\n\nuser\n\n12.12.2024 klo 11.35.40\n\nThis is for friends only.\nComments: 1\n\nuser\n\n12.12.2024 klo 11.35.30\n\nThis is a public post.\n\nuser\n\n12.12.2024 klo 11.26.04\n\nThis is for friends only.\nComments: 1\n\nuser\n\n12.12.2024 klo 11.25.51\n\nThis is a public post.\n\nChat\n\ncoder\ntester'</msg>
<arg>body</arg>
<arg>contains</arg>
<arg>Chat</arg>
<tag>Assertion</tag>
<tag>Getter</tag>
<tag>PageContent</tag>
<doc>Returns text attribute of the element found by ``selector``.</doc>
<status status="PASS" start="2024-12-12T14:28:57.552668" elapsed="0.571473"/>
</kw>
<kw name="Get Url" owner="Browser">
<arg>==</arg>
<arg>${URL}/profile</arg>
<tag>Assertion</tag>
<tag>Getter</tag>
<tag>PageContent</tag>
<doc>Returns the current URL.</doc>
<status status="PASS" start="2024-12-12T14:28:58.124648" elapsed="0.009356"/>
</kw>
<status status="PASS" start="2024-12-12T14:28:54.939836" elapsed="3.194168"/>
</test>
<test id="s1-s1-t2" name="Error Message Should Be Visible After Login With Wrong Password" line="52">
<kw name="Open Browser To Login Page" owner="common">
<kw name="New Browser" owner="Browser">
<msg time="2024-12-12T14:28:58.251355" level="INFO">Switching browser to browser=acdaaa68-264c-4aa3-8b85-b54ab84b85a7</msg>
<msg time="2024-12-12T14:28:58.260178" level="INFO">Successfully changed active browser: browser=acdaaa68-264c-4aa3-8b85-b54ab84b85a7</msg>
<msg time="2024-12-12T14:28:58.260874" level="INFO">Reusing existing browser with id: browser=acdaaa68-264c-4aa3-8b85-b54ab84b85a7</msg>
<tag>BrowserControl</tag>
<tag>Setter</tag>
<doc>Create a new playwright Browser with specified options.</doc>
<status status="PASS" start="2024-12-12T14:28:58.251355" elapsed="0.009519"/>
</kw>
<kw name="New Page" owner="Browser">
<msg time="2024-12-12T14:28:58.700959" level="INFO">Successfully initialized new page object and opened url: http://localhost</msg>
<msg time="2024-12-12T14:28:58.700959" level="INFO">No context was open. New context was automatically opened when this page is created.</msg>
<arg>${URL}</arg>
<tag>BrowserControl</tag>
<tag>Setter</tag>
<doc>Open a new Page.</doc>
<status status="PASS" start="2024-12-12T14:28:58.260874" elapsed="0.440085"/>
</kw>
<status status="PASS" start="2024-12-12T14:28:58.251355" elapsed="0.449604"/>
</kw>
<kw name="Enter Email Address" owner="common">
<kw name="Fill Text" owner="Browser">
<msg time="2024-12-12T14:28:58.700959" level="INFO">Fills the text 'user@example.com' in the given field.</msg>
<arg>xpath=//input[@name="loginEmail"]</arg>
<arg>${EMAIL}</arg>
<tag>PageContent</tag>
<tag>Setter</tag>
<doc>Clears and fills the given ``txt`` into the text field found by ``selector``.</doc>
<status status="PASS" start="2024-12-12T14:28:58.700959" elapsed="0.041117"/>
</kw>
<arg>${EMAIL}</arg>
<status status="PASS" start="2024-12-12T14:28:58.700959" elapsed="0.041117"/>
</kw>
<kw name="Fill Text" owner="Browser">
<msg time="2024-12-12T14:28:58.742076" level="INFO">Fills the text 'stringi' in the given field.</msg>
<arg>xpath=//input[@name="loginPassword"]</arg>
<arg>stringi</arg>
<tag>PageContent</tag>
<tag>Setter</tag>
<doc>Clears and fills the given ``txt`` into the text field found by ``selector``.</doc>
<status status="PASS" start="2024-12-12T14:28:58.742076" elapsed="0.024148"/>
</kw>
<kw name="Submit Login Form" owner="common">
<kw name="Click" owner="Browser">
<msg time="2024-12-12T14:28:58.766224" level="INFO">Clicks the element '//button[contains(text(), "Login")]'.</msg>
<arg>//button[contains(text(), "Login")]</arg>
<tag>PageContent</tag>
<tag>Setter</tag>
<doc>Simulates mouse click on the element found by ``selector``.</doc>
<status status="PASS" start="2024-12-12T14:28:58.766224" elapsed="0.072731"/>
</kw>
<status status="PASS" start="2024-12-12T14:28:58.766224" elapsed="0.072731"/>
</kw>
<kw name="Get Text" owner="Browser">
<msg time="2024-12-12T14:28:58.872889" level="INFO">Text: "Log inSign up\nEmail\nPassword\n\nInvalid email/password combination\n\n\n\nLogin\nDon't have an account? Sign Up"</msg>
<arg>body</arg>
<arg>contains</arg>
<arg>Invalid email/password combination</arg>
<tag>Assertion</tag>
<tag>Getter</tag>
<tag>PageContent</tag>
<doc>Returns text attribute of the element found by ``selector``.</doc>
<status status="PASS" start="2024-12-12T14:28:58.841180" elapsed="0.031709"/>
</kw>
<kw name="Get Url" owner="Browser">
<arg>==</arg>
<arg>${URL}/login</arg>
<tag>Assertion</tag>
<tag>Getter</tag>
<tag>PageContent</tag>
<doc>Returns the current URL.</doc>
<status status="PASS" start="2024-12-12T14:28:58.872889" elapsed="0.000000"/>
</kw>
<status status="PASS" start="2024-12-12T14:28:58.249607" elapsed="0.623282"/>
</test>
<test id="s1-s1-t3" name="Error Message Should Be Visible After Login With Wrong Email" line="60">
<kw name="Open Browser To Login Page" owner="common">
<kw name="New Browser" owner="Browser">
<msg time="2024-12-12T14:28:58.952308" level="INFO">Switching browser to browser=acdaaa68-264c-4aa3-8b85-b54ab84b85a7</msg>
<msg time="2024-12-12T14:28:58.953813" level="INFO">Successfully changed active browser: browser=acdaaa68-264c-4aa3-8b85-b54ab84b85a7</msg>
<msg time="2024-12-12T14:28:58.953813" level="INFO">Reusing existing browser with id: browser=acdaaa68-264c-4aa3-8b85-b54ab84b85a7</msg>
<tag>BrowserControl</tag>
<tag>Setter</tag>
<doc>Create a new playwright Browser with specified options.</doc>
<status status="PASS" start="2024-12-12T14:28:58.944287" elapsed="0.009526"/>
</kw>
<kw name="New Page" owner="Browser">
<msg time="2024-12-12T14:28:59.295505" level="INFO">Successfully initialized new page object and opened url: http://localhost</msg>
<msg time="2024-12-12T14:28:59.295505" level="INFO">No context was open. New context was automatically opened when this page is created.</msg>
<arg>${URL}</arg>
<tag>BrowserControl</tag>
<tag>Setter</tag>
<doc>Open a new Page.</doc>
<status status="PASS" start="2024-12-12T14:28:58.953813" elapsed="0.341692"/>
</kw>
<status status="PASS" start="2024-12-12T14:28:58.944287" elapsed="0.351218"/>
</kw>
<kw name="Fill Text" owner="Browser">
<msg time="2024-12-12T14:28:59.295505" level="INFO">Fills the text 'user2@example.com' in the given field.</msg>
<arg>xpath=//input[@name="loginEmail"]</arg>
<arg>user2@example.com</arg>
<tag>PageContent</tag>
<tag>Setter</tag>
<doc>Clears and fills the given ``txt`` into the text field found by ``selector``.</doc>
<status status="PASS" start="2024-12-12T14:28:59.295505" elapsed="0.112862"/>
</kw>
<kw name="Enter Password" owner="common">
<kw name="Fill Text" owner="Browser">
<msg time="2024-12-12T14:28:59.408367" level="INFO">Fills the text 'string123' in the given field.</msg>
<arg>xpath=//input[@name="loginPassword"]</arg>
<arg>${PASSWORD}</arg>
<tag>PageContent</tag>
<tag>Setter</tag>
<doc>Clears and fills the given ``txt`` into the text field found by ``selector``.</doc>
<status status="PASS" start="2024-12-12T14:28:59.408367" elapsed="0.024857"/>
</kw>
<arg>${PASSWORD}</arg>
<status status="PASS" start="2024-12-12T14:28:59.408367" elapsed="0.024857"/>
</kw>
<kw name="Submit Login Form" owner="common">
<kw name="Click" owner="Browser">
<msg time="2024-12-12T14:28:59.433224" level="INFO">Clicks the element '//button[contains(text(), "Login")]'.</msg>
<arg>//button[contains(text(), "Login")]</arg>
<tag>PageContent</tag>
<tag>Setter</tag>
<doc>Simulates mouse click on the element found by ``selector``.</doc>
<status status="PASS" start="2024-12-12T14:28:59.433224" elapsed="0.104958"/>
</kw>
<status status="PASS" start="2024-12-12T14:28:59.433224" elapsed="0.105464"/>
</kw>
<kw name="Get Text" owner="Browser">
<msg time="2024-12-12T14:28:59.580133" level="INFO">Text: "Log inSign up\nEmail\nPassword\n\nInvalid email/password combination\n\n\n\nLogin\nDon't have an account? Sign Up"</msg>
<arg>body</arg>
<arg>contains</arg>
<arg>Invalid email/password combination</arg>
<tag>Assertion</tag>
<tag>Getter</tag>
<tag>PageContent</tag>
<doc>Returns text attribute of the element found by ``selector``.</doc>
<status status="PASS" start="2024-12-12T14:28:59.538688" elapsed="0.041445"/>
</kw>
<kw name="Get Url" owner="Browser">
<arg>==</arg>
<arg>${URL}/login</arg>
<tag>Assertion</tag>
<tag>Getter</tag>
<tag>PageContent</tag>
<doc>Returns the current URL.</doc>
<status status="PASS" start="2024-12-12T14:28:59.580133" elapsed="0.005282"/>
</kw>
<status status="PASS" start="2024-12-12T14:28:58.944287" elapsed="0.641128"/>
</test>
<test id="s1-s1-t4" name="Do Successful Registaration And Successfully Log In" line="68">
<kw name="Open Registaration Page">
<kw name="Open Browser To Login Page" owner="common">
<kw name="New Browser" owner="Browser">
<msg time="2024-12-12T14:28:59.653800" level="INFO">Switching browser to browser=acdaaa68-264c-4aa3-8b85-b54ab84b85a7</msg>
<msg time="2024-12-12T14:28:59.653800" level="INFO">Successfully changed active browser: browser=acdaaa68-264c-4aa3-8b85-b54ab84b85a7</msg>
<msg time="2024-12-12T14:28:59.653800" level="INFO">Reusing existing browser with id: browser=acdaaa68-264c-4aa3-8b85-b54ab84b85a7</msg>
<tag>BrowserControl</tag>
<tag>Setter</tag>
<doc>Create a new playwright Browser with specified options.</doc>
<status status="PASS" start="2024-12-12T14:28:59.652691" elapsed="0.001109"/>
</kw>
<kw name="New Page" owner="Browser">
<msg time="2024-12-12T14:28:59.998965" level="INFO">Successfully initialized new page object and opened url: http://localhost</msg>
<msg time="2024-12-12T14:28:59.998965" level="INFO">No context was open. New context was automatically opened when this page is created.</msg>
<arg>${URL}</arg>
<tag>BrowserControl</tag>
<tag>Setter</tag>
<doc>Open a new Page.</doc>
<status status="PASS" start="2024-12-12T14:28:59.653800" elapsed="0.345165"/>
</kw>
<status status="PASS" start="2024-12-12T14:28:59.652691" elapsed="0.354292"/>
</kw>
<kw name="Click" owner="Browser">
<msg time="2024-12-12T14:29:00.006983" level="INFO">Clicks the element '//button[contains(text(), "Sign up")]'.</msg>
<arg>//button[contains(text(), "Sign up")]</arg>
<tag>PageContent</tag>
<tag>Setter</tag>
<doc>Simulates mouse click on the element found by ``selector``.</doc>
<status status="PASS" start="2024-12-12T14:29:00.006983" elapsed="0.121844"/>
</kw>
<kw name="Get Url" owner="Browser">
<arg>==</arg>
<arg>${URL}/register</arg>
<tag>Assertion</tag>
<tag>Getter</tag>
<tag>PageContent</tag>
<doc>Returns the current URL.</doc>
<status status="PASS" start="2024-12-12T14:29:00.128827" elapsed="0.000000"/>
</kw>
<status status="PASS" start="2024-12-12T14:28:59.648568" elapsed="0.480259"/>
</kw>
<kw name="Fill Registaration Form">
<kw name="Fill Text" owner="Browser">
<msg time="2024-12-12T14:29:00.128827" level="INFO">Fills the text 'robot@example.com' in the given field.</msg>
<arg>xpath=//input[@name="email"]</arg>
<arg>robot@example.com</arg>
<tag>PageContent</tag>
<tag>Setter</tag>
<doc>Clears and fills the given ``txt`` into the text field found by ``selector``.</doc>
<status status="PASS" start="2024-12-12T14:29:00.128827" elapsed="0.023817"/>
</kw>
<kw name="Fill Text" owner="Browser">
<msg time="2024-12-12T14:29:00.152644" level="INFO">Fills the text 'robot' in the given field.</msg>
<arg>xpath=//input[@name="username"]</arg>
<arg>robot</arg>
<tag>PageContent</tag>
<tag>Setter</tag>
<doc>Clears and fills the given ``txt`` into the text field found by ``selector``.</doc>
<status status="PASS" start="2024-12-12T14:29:00.152644" elapsed="0.024588"/>
</kw>
<kw name="Fill Text" owner="Browser">
<msg time="2024-12-12T14:29:00.181108" level="INFO">Fills the text 'string123' in the given field.</msg>
<arg>xpath=//input[@name="password"]</arg>
<arg>string123</arg>
<tag>PageContent</tag>
<tag>Setter</tag>
<doc>Clears and fills the given ``txt`` into the text field found by ``selector``.</doc>
<status status="PASS" start="2024-12-12T14:29:00.181108" elapsed="0.028528"/>
</kw>
<kw name="Click" owner="Browser">
<msg time="2024-12-12T14:29:00.209636" level="INFO">Clicks the element '//button[contains(text(), "Register")]'.</msg>
<arg>//button[contains(text(), "Register")]</arg>
<tag>PageContent</tag>
<tag>Setter</tag>
<doc>Simulates mouse click on the element found by ``selector``.</doc>
<status status="PASS" start="2024-12-12T14:29:00.209636" elapsed="0.073846"/>
</kw>
<status status="PASS" start="2024-12-12T14:29:00.128827" elapsed="0.154655"/>
</kw>
<kw name="Open Browser To Login Page" owner="common">
<kw name="New Browser" owner="Browser">
<msg time="2024-12-12T14:29:00.283482" level="INFO">Switching browser to browser=acdaaa68-264c-4aa3-8b85-b54ab84b85a7</msg>
<msg time="2024-12-12T14:29:00.291508" level="INFO">Successfully changed active browser: browser=acdaaa68-264c-4aa3-8b85-b54ab84b85a7</msg>
<msg time="2024-12-12T14:29:00.291508" level="INFO">Reusing existing browser with id: browser=acdaaa68-264c-4aa3-8b85-b54ab84b85a7</msg>
<tag>BrowserControl</tag>
<tag>Setter</tag>
<doc>Create a new playwright Browser with specified options.</doc>
<status status="PASS" start="2024-12-12T14:29:00.283482" elapsed="0.008026"/>
</kw>
<kw name="New Page" owner="Browser">
<msg time="2024-12-12T14:29:00.583214" level="INFO">Successfully initialized new page object and opened url: http://localhost</msg>
<arg>${URL}</arg>
<tag>BrowserControl</tag>
<tag>Setter</tag>
<doc>Open a new Page.</doc>
<status status="PASS" start="2024-12-12T14:29:00.291508" elapsed="0.291706"/>
</kw>
<status status="PASS" start="2024-12-12T14:29:00.283482" elapsed="0.299732"/>
</kw>
<kw name="Enter Email Address" owner="common">
<kw name="Fill Text" owner="Browser">
<msg time="2024-12-12T14:29:00.589222" level="INFO">Fills the text 'robot@example.com' in the given field.</msg>
<arg>xpath=//input[@name="loginEmail"]</arg>
<arg>${EMAIL}</arg>
<tag>PageContent</tag>
<tag>Setter</tag>
<doc>Clears and fills the given ``txt`` into the text field found by ``selector``.</doc>
<status status="PASS" start="2024-12-12T14:29:00.589222" elapsed="0.040040"/>
</kw>
<arg>robot@example.com</arg>
<status status="PASS" start="2024-12-12T14:29:00.583214" elapsed="0.046048"/>
</kw>
<kw name="Enter Password" owner="common">
<kw name="Fill Text" owner="Browser">
<msg time="2024-12-12T14:29:00.632284" level="INFO">Fills the text 'string123' in the given field.</msg>
<arg>xpath=//input[@name="loginPassword"]</arg>
<arg>${PASSWORD}</arg>
<tag>PageContent</tag>
<tag>Setter</tag>
<doc>Clears and fills the given ``txt`` into the text field found by ``selector``.</doc>
<status status="PASS" start="2024-12-12T14:29:00.629262" elapsed="0.019603"/>
</kw>
<arg>string123</arg>
<status status="PASS" start="2024-12-12T14:29:00.629262" elapsed="0.019603"/>
</kw>
<kw name="Submit Login Form" owner="common">
<kw name="Click" owner="Browser">
<msg time="2024-12-12T14:29:00.648865" level="INFO">Clicks the element '//button[contains(text(), "Login")]'.</msg>
<arg>//button[contains(text(), "Login")]</arg>
<tag>PageContent</tag>
<tag>Setter</tag>
<doc>Simulates mouse click on the element found by ``selector``.</doc>
<status status="PASS" start="2024-12-12T14:29:00.648865" elapsed="0.083879"/>
</kw>
<status status="PASS" start="2024-12-12T14:29:00.648865" elapsed="0.083879"/>
</kw>
<kw name="Get Text" owner="Browser">
<msg time="2024-12-12T14:29:01.317229" level="INFO">Text: 'robot\nLog out\n\nChat'</msg>
<arg>body</arg>
<arg>contains</arg>
<arg>Chat</arg>
<tag>Assertion</tag>
<tag>Getter</tag>
<tag>PageContent</tag>
<doc>Returns text attribute of the element found by ``selector``.</doc>
<status status="PASS" start="2024-12-12T14:29:00.732744" elapsed="0.584995"/>
</kw>
<kw name="Get Url" owner="Browser">
<arg>==</arg>
<arg>${URL}/profile</arg>
<tag>Assertion</tag>
<tag>Getter</tag>
<tag>PageContent</tag>
<doc>Returns the current URL.</doc>
<status status="PASS" start="2024-12-12T14:29:01.317739" elapsed="0.003600"/>
</kw>
<status status="PASS" start="2024-12-12T14:28:59.647488" elapsed="1.673851"/>
</test>
<test id="s1-s1-t5" name="Login Page Should Be Visible After Successful Logout" line="80">
<kw name="Open Browser To Login Page" owner="common">
<kw name="New Browser" owner="Browser">
<msg time="2024-12-12T14:29:01.410437" level="INFO">Switching browser to browser=acdaaa68-264c-4aa3-8b85-b54ab84b85a7</msg>
<msg time="2024-12-12T14:29:01.415353" level="INFO">Successfully changed active browser: browser=acdaaa68-264c-4aa3-8b85-b54ab84b85a7</msg>
<msg time="2024-12-12T14:29:01.416134" level="INFO">Reusing existing browser with id: browser=acdaaa68-264c-4aa3-8b85-b54ab84b85a7</msg>
<tag>BrowserControl</tag>
<tag>Setter</tag>
<doc>Create a new playwright Browser with specified options.</doc>
<status status="PASS" start="2024-12-12T14:29:01.410437" elapsed="0.005697"/>
</kw>
<kw name="New Page" owner="Browser">
<msg time="2024-12-12T14:29:01.763451" level="INFO">Successfully initialized new page object and opened url: http://localhost</msg>
<msg time="2024-12-12T14:29:01.763451" level="INFO">No context was open. New context was automatically opened when this page is created.</msg>
<arg>${URL}</arg>
<tag>BrowserControl</tag>
<tag>Setter</tag>
<doc>Open a new Page.</doc>
<status status="PASS" start="2024-12-12T14:29:01.416134" elapsed="0.351329"/>
</kw>
<status status="PASS" start="2024-12-12T14:29:01.410437" elapsed="0.357026"/>
</kw>
<kw name="Do Successful Login">
<kw name="Enter Email Address" owner="common">
<kw name="Fill Text" owner="Browser">
<msg time="2024-12-12T14:29:01.767463" level="INFO">Fills the text 'user@example.com' in the given field.</msg>
<arg>xpath=//input[@name="loginEmail"]</arg>
<arg>${EMAIL}</arg>
<tag>PageContent</tag>
<tag>Setter</tag>
<doc>Clears and fills the given ``txt`` into the text field found by ``selector``.</doc>
<status status="PASS" start="2024-12-12T14:29:01.767463" elapsed="0.049297"/>
</kw>
<arg>${email}</arg>
<status status="PASS" start="2024-12-12T14:29:01.767463" elapsed="0.049297"/>
</kw>
<kw name="Enter Password" owner="common">
<kw name="Fill Text" owner="Browser">
<msg time="2024-12-12T14:29:01.816760" level="INFO">Fills the text 'string123' in the given field.</msg>
<arg>xpath=//input[@name="loginPassword"]</arg>
<arg>${PASSWORD}</arg>
<tag>PageContent</tag>
<tag>Setter</tag>
<doc>Clears and fills the given ``txt`` into the text field found by ``selector``.</doc>
<status status="PASS" start="2024-12-12T14:29:01.816760" elapsed="0.024559"/>
</kw>
<arg>${psw}</arg>
<status status="PASS" start="2024-12-12T14:29:01.816760" elapsed="0.024559"/>
</kw>
<kw name="Submit Login Form" owner="common">
<kw name="Click" owner="Browser">
<msg time="2024-12-12T14:29:01.844830" level="INFO">Clicks the element '//button[contains(text(), "Login")]'.</msg>
<arg>//button[contains(text(), "Login")]</arg>
<tag>PageContent</tag>
<tag>Setter</tag>
<doc>Simulates mouse click on the element found by ``selector``.</doc>
<status status="PASS" start="2024-12-12T14:29:01.841319" elapsed="0.060610"/>
</kw>
<status status="PASS" start="2024-12-12T14:29:01.841319" elapsed="0.060610"/>
</kw>
<arg>${EMAIL}</arg>
<arg>${PASSWORD}</arg>
<status status="PASS" start="2024-12-12T14:29:01.767463" elapsed="0.134466"/>
</kw>
<kw name="Get Text" owner="Browser">
<msg time="2024-12-12T14:29:02.334835" level="INFO">Text: 'user\nLog out\n\nuser\n\nPublish\npublic\nfriends\n\n\n\nChat\n\ncoder\ntester'</msg>
<arg>body</arg>
<arg>contains</arg>
<arg>Chat</arg>
<tag>Assertion</tag>
<tag>Getter</tag>
<tag>PageContent</tag>
<doc>Returns text attribute of the element found by ``selector``.</doc>
<status status="PASS" start="2024-12-12T14:29:01.901929" elapsed="0.432906"/>
</kw>
<kw name="Get Url" owner="Browser">
<arg>==</arg>
<arg>${URL}/profile</arg>
<tag>Assertion</tag>
<tag>Getter</tag>
<tag>PageContent</tag>
<doc>Returns the current URL.</doc>
<status status="PASS" start="2024-12-12T14:29:02.334835" elapsed="0.004052"/>
</kw>
<kw name="Do Successful Logout">
<kw name="Click" owner="Browser">
<msg time="2024-12-12T14:29:02.340902" level="INFO">Clicks the element '//button[contains(text(), "Log out")]'.</msg>
<arg>//button[contains(text(), "Log out")]</arg>
<tag>PageContent</tag>
<tag>Setter</tag>
<doc>Simulates mouse click on the element found by ``selector``.</doc>
<status status="PASS" start="2024-12-12T14:29:02.340902" elapsed="0.120794"/>
</kw>
<status status="PASS" start="2024-12-12T14:29:02.340393" elapsed="0.121303"/>
</kw>
<kw name="Get Text" owner="Browser">
<msg time="2024-12-12T14:29:02.542945" level="INFO">Text: "Log inSign up\nEmail\nPassword\n\n\nLogin\nDon't have an account? Sign Up"</msg>
<arg>body</arg>
<arg>contains</arg>
<arg>Don't have an account?</arg>
<tag>Assertion</tag>
<tag>Getter</tag>
<tag>PageContent</tag>
<doc>Returns text attribute of the element found by ``selector``.</doc>
<status status="PASS" start="2024-12-12T14:29:02.461696" elapsed="0.088759"/>
</kw>
<status status="PASS" start="2024-12-12T14:29:01.406815" elapsed="1.143640"/>
</test>
<test id="s1-s1-t6" name="Publish A Public Post" line="89">
<kw name="Open Browser To Login Page" owner="common">
<kw name="New Browser" owner="Browser">
<msg time="2024-12-12T14:29:02.624198" level="INFO">Switching browser to browser=acdaaa68-264c-4aa3-8b85-b54ab84b85a7</msg>
<msg time="2024-12-12T14:29:02.627510" level="INFO">Successfully changed active browser: browser=acdaaa68-264c-4aa3-8b85-b54ab84b85a7</msg>
<msg time="2024-12-12T14:29:02.627510" level="INFO">Reusing existing browser with id: browser=acdaaa68-264c-4aa3-8b85-b54ab84b85a7</msg>
<tag>BrowserControl</tag>
<tag>Setter</tag>
<doc>Create a new playwright Browser with specified options.</doc>
<status status="PASS" start="2024-12-12T14:29:02.624198" elapsed="0.003312"/>
</kw>
<kw name="New Page" owner="Browser">
<msg time="2024-12-12T14:29:03.012877" level="INFO">Successfully initialized new page object and opened url: http://localhost</msg>
<msg time="2024-12-12T14:29:03.012877" level="INFO">No context was open. New context was automatically opened when this page is created.</msg>
<arg>${URL}</arg>
<tag>BrowserControl</tag>
<tag>Setter</tag>
<doc>Open a new Page.</doc>
<status status="PASS" start="2024-12-12T14:29:02.627510" elapsed="0.385367"/>
</kw>
<status status="PASS" start="2024-12-12T14:29:02.624198" elapsed="0.388679"/>
</kw>
<kw name="Do Successful Login">
<kw name="Enter Email Address" owner="common">
<kw name="Fill Text" owner="Browser">
<msg time="2024-12-12T14:29:03.012877" level="INFO">Fills the text 'user@example.com' in the given field.</msg>
<arg>xpath=//input[@name="loginEmail"]</arg>
<arg>${EMAIL}</arg>
<tag>PageContent</tag>
<tag>Setter</tag>
<doc>Clears and fills the given ``txt`` into the text field found by ``selector``.</doc>
<status status="PASS" start="2024-12-12T14:29:03.012877" elapsed="0.049269"/>
</kw>
<arg>${email}</arg>
<status status="PASS" start="2024-12-12T14:29:03.012877" elapsed="0.049269"/>
</kw>
<kw name="Enter Password" owner="common">
<kw name="Fill Text" owner="Browser">
<msg time="2024-12-12T14:29:03.062146" level="INFO">Fills the text 'string123' in the given field.</msg>
<arg>xpath=//input[@name="loginPassword"]</arg>
<arg>${PASSWORD}</arg>
<tag>PageContent</tag>
<tag>Setter</tag>
<doc>Clears and fills the given ``txt`` into the text field found by ``selector``.</doc>
<status status="PASS" start="2024-12-12T14:29:03.062146" elapsed="0.024356"/>
</kw>
<arg>${psw}</arg>
<status status="PASS" start="2024-12-12T14:29:03.062146" elapsed="0.024356"/>
</kw>
<kw name="Submit Login Form" owner="common">
<kw name="Click" owner="Browser">
<msg time="2024-12-12T14:29:03.086502" level="INFO">Clicks the element '//button[contains(text(), "Login")]'.</msg>
<arg>//button[contains(text(), "Login")]</arg>
<tag>PageContent</tag>
<tag>Setter</tag>
<doc>Simulates mouse click on the element found by ``selector``.</doc>
<status status="PASS" start="2024-12-12T14:29:03.086502" elapsed="0.081384"/>
</kw>
<status status="PASS" start="2024-12-12T14:29:03.086502" elapsed="0.081384"/>
</kw>
<arg>${EMAIL}</arg>
<arg>${PASSWORD}</arg>
<status status="PASS" start="2024-12-12T14:29:03.012877" elapsed="0.157799"/>
</kw>
<kw name="Write And Publish A Post">
<kw name="Fill Text" owner="Browser">
<msg time="2024-12-12T14:29:03.171184" level="INFO">Fills the text 'This is a public post.' in the given field.</msg>
<arg>xpath=//textarea[@name="content"]</arg>
<arg>${post_text}</arg>
<tag>PageContent</tag>
<tag>Setter</tag>
<doc>Clears and fills the given ``txt`` into the text field found by ``selector``.</doc>
<status status="PASS" start="2024-12-12T14:29:03.171184" elapsed="0.849001"/>
</kw>
<kw name="Select Options By" owner="Browser">
<msg time="2024-12-12T14:29:04.022698" level="INFO">Selects the option(s) PUBLIC by attribute SelectAttribute.value from element xpath=//select[@name="privacy"].</msg>
<arg>xpath=//select[@name="privacy"]</arg>
<arg>value</arg>
<arg>${visibility}</arg>
<tag>PageContent</tag>
<tag>Setter</tag>
<doc>Selects options from select element found by ``selector``.</doc>
<status status="PASS" start="2024-12-12T14:29:04.022698" elapsed="0.069572"/>
</kw>
<kw name="Click" owner="Browser">
<msg time="2024-12-12T14:29:04.092270" level="INFO">Clicks the element '//button[contains(text(), "Publish")]'.</msg>
<arg>//button[contains(text(), "Publish")]</arg>
<tag>PageContent</tag>
<tag>Setter</tag>
<doc>Simulates mouse click on the element found by ``selector``.</doc>
<status status="PASS" start="2024-12-12T14:29:04.092270" elapsed="0.069763"/>
</kw>
<arg>PUBLIC</arg>
<arg>This is a public post.</arg>
<status status="PASS" start="2024-12-12T14:29:03.170676" elapsed="0.991357"/>
</kw>
<kw name="Get Text" owner="Browser">
<msg time="2024-12-12T14:29:04.226559" level="INFO">Text: 'user\n\nPublish\npublic\nfriends\n\n\n\nuser\n\n12.12.2024 klo 14.29.04\n\nThis is a public post.\n\nuser\n\n12.12.2024 klo 14.28.18\n\nThis is for friends only.\nComments: 1\n\nuser\n\n12.12.2024 klo 14.28.09\n\nThis is a public post.\n\nuser\n\n12.12.2024 klo 14.23.16\n\nThis is for friends only.\n\nuser\n\n12.12.2024 klo 14.23.07\n\nThis is a public post.\nComments: 1\n\nuser\n\n12.12.2024 klo 14.22.45\n\nThis is for friends only.\nComments: 1\n\nuser\n\n12.12.2024 klo 14.22.30\n\nThis is a public post.\n\nuser\n\n12.12.2024 klo 11.35.40\n\nThis is for friends only.\nComments: 1\n\nuser\n\n12.12.2024 klo 11.35.30\n\nThis is a public post.\n\nuser\n\n12.12.2024 klo 11.26.04\n\nThis is for friends only.\nComments: 1\n\nuser\n\n12.12.2024 klo 11.25.51\n\nThis is a public post.'</msg>
<arg>xpath=//div[@class="column is-half"]</arg>
<arg>contains</arg>
<arg>This is a public post.</arg>
<tag>Assertion</tag>
<tag>Getter</tag>
<tag>PageContent</tag>
<doc>Returns text attribute of the element found by ``selector``.</doc>
<status status="PASS" start="2024-12-12T14:29:04.162033" elapsed="0.064526"/>
</kw>
<kw name="Do Successful Logout">
<kw name="Click" owner="Browser">
<msg time="2024-12-12T14:29:04.230069" level="INFO">Clicks the element '//button[contains(text(), "Log out")]'.</msg>
<arg>//button[contains(text(), "Log out")]</arg>
<tag>PageContent</tag>
<tag>Setter</tag>
<doc>Simulates mouse click on the element found by ``selector``.</doc>
<status status="PASS" start="2024-12-12T14:29:04.230069" elapsed="0.056267"/>
</kw>
<status status="PASS" start="2024-12-12T14:29:04.226559" elapsed="0.059777"/>
</kw>
<kw name="Open Browser To Login Page" owner="common">
<kw name="New Browser" owner="Browser">
<msg time="2024-12-12T14:29:04.286336" level="INFO">Switching browser to browser=acdaaa68-264c-4aa3-8b85-b54ab84b85a7</msg>
<msg time="2024-12-12T14:29:04.292854" level="INFO">Successfully changed active browser: browser=acdaaa68-264c-4aa3-8b85-b54ab84b85a7</msg>
<msg time="2024-12-12T14:29:04.292854" level="INFO">Reusing existing browser with id: browser=acdaaa68-264c-4aa3-8b85-b54ab84b85a7</msg>
<tag>BrowserControl</tag>
<tag>Setter</tag>
<doc>Create a new playwright Browser with specified options.</doc>
<status status="PASS" start="2024-12-12T14:29:04.286336" elapsed="0.006518"/>
</kw>
<kw name="New Page" owner="Browser">
<msg time="2024-12-12T14:29:04.646843" level="INFO">Successfully initialized new page object and opened url: http://localhost</msg>
<arg>${URL}</arg>
<tag>BrowserControl</tag>
<tag>Setter</tag>
<doc>Open a new Page.</doc>
<status status="PASS" start="2024-12-12T14:29:04.292854" elapsed="0.353989"/>
</kw>
<status status="PASS" start="2024-12-12T14:29:04.286336" elapsed="0.360507"/>
</kw>
<kw name="Do Successful Login">
<kw name="Enter Email Address" owner="common">
<kw name="Fill Text" owner="Browser">
<msg time="2024-12-12T14:29:04.649650" level="INFO">Fills the text 'coder@example.com' in the given field.</msg>
<arg>xpath=//input[@name="loginEmail"]</arg>
<arg>${EMAIL}</arg>
<tag>PageContent</tag>
<tag>Setter</tag>
<doc>Clears and fills the given ``txt`` into the text field found by ``selector``.</doc>
<status status="PASS" start="2024-12-12T14:29:04.646843" elapsed="0.036067"/>
</kw>
<arg>${email}</arg>
<status status="PASS" start="2024-12-12T14:29:04.646843" elapsed="0.036067"/>
</kw>
<kw name="Enter Password" owner="common">
<kw name="Fill Text" owner="Browser">
<msg time="2024-12-12T14:29:04.682910" level="INFO">Fills the text 'string123' in the given field.</msg>
<arg>xpath=//input[@name="loginPassword"]</arg>
<arg>${PASSWORD}</arg>
<tag>PageContent</tag>
<tag>Setter</tag>
<doc>Clears and fills the given ``txt`` into the text field found by ``selector``.</doc>
<status status="PASS" start="2024-12-12T14:29:04.682910" elapsed="0.025969"/>
</kw>
<arg>${psw}</arg>
<status status="PASS" start="2024-12-12T14:29:04.682910" elapsed="0.025969"/>
</kw>
<kw name="Submit Login Form" owner="common">
<kw name="Click" owner="Browser">
<msg time="2024-12-12T14:29:04.712243" level="INFO">Clicks the element '//button[contains(text(), "Login")]'.</msg>
<arg>//button[contains(text(), "Login")]</arg>
<tag>PageContent</tag>
<tag>Setter</tag>
<doc>Simulates mouse click on the element found by ``selector``.</doc>
<status status="PASS" start="2024-12-12T14:29:04.711512" elapsed="0.068499"/>
</kw>
<status status="PASS" start="2024-12-12T14:29:04.708879" elapsed="0.071132"/>
</kw>
<arg>coder@example.com</arg>
<arg>${PASSWORD}</arg>
<status status="PASS" start="2024-12-12T14:29:04.646843" elapsed="0.133168"/>
</kw>
<kw name="Click" owner="Browser">
<msg time="2024-12-12T14:29:04.780011" level="INFO">Clicks the element 'xpath=/html/body/div/div[1]/div[2]/div/button[1]'.</msg>
<arg>${FRIENDS_BUTTON}</arg>
<tag>PageContent</tag>
<tag>Setter</tag>
<doc>Simulates mouse click on the element found by ``selector``.</doc>
<status status="PASS" start="2024-12-12T14:29:04.780011" elapsed="0.418838"/>
</kw>
<kw name="Get Text" owner="Browser">
<msg time="2024-12-12T14:29:05.271780" level="INFO">Text: 'user'</msg>
<msg time="2024-12-12T14:29:05.271780" level="INFO">${friend_user} = user</msg>
<var>${friend_user}</var>
<arg>xpath=/html/body/div/div[2]/div[2]/div[1]/div/div/p</arg>
<tag>Assertion</tag>
<tag>Getter</tag>
<tag>PageContent</tag>
<doc>Returns text attribute of the element found by ``selector``.</doc>
<status status="PASS" start="2024-12-12T14:29:05.198849" elapsed="0.072931"/>
</kw>
<kw name="Click" owner="Browser">
<msg time="2024-12-12T14:29:05.271780" level="INFO">Clicks the element 'xpath=/html/body/div/div[2]/div[2]/div[1]/div/div/p'.</msg>
<arg>xpath=/html/body/div/div[2]/div[2]/div[1]/div/div/p</arg>
<tag>PageContent</tag>
<tag>Setter</tag>
<doc>Simulates mouse click on the element found by ``selector``.</doc>
<status status="PASS" start="2024-12-12T14:29:05.271780" elapsed="0.070367"/>
</kw>
<kw name="Get Element" owner="Browser">
<msg time="2024-12-12T14:29:05.494329" level="INFO">Locator found successfully.</msg>
<msg time="2024-12-12T14:29:05.494329" level="INFO">${friend_latest_post} = xpath=/html/body/div/div[2]/div[2]/div[3]/div</msg>
<var>${friend_latest_post}</var>
<arg>xpath=/html/body/div/div[2]/div[2]/div[3]/div</arg>
<tag>Getter</tag>
<tag>PageContent</tag>
<doc>Returns a reference to a Playwright [https://playwright.dev/docs/api/class-locator|Locator].</doc>
<status status="PASS" start="2024-12-12T14:29:05.342147" elapsed="0.152182"/>
</kw>
<kw name="Get Text" owner="Browser">
<msg time="2024-12-12T14:29:05.524106" level="INFO">Text: 'user\n\n12.12.2024 klo 14.29.04\n\nThis is a public post.'</msg>
<arg>${friend_latest_post}</arg>
<arg>contains</arg>
<arg>${friend_user}</arg>
<tag>Assertion</tag>
<tag>Getter</tag>
<tag>PageContent</tag>
<doc>Returns text attribute of the element found by ``selector``.</doc>
<status status="PASS" start="2024-12-12T14:29:05.494329" elapsed="0.029777"/>
</kw>
<kw name="Get Text" owner="Browser">
<msg time="2024-12-12T14:29:05.550914" level="INFO">Text: 'user\n\n12.12.2024 klo 14.29.04\n\nThis is a public post.'</msg>
<arg>${friend_latest_post}</arg>
<arg>contains</arg>
<arg>This is a public post.</arg>
<tag>Assertion</tag>
<tag>Getter</tag>
<tag>PageContent</tag>
<doc>Returns text attribute of the element found by ``selector``.</doc>
<status status="PASS" start="2024-12-12T14:29:05.524106" elapsed="0.026808"/>
</kw>
<status status="PASS" start="2024-12-12T14:29:02.619261" elapsed="2.931653"/>
</test>
<test id="s1-s1-t7" name="Delete Your Own Public Post" line="104">
<kw name="Open Browser To Login Page" owner="common">
<kw name="New Browser" owner="Browser">
<msg time="2024-12-12T14:29:05.635757" level="INFO">Switching browser to browser=acdaaa68-264c-4aa3-8b85-b54ab84b85a7</msg>
<msg time="2024-12-12T14:29:05.639270" level="INFO">Successfully changed active browser: browser=acdaaa68-264c-4aa3-8b85-b54ab84b85a7</msg>
<msg time="2024-12-12T14:29:05.639270" level="INFO">Reusing existing browser with id: browser=acdaaa68-264c-4aa3-8b85-b54ab84b85a7</msg>
<tag>BrowserControl</tag>
<tag>Setter</tag>
<doc>Create a new playwright Browser with specified options.</doc>
<status status="PASS" start="2024-12-12T14:29:05.635757" elapsed="0.004023"/>
</kw>
<kw name="New Page" owner="Browser">
<msg time="2024-12-12T14:29:06.090352" level="INFO">Successfully initialized new page object and opened url: http://localhost</msg>
<msg time="2024-12-12T14:29:06.095364" level="INFO">No context was open. New context was automatically opened when this page is created.</msg>
<arg>${URL}</arg>
<tag>BrowserControl</tag>
<tag>Setter</tag>
<doc>Open a new Page.</doc>
<status status="PASS" start="2024-12-12T14:29:05.639780" elapsed="0.455584"/>
</kw>
<status status="PASS" start="2024-12-12T14:29:05.634747" elapsed="0.460617"/>
</kw>
<kw name="Do Successful Login">
<kw name="Enter Email Address" owner="common">
<kw name="Fill Text" owner="Browser">
<msg time="2024-12-12T14:29:06.095364" level="INFO">Fills the text 'user@example.com' in the given field.</msg>
<arg>xpath=//input[@name="loginEmail"]</arg>
<arg>${EMAIL}</arg>
<tag>PageContent</tag>
<tag>Setter</tag>
<doc>Clears and fills the given ``txt`` into the text field found by ``selector``.</doc>
<status status="PASS" start="2024-12-12T14:29:06.095364" elapsed="0.042296"/>
</kw>
<arg>${email}</arg>
<status status="PASS" start="2024-12-12T14:29:06.095364" elapsed="0.042296"/>
</kw>
<kw name="Enter Password" owner="common">
<kw name="Fill Text" owner="Browser">
<msg time="2024-12-12T14:29:06.137660" level="INFO">Fills the text 'string123' in the given field.</msg>
<arg>xpath=//input[@name="loginPassword"]</arg>
<arg>${PASSWORD}</arg>
<tag>PageContent</tag>
<tag>Setter</tag>
<doc>Clears and fills the given ``txt`` into the text field found by ``selector``.</doc>
<status status="PASS" start="2024-12-12T14:29:06.137660" elapsed="0.014643"/>
</kw>
<arg>${psw}</arg>
<status status="PASS" start="2024-12-12T14:29:06.137660" elapsed="0.014643"/>
</kw>
<kw name="Submit Login Form" owner="common">
<kw name="Click" owner="Browser">
<msg time="2024-12-12T14:29:06.152303" level="INFO">Clicks the element '//button[contains(text(), "Login")]'.</msg>
<arg>//button[contains(text(), "Login")]</arg>
<tag>PageContent</tag>
<tag>Setter</tag>
<doc>Simulates mouse click on the element found by ``selector``.</doc>
<status status="PASS" start="2024-12-12T14:29:06.152303" elapsed="0.073882"/>
</kw>
<status status="PASS" start="2024-12-12T14:29:06.152303" elapsed="0.073882"/>
</kw>
<arg>${EMAIL}</arg>
<arg>${PASSWORD}</arg>
<status status="PASS" start="2024-12-12T14:29:06.095364" elapsed="0.130821"/>
</kw>
<kw name="Write And Publish A Post">
<kw name="Fill Text" owner="Browser">
<msg time="2024-12-12T14:29:06.228984" level="INFO">Fills the text 'This is a public post to be deleted.' in the given field.</msg>
<arg>xpath=//textarea[@name="content"]</arg>
<arg>${post_text}</arg>
<tag>PageContent</tag>
<tag>Setter</tag>
<doc>Clears and fills the given ``txt`` into the text field found by ``selector``.</doc>
<status status="PASS" start="2024-12-12T14:29:06.227463" elapsed="0.843877"/>
</kw>
<kw name="Select Options By" owner="Browser">
<msg time="2024-12-12T14:29:07.071340" level="INFO">Selects the option(s) PUBLIC by attribute SelectAttribute.value from element xpath=//select[@name="privacy"].</msg>
<arg>xpath=//select[@name="privacy"]</arg>
<arg>value</arg>
<arg>${visibility}</arg>
<tag>PageContent</tag>
<tag>Setter</tag>
<doc>Selects options from select element found by ``selector``.</doc>
<status status="PASS" start="2024-12-12T14:29:07.071340" elapsed="0.065111"/>
</kw>
<kw name="Click" owner="Browser">
<msg time="2024-12-12T14:29:07.136451" level="INFO">Clicks the element '//button[contains(text(), "Publish")]'.</msg>
<arg>//button[contains(text(), "Publish")]</arg>
<tag>PageContent</tag>
<tag>Setter</tag>
<doc>Simulates mouse click on the element found by ``selector``.</doc>
<status status="PASS" start="2024-12-12T14:29:07.136451" elapsed="0.072752"/>
</kw>
<arg>PUBLIC</arg>
<arg>This is a public post to be deleted.</arg>
<status status="PASS" start="2024-12-12T14:29:06.227463" elapsed="0.981740"/>
</kw>
<kw name="Get Text" owner="Browser">
<msg time="2024-12-12T14:29:07.273669" level="INFO">Text: 'user\n\nPublish\npublic\nfriends\n\n\n\nuser\n\n12.12.2024 klo 14.29.07\n\nThis is a public post to be deleted.\n\nuser\n\n12.12.2024 klo 14.29.04\n\nThis is a public post.\n\nuser\n\n12.12.2024 klo 14.28.18\n\nThis is for friends only.\nComments: 1\n\nuser\n\n12.12.2024 klo 14.28.09\n\nThis is a public post.\n\nuser\n\n12.12.2024 klo 14.23.16\n\nThis is for friends only.\n\nuser\n\n12.12.2024 klo 14.23.07\n\nThis is a public post.\nComments: 1\n\nuser\n\n12.12.2024 klo 14.22.45\n\nThis is for friends only.\nComments: 1\n\nuser\n\n12.12.2024 klo 14.22.30\n\nThis is a public post.\n\nuser\n\n12.12.2024 klo 11.35.40\n\nThis is for friends only.\nComments: 1\n\nuser\n\n12.12.2024 klo 11.35.30\n\nThis is a public post.\n\nuser\n\n12.12.2024 klo 11.26.04\n\nThis is for friends only.\nComments: 1'</msg>
<arg>xpath=//div[@class="column is-half"]</arg>
<arg>contains</arg>
<arg>This is a public post to be deleted.</arg>
<tag>Assertion</tag>
<tag>Getter</tag>
<tag>PageContent</tag>
<doc>Returns text attribute of the element found by ``selector``.</doc>
<status status="PASS" start="2024-12-12T14:29:07.209203" elapsed="0.064466"/>
</kw>
<kw name="Promise To" owner="Browser">
<msg time="2024-12-12T14:29:07.287422" level="INFO">${promise} = &lt;Future at 0x2d005c8d310 state=running&gt;</msg>
<var>${promise}</var>
<arg>Wait For Alert</arg>
<arg>action=accept</arg>
<tag>Wait</tag>
<doc>Wrap a Browser library keyword and make it a promise.</doc>
<status status="PASS" start="2024-12-12T14:29:07.281667" elapsed="0.005755"/>
</kw>
<kw name="Sleep" owner="BuiltIn">
<msg time="2024-12-12T14:29:09.291283" level="INFO">Slept 2 seconds.</msg>
<arg>2s</arg>
<doc>Pauses the test executed for the given time.</doc>
<status status="PASS" start="2024-12-12T14:29:07.289939" elapsed="2.001344"/>
</kw>
<kw name="Click" owner="Browser">
<msg time="2024-12-12T14:29:09.291283" level="INFO">Clicks the element 'xpath=/html/body/div/div[2]/div[2]/div[2]/div/div[1]/div[1]/div[2]/div/button'.</msg>
<arg>xpath=/html/body/div/div[2]/div[2]/div[2]/div/div[1]/div[1]/div[2]/div/button</arg>
<tag>PageContent</tag>
<tag>Setter</tag>
<doc>Simulates mouse click on the element found by ``selector``.</doc>
<status status="PASS" start="2024-12-12T14:29:09.291283" elapsed="0.076193"/>
</kw>
<kw name="Wait For" owner="Browser">
<arg>${promise}</arg>
<tag>Wait</tag>
<doc>Waits for promises to finish and returns results from them.</doc>
<status status="PASS" start="2024-12-12T14:29:09.367476" elapsed="0.005519"/>
</kw>
<kw name="Sleep" owner="BuiltIn">
<msg time="2024-12-12T14:29:11.373365" level="INFO">Slept 2 seconds.</msg>
<arg>2s</arg>
<doc>Pauses the test executed for the given time.</doc>
<status status="PASS" start="2024-12-12T14:29:09.372995" elapsed="2.000370"/>
</kw>
<kw name="Get Text" owner="Browser">
<msg time="2024-12-12T14:29:11.406398" level="INFO">Text: 'user\n\n12.12.2024 klo 14.29.04\n\nThis is a public post.'</msg>
<msg time="2024-12-12T14:29:11.406398" level="INFO">${page_text} = user

12.12.2024 klo 14.29.04

This is a public post.</msg>
<var>${page_text}</var>
<arg>xpath=/html/body/div/div[2]/div[2]/div[2]</arg>
<tag>Assertion</tag>
<tag>Getter</tag>
<tag>PageContent</tag>
<doc>Returns text attribute of the element found by ``selector``.</doc>
<status status="PASS" start="2024-12-12T14:29:11.373365" elapsed="0.033033"/>
</kw>
<kw name="Should Not Contain" owner="BuiltIn">
<arg>${page_text}</arg>
<arg>This is a public post to be deleted.</arg>
<doc>Fails if ``container`` contains ``item`` one or more times.</doc>
<status status="PASS" start="2024-12-12T14:29:11.406398" elapsed="0.000000"/>
</kw>
<status status="PASS" start="2024-12-12T14:29:05.622938" elapsed="5.783460"/>
</test>
<test id="s1-s1-t8" name="Publish A Post Only Friends To See" line="117">
<kw name="Open Browser To Login Page" owner="common">
<kw name="New Browser" owner="Browser">
<msg time="2024-12-12T14:29:11.498378" level="INFO">Switching browser to browser=acdaaa68-264c-4aa3-8b85-b54ab84b85a7</msg>
<msg time="2024-12-12T14:29:11.498378" level="INFO">Successfully changed active browser: browser=acdaaa68-264c-4aa3-8b85-b54ab84b85a7</msg>
<msg time="2024-12-12T14:29:11.498378" level="INFO">Reusing existing browser with id: browser=acdaaa68-264c-4aa3-8b85-b54ab84b85a7</msg>
<tag>BrowserControl</tag>
<tag>Setter</tag>
<doc>Create a new playwright Browser with specified options.</doc>
<status status="PASS" start="2024-12-12T14:29:11.497963" elapsed="0.000415"/>
</kw>
<kw name="New Page" owner="Browser">
<msg time="2024-12-12T14:29:11.796892" level="INFO">Successfully initialized new page object and opened url: http://localhost</msg>
<msg time="2024-12-12T14:29:11.796892" level="INFO">No context was open. New context was automatically opened when this page is created.</msg>
<arg>${URL}</arg>
<tag>BrowserControl</tag>
<tag>Setter</tag>
<doc>Open a new Page.</doc>
<status status="PASS" start="2024-12-12T14:29:11.498378" elapsed="0.298514"/>
</kw>
<status status="PASS" start="2024-12-12T14:29:11.494849" elapsed="0.302043"/>
</kw>
<kw name="Do Successful Login">
<kw name="Enter Email Address" owner="common">
<kw name="Fill Text" owner="Browser">
<msg time="2024-12-12T14:29:11.796892" level="INFO">Fills the text 'user@example.com' in the given field.</msg>
<arg>xpath=//input[@name="loginEmail"]</arg>
<arg>${EMAIL}</arg>
<tag>PageContent</tag>
<tag>Setter</tag>
<doc>Clears and fills the given ``txt`` into the text field found by ``selector``.</doc>
<status status="PASS" start="2024-12-12T14:29:11.796892" elapsed="0.040384"/>
</kw>
<arg>${email}</arg>
<status status="PASS" start="2024-12-12T14:29:11.796892" elapsed="0.040384"/>
</kw>
<kw name="Enter Password" owner="common">
<kw name="Fill Text" owner="Browser">
<msg time="2024-12-12T14:29:11.837276" level="INFO">Fills the text 'string123' in the given field.</msg>
<arg>xpath=//input[@name="loginPassword"]</arg>
<arg>${PASSWORD}</arg>
<tag>PageContent</tag>
<tag>Setter</tag>
<doc>Clears and fills the given ``txt`` into the text field found by ``selector``.</doc>
<status status="PASS" start="2024-12-12T14:29:11.837276" elapsed="0.017506"/>
</kw>
<arg>${psw}</arg>
<status status="PASS" start="2024-12-12T14:29:11.837276" elapsed="0.017506"/>
</kw>
<kw name="Submit Login Form" owner="common">
<kw name="Click" owner="Browser">
<msg time="2024-12-12T14:29:11.854782" level="INFO">Clicks the element '//button[contains(text(), "Login")]'.</msg>
<arg>//button[contains(text(), "Login")]</arg>
<tag>PageContent</tag>
<tag>Setter</tag>
<doc>Simulates mouse click on the element found by ``selector``.</doc>
<status status="PASS" start="2024-12-12T14:29:11.854782" elapsed="0.082265"/>
</kw>
<status status="PASS" start="2024-12-12T14:29:11.854782" elapsed="0.082265"/>
</kw>
<arg>${EMAIL}</arg>
<arg>${PASSWORD}</arg>
<status status="PASS" start="2024-12-12T14:29:11.796892" elapsed="0.140155"/>
</kw>
<kw name="Write And Publish A Post">
<kw name="Fill Text" owner="Browser">
<msg time="2024-12-12T14:29:11.942579" level="INFO">Fills the text 'This is for friends only.' in the given field.</msg>
<arg>xpath=//textarea[@name="content"]</arg>
<arg>${post_text}</arg>
<tag>PageContent</tag>
<tag>Setter</tag>
<doc>Clears and fills the given ``txt`` into the text field found by ``selector``.</doc>
<status status="PASS" start="2024-12-12T14:29:11.942579" elapsed="0.859187"/>
</kw>
<kw name="Select Options By" owner="Browser">
<msg time="2024-12-12T14:29:12.801766" level="INFO">Selects the option(s) FRIENDS by attribute SelectAttribute.value from element xpath=//select[@name="privacy"].</msg>
<arg>xpath=//select[@name="privacy"]</arg>
<arg>value</arg>
<arg>${visibility}</arg>
<tag>PageContent</tag>
<tag>Setter</tag>
<doc>Selects options from select element found by ``selector``.</doc>
<status status="PASS" start="2024-12-12T14:29:12.801766" elapsed="0.065360"/>
</kw>
<kw name="Click" owner="Browser">
<msg time="2024-12-12T14:29:12.867126" level="INFO">Clicks the element '//button[contains(text(), "Publish")]'.</msg>
<arg>//button[contains(text(), "Publish")]</arg>
<tag>PageContent</tag>
<tag>Setter</tag>
<doc>Simulates mouse click on the element found by ``selector``.</doc>
<status status="PASS" start="2024-12-12T14:29:12.867126" elapsed="0.075917"/>
</kw>
<arg>FRIENDS</arg>
<arg>This is for friends only.</arg>
<status status="PASS" start="2024-12-12T14:29:11.937047" elapsed="1.005996"/>
</kw>
<kw name="Do Successful Logout">
<kw name="Click" owner="Browser">
<msg time="2024-12-12T14:29:12.943043" level="INFO">Clicks the element '//button[contains(text(), "Log out")]'.</msg>
<arg>//button[contains(text(), "Log out")]</arg>
<tag>PageContent</tag>
<tag>Setter</tag>
<doc>Simulates mouse click on the element found by ``selector``.</doc>
<status status="PASS" start="2024-12-12T14:29:12.943043" elapsed="0.108938"/>
</kw>
<status status="PASS" start="2024-12-12T14:29:12.943043" elapsed="0.108938"/>
</kw>
<kw name="Open Browser To Login Page" owner="common">
<kw name="New Browser" owner="Browser">
<msg time="2024-12-12T14:29:13.051981" level="INFO">Switching browser to browser=acdaaa68-264c-4aa3-8b85-b54ab84b85a7</msg>
<msg time="2024-12-12T14:29:13.060004" level="INFO">Successfully changed active browser: browser=acdaaa68-264c-4aa3-8b85-b54ab84b85a7</msg>
<msg time="2024-12-12T14:29:13.060004" level="INFO">Reusing existing browser with id: browser=acdaaa68-264c-4aa3-8b85-b54ab84b85a7</msg>
<tag>BrowserControl</tag>
<tag>Setter</tag>
<doc>Create a new playwright Browser with specified options.</doc>
<status status="PASS" start="2024-12-12T14:29:13.051981" elapsed="0.008023"/>
</kw>
<kw name="New Page" owner="Browser">
<msg time="2024-12-12T14:29:13.353622" level="INFO">Successfully initialized new page object and opened url: http://localhost</msg>
<arg>${URL}</arg>
<tag>BrowserControl</tag>
<tag>Setter</tag>
<doc>Open a new Page.</doc>
<status status="PASS" start="2024-12-12T14:29:13.060004" elapsed="0.293618"/>
</kw>
<status status="PASS" start="2024-12-12T14:29:13.051981" elapsed="0.301641"/>
</kw>
<kw name="Do Successful Login">
<kw name="Enter Email Address" owner="common">
<kw name="Fill Text" owner="Browser">
<msg time="2024-12-12T14:29:13.353622" level="INFO">Fills the text 'robotti@example.com' in the given field.</msg>
<arg>xpath=//input[@name="loginEmail"]</arg>
<arg>${EMAIL}</arg>
<tag>PageContent</tag>
<tag>Setter</tag>
<doc>Clears and fills the given ``txt`` into the text field found by ``selector``.</doc>
<status status="PASS" start="2024-12-12T14:29:13.353622" elapsed="0.039932"/>
</kw>
<arg>${email}</arg>
<status status="PASS" start="2024-12-12T14:29:13.353622" elapsed="0.039932"/>
</kw>
<kw name="Enter Password" owner="common">
<kw name="Fill Text" owner="Browser">
<msg time="2024-12-12T14:29:13.401566" level="INFO">Fills the text 'string123' in the given field.</msg>
<arg>xpath=//input[@name="loginPassword"]</arg>
<arg>${PASSWORD}</arg>
<tag>PageContent</tag>
<tag>Setter</tag>
<doc>Clears and fills the given ``txt`` into the text field found by ``selector``.</doc>
<status status="PASS" start="2024-12-12T14:29:13.393554" elapsed="0.023689"/>
</kw>
<arg>${psw}</arg>
<status status="PASS" start="2024-12-12T14:29:13.393554" elapsed="0.023689"/>
</kw>
<kw name="Submit Login Form" owner="common">
<kw name="Click" owner="Browser">
<msg time="2024-12-12T14:29:13.417243" level="INFO">Clicks the element '//button[contains(text(), "Login")]'.</msg>
<arg>//button[contains(text(), "Login")]</arg>
<tag>PageContent</tag>
<tag>Setter</tag>
<doc>Simulates mouse click on the element found by ``selector``.</doc>
<status status="PASS" start="2024-12-12T14:29:13.417243" elapsed="0.081296"/>
</kw>
<status status="PASS" start="2024-12-12T14:29:13.417243" elapsed="0.081296"/>
</kw>
<arg>robotti@example.com</arg>
<arg>${PASSWORD}</arg>
<status status="PASS" start="2024-12-12T14:29:13.353622" elapsed="0.148432"/>
</kw>
<kw name="Fill Text" owner="Browser">
<msg time="2024-12-12T14:29:13.502054" level="INFO">Fills the text 'user' in the given field.</msg>
<arg>xpath=//input[@type="search"]</arg>
<arg>user</arg>
<tag>PageContent</tag>
<tag>Setter</tag>
<doc>Clears and fills the given ``txt`` into the text field found by ``selector``.</doc>
<status status="PASS" start="2024-12-12T14:29:13.502054" elapsed="0.023005"/>
</kw>
<kw name="Click" owner="Browser">
<msg time="2024-12-12T14:29:13.528434" level="INFO">Clicks the element 'xpath=/html/body/div/div[1]/div[1]/div/div[2]/div/a'.</msg>
<arg>xpath=/html/body/div/div[1]/div[1]/div/div[2]/div/a</arg>
<tag>PageContent</tag>
<tag>Setter</tag>
<doc>Simulates mouse click on the element found by ``selector``.</doc>
<status status="PASS" start="2024-12-12T14:29:13.528434" elapsed="0.930000"/>
</kw>
<kw name="Get Text" owner="Browser">
<msg time="2024-12-12T14:29:14.512961" level="INFO">Text: 'user\n\nAdd friend\n\n\nFriends'</msg>
<msg time="2024-12-12T14:29:14.512961" level="INFO">${page_text} = user

Add friend


Friends</msg>
<var>${page_text}</var>
<arg>xpath=//div[@class="column is-half"]</arg>
<tag>Assertion</tag>
<tag>Getter</tag>
<tag>PageContent</tag>
<doc>Returns text attribute of the element found by ``selector``.</doc>
<status status="PASS" start="2024-12-12T14:29:14.458434" elapsed="0.054527"/>
</kw>
<kw name="Should Not Contain" owner="BuiltIn">
<arg>${page_text}</arg>
<arg>This is for friends only.</arg>
<doc>Fails if ``container`` contains ``item`` one or more times.</doc>
<status status="PASS" start="2024-12-12T14:29:14.512961" elapsed="0.000000"/>
</kw>
<status status="PASS" start="2024-12-12T14:29:11.492697" elapsed="3.020264"/>
</test>
<test id="s1-s1-t9" name="View Public Post Made By Another User" line="129">
<kw name="Open Browser To Login Page" owner="common">
<kw name="New Browser" owner="Browser">
<msg time="2024-12-12T14:29:14.633344" level="INFO">Switching browser to browser=acdaaa68-264c-4aa3-8b85-b54ab84b85a7</msg>
<msg time="2024-12-12T14:29:14.638592" level="INFO">Successfully changed active browser: browser=acdaaa68-264c-4aa3-8b85-b54ab84b85a7</msg>
<msg time="2024-12-12T14:29:14.638592" level="INFO">Reusing existing browser with id: browser=acdaaa68-264c-4aa3-8b85-b54ab84b85a7</msg>
<tag>BrowserControl</tag>
<tag>Setter</tag>
<doc>Create a new playwright Browser with specified options.</doc>
<status status="PASS" start="2024-12-12T14:29:14.633344" elapsed="0.005248"/>
</kw>
<kw name="New Page" owner="Browser">
<msg time="2024-12-12T14:29:15.334200" level="INFO">Successfully initialized new page object and opened url: http://localhost</msg>
<msg time="2024-12-12T14:29:15.334200" level="INFO">No context was open. New context was automatically opened when this page is created.</msg>
<arg>${URL}</arg>
<tag>BrowserControl</tag>
<tag>Setter</tag>
<doc>Open a new Page.</doc>
<status status="PASS" start="2024-12-12T14:29:14.638592" elapsed="0.695608"/>
</kw>
<status status="PASS" start="2024-12-12T14:29:14.633344" elapsed="0.700856"/>
</kw>
<kw name="Do Successful Login">
<kw name="Enter Email Address" owner="common">
<kw name="Fill Text" owner="Browser">
<msg time="2024-12-12T14:29:15.341000" level="INFO">Fills the text 'user@example.com' in the given field.</msg>
<arg>xpath=//input[@name="loginEmail"]</arg>
<arg>${EMAIL}</arg>
<tag>PageContent</tag>
<tag>Setter</tag>
<doc>Clears and fills the given ``txt`` into the text field found by ``selector``.</doc>
<status status="PASS" start="2024-12-12T14:29:15.338868" elapsed="0.048849"/>
</kw>
<arg>${email}</arg>
<status status="PASS" start="2024-12-12T14:29:15.338868" elapsed="0.048849"/>
</kw>
<kw name="Enter Password" owner="common">
<kw name="Fill Text" owner="Browser">
<msg time="2024-12-12T14:29:15.391835" level="INFO">Fills the text 'string123' in the given field.</msg>
<arg>xpath=//input[@name="loginPassword"]</arg>
<arg>${PASSWORD}</arg>
<tag>PageContent</tag>
<tag>Setter</tag>
<doc>Clears and fills the given ``txt`` into the text field found by ``selector``.</doc>
<status status="PASS" start="2024-12-12T14:29:15.387717" elapsed="0.024745"/>
</kw>
<arg>${psw}</arg>
<status status="PASS" start="2024-12-12T14:29:15.387717" elapsed="0.024745"/>
</kw>
<kw name="Submit Login Form" owner="common">
<kw name="Click" owner="Browser">
<msg time="2024-12-12T14:29:15.420767" level="INFO">Clicks the element '//button[contains(text(), "Login")]'.</msg>
<arg>//button[contains(text(), "Login")]</arg>
<tag>PageContent</tag>
<tag>Setter</tag>
<doc>Simulates mouse click on the element found by ``selector``.</doc>
<status status="PASS" start="2024-12-12T14:29:15.420767" elapsed="0.073127"/>
</kw>
<status status="PASS" start="2024-12-12T14:29:15.420767" elapsed="0.073127"/>
</kw>
<arg>${EMAIL}</arg>
<arg>${PASSWORD}</arg>
<status status="PASS" start="2024-12-12T14:29:15.338724" elapsed="0.155170"/>
</kw>
<kw name="Click" owner="Browser">
<msg time="2024-12-12T14:29:15.493894" level="INFO">Clicks the element 'xpath=/html/body/div/div[1]/div[2]/div/button[1]'.</msg>
<arg>${FRIENDS_BUTTON}</arg>
<tag>PageContent</tag>
<tag>Setter</tag>
<doc>Simulates mouse click on the element found by ``selector``.</doc>
<status status="PASS" start="2024-12-12T14:29:15.493894" elapsed="0.931188"/>
</kw>
<kw name="Get Text" owner="Browser">
<msg time="2024-12-12T14:29:16.506517" level="INFO">Text: 'coder'</msg>
<msg time="2024-12-12T14:29:16.506517" level="INFO">${friend_user} = coder</msg>
<var>${friend_user}</var>
<arg>xpath=/html/body/div/div[2]/div[2]/div[1]/div/div/p</arg>
<tag>Assertion</tag>
<tag>Getter</tag>
<tag>PageContent</tag>
<doc>Returns text attribute of the element found by ``selector``.</doc>
<status status="PASS" start="2024-12-12T14:29:16.425082" elapsed="0.081435"/>
</kw>
<kw name="Click" owner="Browser">
<msg time="2024-12-12T14:29:16.506517" level="INFO">Clicks the element 'xpath=/html/body/div/div[2]/div[2]/div[1]/div/div/p'.</msg>
<arg>xpath=/html/body/div/div[2]/div[2]/div[1]/div/div/p</arg>
<tag>PageContent</tag>
<tag>Setter</tag>
<doc>Simulates mouse click on the element found by ``selector``.</doc>
<status status="PASS" start="2024-12-12T14:29:16.506517" elapsed="0.069771"/>
</kw>
<kw name="Get Element" owner="Browser">
<msg time="2024-12-12T14:29:16.668091" level="INFO">Locator found successfully.</msg>
<msg time="2024-12-12T14:29:16.668091" level="INFO">${friend_latest_post} = xpath=/html/body/div/div[2]/div[2]/div[3]/div</msg>
<var>${friend_latest_post}</var>
<arg>xpath=/html/body/div/div[2]/div[2]/div[3]/div</arg>
<tag>Getter</tag>
<tag>PageContent</tag>
<doc>Returns a reference to a Playwright [https://playwright.dev/docs/api/class-locator|Locator].</doc>
<status status="PASS" start="2024-12-12T14:29:16.579674" elapsed="0.088417"/>
</kw>
<kw name="Get Text" owner="Browser">
<msg time="2024-12-12T14:29:16.692824" level="INFO">Text: 'coder\n\n29.11.2024 klo 12.46.48\n\nhello everybody!\nComments: 41'</msg>
<arg>${friend_latest_post}</arg>
<arg>contains</arg>
<arg>${friend_user}</arg>
<tag>Assertion</tag>
<tag>Getter</tag>
<tag>PageContent</tag>
<doc>Returns text attribute of the element found by ``selector``.</doc>
<status status="PASS" start="2024-12-12T14:29:16.668091" elapsed="0.024733"/>
</kw>
<kw name="Get Text" owner="Browser">
<msg time="2024-12-12T14:29:16.725381" level="INFO">Text: 'coder\n\n29.11.2024 klo 12.46.48\n\nhello everybody!\nComments: 41'</msg>
<arg>${friend_latest_post}</arg>
<arg>contains</arg>
<arg>hello everybody!</arg>
<tag>Assertion</tag>
<tag>Getter</tag>
<tag>PageContent</tag>
<doc>Returns text attribute of the element found by ``selector``.</doc>
<status status="PASS" start="2024-12-12T14:29:16.692824" elapsed="0.032557"/>
</kw>
<status status="PASS" start="2024-12-12T14:29:14.628332" elapsed="2.097049"/>
</test>
<test id="s1-s1-t10" name="Comment A Post Made By Other User" line="139">
<kw name="Open Browser To Login Page" owner="common">
<kw name="New Browser" owner="Browser">
<msg time="2024-12-12T14:29:16.822048" level="INFO">Switching browser to browser=acdaaa68-264c-4aa3-8b85-b54ab84b85a7</msg>
<msg time="2024-12-12T14:29:16.827096" level="INFO">Successfully changed active browser: browser=acdaaa68-264c-4aa3-8b85-b54ab84b85a7</msg>
<msg time="2024-12-12T14:29:16.827719" level="INFO">Reusing existing browser with id: browser=acdaaa68-264c-4aa3-8b85-b54ab84b85a7</msg>
<tag>BrowserControl</tag>
<tag>Setter</tag>
<doc>Create a new playwright Browser with specified options.</doc>
<status status="PASS" start="2024-12-12T14:29:16.820517" elapsed="0.007202"/>
</kw>
<kw name="New Page" owner="Browser">
<msg time="2024-12-12T14:29:17.206515" level="INFO">Successfully initialized new page object and opened url: http://localhost</msg>
<msg time="2024-12-12T14:29:17.206515" level="INFO">No context was open. New context was automatically opened when this page is created.</msg>
<arg>${URL}</arg>
<tag>BrowserControl</tag>
<tag>Setter</tag>
<doc>Open a new Page.</doc>
<status status="PASS" start="2024-12-12T14:29:16.828242" elapsed="0.378273"/>
</kw>
<status status="PASS" start="2024-12-12T14:29:16.819885" elapsed="0.386630"/>
</kw>
<kw name="Do Successful Login">
<kw name="Enter Email Address" owner="common">
<kw name="Fill Text" owner="Browser">
<msg time="2024-12-12T14:29:17.206515" level="INFO">Fills the text 'user@example.com' in the given field.</msg>
<arg>xpath=//input[@name="loginEmail"]</arg>
<arg>${EMAIL}</arg>
<tag>PageContent</tag>
<tag>Setter</tag>
<doc>Clears and fills the given ``txt`` into the text field found by ``selector``.</doc>
<status status="PASS" start="2024-12-12T14:29:17.206515" elapsed="0.049061"/>
</kw>
<arg>${email}</arg>
<status status="PASS" start="2024-12-12T14:29:17.206515" elapsed="0.049061"/>
</kw>
<kw name="Enter Password" owner="common">
<kw name="Fill Text" owner="Browser">
<msg time="2024-12-12T14:29:17.255576" level="INFO">Fills the text 'string123' in the given field.</msg>
<arg>xpath=//input[@name="loginPassword"]</arg>
<arg>${PASSWORD}</arg>
<tag>PageContent</tag>
<tag>Setter</tag>
<doc>Clears and fills the given ``txt`` into the text field found by ``selector``.</doc>
<status status="PASS" start="2024-12-12T14:29:17.255576" elapsed="0.023585"/>
</kw>
<arg>${psw}</arg>
<status status="PASS" start="2024-12-12T14:29:17.255576" elapsed="0.023585"/>
</kw>
<kw name="Submit Login Form" owner="common">
<kw name="Click" owner="Browser">
<msg time="2024-12-12T14:29:17.279161" level="INFO">Clicks the element '//button[contains(text(), "Login")]'.</msg>
<arg>//button[contains(text(), "Login")]</arg>
<tag>PageContent</tag>
<tag>Setter</tag>
<doc>Simulates mouse click on the element found by ``selector``.</doc>
<status status="PASS" start="2024-12-12T14:29:17.279161" elapsed="0.096437"/>
</kw>
<status status="PASS" start="2024-12-12T14:29:17.279161" elapsed="0.096437"/>
</kw>
<arg>${EMAIL}</arg>
<arg>${PASSWORD}</arg>
<status status="PASS" start="2024-12-12T14:29:17.206515" elapsed="0.169083"/>
</kw>
<kw name="Click" owner="Browser">
<msg time="2024-12-12T14:29:17.375598" level="INFO">Clicks the element 'xpath=/html/body/div/div[1]/div[2]/div/button[1]'.</msg>
<arg>${FRIENDS_BUTTON}</arg>
<tag>PageContent</tag>
<tag>Setter</tag>
<doc>Simulates mouse click on the element found by ``selector``.</doc>
<status status="PASS" start="2024-12-12T14:29:17.375598" elapsed="0.926686"/>
</kw>
<kw name="Get Element" owner="Browser">
<msg time="2024-12-12T14:29:18.330737" level="INFO">Locator found successfully.</msg>
<msg time="2024-12-12T14:29:18.330737" level="INFO">${friend_link} = xpath=/html/body/div/div[2]/div[2]/div[1]/div/div/p</msg>
<var>${friend_link}</var>
<arg>xpath=/html/body/div/div[2]/div[2]/div[1]/div/div/p</arg>
<tag>Getter</tag>
<tag>PageContent</tag>
<doc>Returns a reference to a Playwright [https://playwright.dev/docs/api/class-locator|Locator].</doc>
<status status="PASS" start="2024-12-12T14:29:18.302284" elapsed="0.028453"/>
</kw>
<kw name="Get Text" owner="Browser">
<msg time="2024-12-12T14:29:18.375246" level="INFO">Text: 'coder'</msg>
<msg time="2024-12-12T14:29:18.375246" level="INFO">${friend_user} = coder</msg>
<var>${friend_user}</var>
<arg>${friend_link}</arg>
<tag>Assertion</tag>
<tag>Getter</tag>
<tag>PageContent</tag>
<doc>Returns text attribute of the element found by ``selector``.</doc>
<status status="PASS" start="2024-12-12T14:29:18.330737" elapsed="0.044509"/>
</kw>
<kw name="Click" owner="Browser">
<msg time="2024-12-12T14:29:18.375246" level="INFO">Clicks the element 'xpath=/html/body/div/div[2]/div[2]/div[1]/div/div/p'.</msg>
<arg>${friend_link}</arg>
<tag>PageContent</tag>
<tag>Setter</tag>
<doc>Simulates mouse click on the element found by ``selector``.</doc>
<status status="PASS" start="2024-12-12T14:29:18.375246" elapsed="0.065172"/>
</kw>
<kw name="Get Element" owner="Browser">
<msg time="2024-12-12T14:29:18.509162" level="INFO">Locator found successfully.</msg>
<msg time="2024-12-12T14:29:18.509668" level="INFO">${friend_latest_post} = xpath=/html/body/div/div[2]/div[2]/div[3]/div</msg>
<var>${friend_latest_post}</var>
<arg>xpath=/html/body/div/div[2]/div[2]/div[3]/div</arg>
<tag>Getter</tag>
<tag>PageContent</tag>
<doc>Returns a reference to a Playwright [https://playwright.dev/docs/api/class-locator|Locator].</doc>
<status status="PASS" start="2024-12-12T14:29:18.448438" elapsed="0.061230"/>
</kw>
<kw name="Get Text" owner="Browser">
<msg time="2024-12-12T14:29:18.520620" level="INFO">Text: 'coder\n\n29.11.2024 klo 12.46.48\n\nhello everybody!\nComments: 41'</msg>
<arg>${friend_latest_post}</arg>
<arg>contains</arg>
<arg>${friend_user}</arg>
<tag>Assertion</tag>
<tag>Getter</tag>
<tag>PageContent</tag>
<doc>Returns text attribute of the element found by ``selector``.</doc>
<status status="PASS" start="2024-12-12T14:29:18.509668" elapsed="0.010952"/>
</kw>
<kw name="Get Text" owner="Browser">
<msg time="2024-12-12T14:29:18.544561" level="INFO">Text: 'coder\n\n29.11.2024 klo 12.46.48\n\nhello everybody!\nComments: 41'</msg>
<arg>${friend_latest_post}</arg>
<arg>contains</arg>
<arg>hello everybody!</arg>
<tag>Assertion</tag>
<tag>Getter</tag>
<tag>PageContent</tag>
<doc>Returns text attribute of the element found by ``selector``.</doc>
<status status="PASS" start="2024-12-12T14:29:18.520620" elapsed="0.024449"/>
</kw>
<kw name="Get Element" owner="Browser">
<msg time="2024-12-12T14:29:18.554771" level="INFO">Locator found successfully.</msg>
<msg time="2024-12-12T14:29:18.554771" level="INFO">${friend_latest_post_comment_input} = xpath=//input[@class="jsx-2270411553 input ml-2"] &gt;&gt; nth=0</msg>
<var>${friend_latest_post_comment_input}</var>
<arg>xpath=//input[@class="jsx-2270411553 input ml-2"] &gt;&gt; nth=0</arg>
<tag>Getter</tag>
<tag>PageContent</tag>
<doc>Returns a reference to a Playwright [https://playwright.dev/docs/api/class-locator|Locator].</doc>
<status status="PASS" start="2024-12-12T14:29:18.545069" elapsed="0.009702"/>
</kw>
<kw name="Write And Send A Comment To Post">
<kw name="Fill Text" owner="Browser">
<msg time="2024-12-12T14:29:18.554771" level="INFO">Fills the text 'This is a comment.' in the given field.</msg>
<arg>${comment_input}</arg>
<arg>${comment}</arg>
<tag>PageContent</tag>
<tag>Setter</tag>
<doc>Clears and fills the given ``txt`` into the text field found by ``selector``.</doc>
<status status="PASS" start="2024-12-12T14:29:18.554771" elapsed="0.015205"/>
</kw>
<kw name="Press Keys" owner="Browser">
<arg>${comment_input}</arg>
<arg>Enter</arg>
<tag>PageContent</tag>
<tag>Setter</tag>
<doc>Types the given key combination into element found by ``selector``.</doc>
<status status="PASS" start="2024-12-12T14:29:18.569976" elapsed="0.023253"/>
</kw>
<arg>This is a comment.</arg>
<arg>${friend_latest_post_comment_input}</arg>
<status status="PASS" start="2024-12-12T14:29:18.554771" elapsed="0.038458"/>
</kw>
<kw name="Get Text" owner="Browser">
<msg time="2024-12-12T14:29:18.626331" level="INFO">Text: 'coder\n\n29.11.2024 klo 12.46.48\n\nhello everybody!\nLoad more comments...\nuser\n14.29.18\nThis is a comment.'</msg>
<arg>${friend_latest_post}</arg>
<arg>contains</arg>
<arg>This is a comment.</arg>
<tag>Assertion</tag>
<tag>Getter</tag>
<tag>PageContent</tag>
<doc>Returns text attribute of the element found by ``selector``.</doc>
<status status="PASS" start="2024-12-12T14:29:18.593229" elapsed="0.033102"/>
</kw>
<status status="PASS" start="2024-12-12T14:29:16.812273" elapsed="1.814058"/>
</test>
<test id="s1-s1-t11" name="Comment Your Own Post" line="153">
<kw name="Open Browser To Login Page" owner="common">
<kw name="New Browser" owner="Browser">
<msg time="2024-12-12T14:29:18.682979" level="INFO">Switching browser to browser=acdaaa68-264c-4aa3-8b85-b54ab84b85a7</msg>
<msg time="2024-12-12T14:29:18.682979" level="INFO">Successfully changed active browser: browser=acdaaa68-264c-4aa3-8b85-b54ab84b85a7</msg>
<msg time="2024-12-12T14:29:18.682979" level="INFO">Reusing existing browser with id: browser=acdaaa68-264c-4aa3-8b85-b54ab84b85a7</msg>
<tag>BrowserControl</tag>
<tag>Setter</tag>
<doc>Create a new playwright Browser with specified options.</doc>
<status status="PASS" start="2024-12-12T14:29:18.682979" elapsed="0.000000"/>
</kw>
<kw name="New Page" owner="Browser">
<msg time="2024-12-12T14:29:19.015910" level="INFO">Successfully initialized new page object and opened url: http://localhost</msg>
<msg time="2024-12-12T14:29:19.015910" level="INFO">No context was open. New context was automatically opened when this page is created.</msg>
<arg>${URL}</arg>
<tag>BrowserControl</tag>
<tag>Setter</tag>
<doc>Open a new Page.</doc>
<status status="PASS" start="2024-12-12T14:29:18.682979" elapsed="0.332931"/>
</kw>
<status status="PASS" start="2024-12-12T14:29:18.682979" elapsed="0.332931"/>
</kw>
<kw name="Do Successful Login">
<kw name="Enter Email Address" owner="common">
<kw name="Fill Text" owner="Browser">
<msg time="2024-12-12T14:29:19.015910" level="INFO">Fills the text 'user@example.com' in the given field.</msg>
<arg>xpath=//input[@name="loginEmail"]</arg>
<arg>${EMAIL}</arg>
<tag>PageContent</tag>
<tag>Setter</tag>
<doc>Clears and fills the given ``txt`` into the text field found by ``selector``.</doc>
<status status="PASS" start="2024-12-12T14:29:19.015910" elapsed="0.035570"/>
</kw>
<arg>${email}</arg>
<status status="PASS" start="2024-12-12T14:29:19.015910" elapsed="0.035570"/>
</kw>
<kw name="Enter Password" owner="common">
<kw name="Fill Text" owner="Browser">
<msg time="2024-12-12T14:29:19.056498" level="INFO">Fills the text 'string123' in the given field.</msg>
<arg>xpath=//input[@name="loginPassword"]</arg>
<arg>${PASSWORD}</arg>
<tag>PageContent</tag>
<tag>Setter</tag>
<doc>Clears and fills the given ``txt`` into the text field found by ``selector``.</doc>
<status status="PASS" start="2024-12-12T14:29:19.056498" elapsed="0.016536"/>
</kw>
<arg>${psw}</arg>
<status status="PASS" start="2024-12-12T14:29:19.051480" elapsed="0.021554"/>
</kw>
<kw name="Submit Login Form" owner="common">
<kw name="Click" owner="Browser">
<msg time="2024-12-12T14:29:19.073034" level="INFO">Clicks the element '//button[contains(text(), "Login")]'.</msg>
<arg>//button[contains(text(), "Login")]</arg>
<tag>PageContent</tag>
<tag>Setter</tag>
<doc>Simulates mouse click on the element found by ``selector``.</doc>
<status status="PASS" start="2024-12-12T14:29:19.073034" elapsed="0.080557"/>
</kw>
<status status="PASS" start="2024-12-12T14:29:19.073034" elapsed="0.081113"/>
</kw>
<arg>${EMAIL}</arg>
<arg>${PASSWORD}</arg>
<status status="PASS" start="2024-12-12T14:29:19.015910" elapsed="0.138835"/>
</kw>
<kw name="Get Element" owner="Browser">
<msg time="2024-12-12T14:29:20.037309" level="INFO">Locator found successfully.</msg>
<msg time="2024-12-12T14:29:20.037309" level="INFO">${latest_post} = xpath=//div[@class="mt-5"] &gt;&gt; nth=0</msg>
<var>${latest_post}</var>
<arg>xpath=//div[@class="mt-5"] &gt;&gt; nth=0</arg>
<tag>Getter</tag>
<tag>PageContent</tag>
<doc>Returns a reference to a Playwright [https://playwright.dev/docs/api/class-locator|Locator].</doc>
<status status="PASS" start="2024-12-12T14:29:19.155262" elapsed="0.882047"/>
</kw>
<kw name="Get Element" owner="Browser">
<msg time="2024-12-12T14:29:20.051853" level="INFO">Locator found successfully.</msg>
<msg time="2024-12-12T14:29:20.051853" level="INFO">${latest_post_comment_input} = xpath=//input[@class="jsx-2270411553 input ml-2"] &gt;&gt; nth=0</msg>
<var>${latest_post_comment_input}</var>
<arg>xpath=//input[@class="jsx-2270411553 input ml-2"] &gt;&gt; nth=0</arg>
<tag>Getter</tag>
<tag>PageContent</tag>
<doc>Returns a reference to a Playwright [https://playwright.dev/docs/api/class-locator|Locator].</doc>
<status status="PASS" start="2024-12-12T14:29:20.037309" elapsed="0.014544"/>
</kw>
<kw name="Write And Send A Comment To Post">
<kw name="Fill Text" owner="Browser">
<msg time="2024-12-12T14:29:20.053631" level="INFO">Fills the text 'This is a comment to my own post.' in the given field.</msg>
<arg>${comment_input}</arg>
<arg>${comment}</arg>
<tag>PageContent</tag>
<tag>Setter</tag>
<doc>Clears and fills the given ``txt`` into the text field found by ``selector``.</doc>
<status status="PASS" start="2024-12-12T14:29:20.053631" elapsed="0.032112"/>
</kw>
<kw name="Press Keys" owner="Browser">
<arg>${comment_input}</arg>
<arg>Enter</arg>
<tag>PageContent</tag>
<tag>Setter</tag>
<doc>Types the given key combination into element found by ``selector``.</doc>
<status status="PASS" start="2024-12-12T14:29:20.085743" elapsed="0.064977"/>
</kw>
<arg>This is a comment to my own post.</arg>
<arg>${latest_post_comment_input}</arg>
<status status="PASS" start="2024-12-12T14:29:20.053631" elapsed="0.097089"/>
</kw>
<kw name="Get Text" owner="Browser">
<msg time="2024-12-12T14:29:20.216194" level="INFO">Text: 'user\n\n12.12.2024 klo 14.29.13\n\nThis is for friends only.\nuser\n14.29.20\nThis is a comment to my own post.'</msg>
<arg>${latest_post}</arg>
<arg>contains</arg>
<arg>This is a comment to my own post.</arg>
<tag>Assertion</tag>
<tag>Getter</tag>
<tag>PageContent</tag>
<doc>Returns text attribute of the element found by ``selector``.</doc>
<status status="PASS" start="2024-12-12T14:29:20.158273" elapsed="0.057921"/>
</kw>
<status status="PASS" start="2024-12-12T14:29:18.682979" elapsed="1.533215"/>
</test>
<status status="PASS" start="2024-12-12T14:28:54.692279" elapsed="25.612101"/>
</suite>
<status status="PASS" start="2024-12-12T14:28:54.651817" elapsed="25.663538"/>
</suite>
<statistics>
<total>
<stat pass="11" fail="0" skip="0">All Tests</stat>
</total>
<tag>
</tag>
<suite>
<stat pass="11" fail="0" skip="0" id="s1" name="Tests">Tests</stat>
<stat pass="11" fail="0" skip="0" id="s1-s1" name="E2E Tests">Tests.E2E Tests</stat>
</suite>
</statistics>
<errors>
</errors>
</robot>
