<?xml version="1.0" encoding="UTF-8"?>
<robot generator="Robot 7.1.1 (Python 3.12.6 on win32)" generated="2024-12-19T10:39:28.956102" rpa="false" schemaversion="5">
<suite id="s1" name="E2E-Tests" source="C:\kurssit\bunnybook\e2e-tests">
<suite id="s1-s1" name="01 Register" source="C:\kurssit\bunnybook\e2e-tests\01_register.robot">
<test id="s1-s1-t1" name="Register User BunnyA" line="14">
<kw name="User Is Able To Generate An account" owner="common">
<kw name="Go To Account Creation" owner="common">
<kw name="Open Browser To Login Page" owner="common" type="SETUP">
<kw name="New Browser" owner="Browser">
<msg time="2024-12-19T10:39:29.637560" level="INFO">{"browser": "chromium", "headless": true, "chromiumSandbox": false, "devtools": false, "handleSIGHUP": true, "handleSIGINT": true, "handleSIGTERM": true, "slowMo": 0.0, "timeout": 30000.0, "tracesDir": "C:\\kurssit\\bunnybook\\e2e-tests\\results\\browser\\traces\\f78b0432-55b8-4e96-bd2f-cc61002e7112"}</msg>
<msg time="2024-12-19T10:39:32.078821" level="INFO">Starting Browser process C:\Users\lassi\AppData\Roaming\Python\Python312\site-packages\Browser\wrapper\index.js using port 51507</msg>
<msg time="2024-12-19T10:39:32.078821" level="INFO">Node startup parameters: ['node', 'C:\\Users\\lassi\\AppData\\Roaming\\Python\\Python312\\site-packages\\Browser\\wrapper\\index.js', '51507']</msg>
<msg time="2024-12-19T10:39:51.300301" level="INFO">Successfully created browser with options: {"browser":"chromium","headless":true,"chromiumSandbox":false,"devtools":false,"handleSIGHUP":true,"handleSIGINT":true,"handleSIGTERM":true,"slowMo":0,"timeout":30000,"tracesDir":"C:\\kurssit\\bunnybook\\e2e-tests\\results\\browser\\traces\\f78b0432-55b8-4e96-bd2f-cc61002e7112"}</msg>
<arg>headless=${TRUE}</arg>
<tag>BrowserControl</tag>
<tag>Setter</tag>
<doc>Create a new playwright Browser with specified options.</doc>
<status status="PASS" start="2024-12-19T10:39:29.637560" elapsed="21.662741"/>
</kw>
<kw name="New Page" owner="Browser">
<msg time="2024-12-19T10:39:52.571405" level="INFO">Successfully initialized new page object and opened url: http://localhost/login</msg>
<msg time="2024-12-19T10:39:52.571405" level="INFO">No context was open. New context was automatically opened when this page is created.</msg>
<arg>${LOGIN_URL}</arg>
<tag>BrowserControl</tag>
<tag>Setter</tag>
<doc>Open a new Page.</doc>
<status status="PASS" start="2024-12-19T10:39:51.303314" elapsed="1.268091"/>
</kw>
<status status="PASS" start="2024-12-19T10:39:29.637560" elapsed="22.933845"/>
</kw>
<kw name="Click" owner="Browser">
<msg time="2024-12-19T10:39:52.571405" level="INFO">Clicks the element 'xpath=//form//button[2]'.</msg>
<arg>xpath=//form//button[2]</arg>
<tag>PageContent</tag>
<tag>Setter</tag>
<doc>Simulates mouse click on the element found by ``selector``.</doc>
<status status="PASS" start="2024-12-19T10:39:52.571405" elapsed="0.178278"/>
</kw>
<kw name="Get Url" owner="Browser">
<arg>==</arg>
<arg>${REGISTER_URL}</arg>
<tag>Assertion</tag>
<tag>Getter</tag>
<tag>PageContent</tag>
<doc>Returns the current URL.</doc>
<status status="PASS" start="2024-12-19T10:39:52.749683" elapsed="0.007991"/>
</kw>
<status status="PASS" start="2024-12-19T10:39:29.637560" elapsed="23.120114"/>
</kw>
<kw name="Enter Email to Account Creation" owner="common">
<kw name="Fill Text" owner="Browser">
<msg time="2024-12-19T10:39:52.757674" level="INFO">Fills the text 'BunnyA@bunny.com' in the given field.</msg>
<arg>css=input[name="email"]</arg>
<arg>${email}</arg>
<tag>PageContent</tag>
<tag>Setter</tag>
<doc>Clears and fills the given ``txt`` into the text field found by ``selector``.</doc>
<status status="PASS" start="2024-12-19T10:39:52.757674" elapsed="0.052900"/>
</kw>
<arg>${email}</arg>
<status status="PASS" start="2024-12-19T10:39:52.757674" elapsed="0.052900"/>
</kw>
<kw name="Enter Username To Account Creation" owner="common">
<kw name="Fill Text" owner="Browser">
<msg time="2024-12-19T10:39:52.814751" level="INFO">Fills the text 'BunnyA' in the given field.</msg>
<arg>css=input[name="username"]</arg>
<arg>${username}</arg>
<tag>PageContent</tag>
<tag>Setter</tag>
<doc>Clears and fills the given ``txt`` into the text field found by ``selector``.</doc>
<status status="PASS" start="2024-12-19T10:39:52.813594" elapsed="0.031714"/>
</kw>
<arg>${username}</arg>
<status status="PASS" start="2024-12-19T10:39:52.810574" elapsed="0.034734"/>
</kw>
<kw name="Enter Password To Account Creation" owner="common">
<kw name="Fill Text" owner="Browser">
<msg time="2024-12-19T10:39:52.847653" level="INFO">Fills the text 'BunnyBookA' in the given field.</msg>
<arg>css=input[name="password"]</arg>
<arg>${password}</arg>
<tag>PageContent</tag>
<tag>Setter</tag>
<doc>Clears and fills the given ``txt`` into the text field found by ``selector``.</doc>
<status status="PASS" start="2024-12-19T10:39:52.846816" elapsed="0.024971"/>
</kw>
<arg>${password}</arg>
<status status="PASS" start="2024-12-19T10:39:52.845308" elapsed="0.026479"/>
</kw>
<kw name="Submit Account Creation Form" owner="common">
<kw name="Click" owner="Browser">
<msg time="2024-12-19T10:39:52.871787" level="INFO">Clicks the element 'xpath=//form//button[1]'.</msg>
<arg>xpath=//form//button[1]</arg>
<tag>PageContent</tag>
<tag>Setter</tag>
<doc>Simulates mouse click on the element found by ``selector``.</doc>
<status status="PASS" start="2024-12-19T10:39:52.871787" elapsed="0.073107"/>
</kw>
<status status="PASS" start="2024-12-19T10:39:52.871787" elapsed="0.073107"/>
</kw>
<kw name="Check registration status" owner="common">
<kw name="Get Url" owner="Browser">
<msg time="2024-12-19T10:39:52.951992" level="INFO">${current_url} = http://localhost/register</msg>
<var>${current_url}</var>
<tag>Assertion</tag>
<tag>Getter</tag>
<tag>PageContent</tag>
<doc>Returns the current URL.</doc>
<status status="PASS" start="2024-12-19T10:39:52.944894" elapsed="0.007098"/>
</kw>
<kw name="Run Keyword If" owner="BuiltIn">
<arg>'${current_url}' == '${LOGIN_URL}'</arg>
<arg>Log</arg>
<arg>Successfully redirected to login page.</arg>
<doc>Runs the given keyword with the given arguments, if ``condition`` is true.</doc>
<status status="PASS" start="2024-12-19T10:39:52.951992" elapsed="0.000000"/>
</kw>
<kw name="Run Keyword If" owner="BuiltIn">
<kw name="Handle Non-Login URL" owner="common">
<kw name="Run Keyword And Ignore Error" owner="BuiltIn">
<kw name="Get Text" owner="Browser">
<msg time="2024-12-19T10:39:54.018034" level="INFO">Text: 'Log inSign up\nGenerate new avatar\nEmail\nUsername\nPassword\n\n\nRegister\nAlready have an account? Sign In'</msg>
<msg time="2024-12-19T10:39:54.554051" level="INFO" html="true">&lt;/td&gt;&lt;/tr&gt;&lt;tr&gt;&lt;td colspan="3"&gt;&lt;a href="browser/screenshot/fail-screenshot-1.png" target="_blank"&gt;&lt;img src="browser/screenshot/fail-screenshot-1.png" width="800px"/&gt;&lt;/a&gt;</msg>
<msg time="2024-12-19T10:39:54.554051" level="INFO">See also file:///C:/kurssit/bunnybook/e2e-tests/results/playwright-log.txt for additional details.</msg>
<msg time="2024-12-19T10:39:54.554051" level="FAIL">Text 'Log inSign up\nGenerate new avatar\nEmail\nUsername\nPassword\n\n\nRegister\nAlready have an account? Sign In' (str) should contain 'email already taken' (str)</msg>
<arg>body</arg>
<arg>contains</arg>
<arg>email already taken</arg>
<tag>Assertion</tag>
<tag>Getter</tag>
<tag>PageContent</tag>
<doc>Returns text attribute of the element found by ``selector``.</doc>
<status status="FAIL" start="2024-12-19T10:39:52.951992" elapsed="1.766633">Text 'Log inSign up\nGenerate new avatar\nEmail\nUsername\nPassword\n\n\nRegister\nAlready have an account? Sign In' (str) should contain 'email already taken' (str)</status>
</kw>
<arg>Get Text</arg>
<arg>body</arg>
<arg>contains</arg>
<arg>email already taken</arg>
<doc>Runs the given keyword with the given arguments and ignores possible error.</doc>
<status status="PASS" start="2024-12-19T10:39:52.951992" elapsed="1.766633"/>
</kw>
<kw name="Run Keyword And Ignore Error" owner="BuiltIn">
<kw name="Get Text" owner="Browser">
<msg time="2024-12-19T10:39:55.760074" level="INFO">Text: 'Log inSign up\nGenerate new avatar\nEmail\nUsername\nPassword\n\n\nRegister\nAlready have an account? Sign In'</msg>
<msg time="2024-12-19T10:39:55.890575" level="INFO" html="true">&lt;/td&gt;&lt;/tr&gt;&lt;tr&gt;&lt;td colspan="3"&gt;&lt;a href="browser/screenshot/fail-screenshot-2.png" target="_blank"&gt;&lt;img src="browser/screenshot/fail-screenshot-2.png" width="800px"/&gt;&lt;/a&gt;</msg>
<msg time="2024-12-19T10:39:55.890575" level="INFO">See also file:///C:/kurssit/bunnybook/e2e-tests/results/playwright-log.txt for additional details.</msg>
<msg time="2024-12-19T10:39:55.890575" level="FAIL">Text 'Log inSign up\nGenerate new avatar\nEmail\nUsername\nPassword\n\n\nRegister\nAlready have an account? Sign In' (str) should contain 'username already taken' (str)</msg>
<arg>body</arg>
<arg>contains</arg>
<arg>username already taken</arg>
<tag>Assertion</tag>
<tag>Getter</tag>
<tag>PageContent</tag>
<doc>Returns text attribute of the element found by ``selector``.</doc>
<status status="FAIL" start="2024-12-19T10:39:54.718625" elapsed="1.171950">Text 'Log inSign up\nGenerate new avatar\nEmail\nUsername\nPassword\n\n\nRegister\nAlready have an account? Sign In' (str) should contain 'username already taken' (str)</status>
</kw>
<arg>Get Text</arg>
<arg>body</arg>
<arg>contains</arg>
<arg>username already taken</arg>
<doc>Runs the given keyword with the given arguments and ignores possible error.</doc>
<status status="PASS" start="2024-12-19T10:39:54.718625" elapsed="1.171950"/>
</kw>
<kw name="Run Keyword And Return Status" owner="BuiltIn">
<kw name="Get Text" owner="Browser">
<msg time="2024-12-19T10:39:56.934564" level="INFO">Text: 'Log inSign up\nGenerate new avatar\nEmail\nUsername\nPassword\n\n\nRegister\nAlready have an account? Sign In'</msg>
<msg time="2024-12-19T10:39:57.054416" level="INFO" html="true">&lt;/td&gt;&lt;/tr&gt;&lt;tr&gt;&lt;td colspan="3"&gt;&lt;a href="browser/screenshot/fail-screenshot-3.png" target="_blank"&gt;&lt;img src="browser/screenshot/fail-screenshot-3.png" width="800px"/&gt;&lt;/a&gt;</msg>
<msg time="2024-12-19T10:39:57.054416" level="INFO">See also file:///C:/kurssit/bunnybook/e2e-tests/results/playwright-log.txt for additional details.</msg>
<msg time="2024-12-19T10:39:57.054416" level="FAIL">Text 'Log inSign up\nGenerate new avatar\nEmail\nUsername\nPassword\n\n\nRegister\nAlready have an account? Sign In' (str) should contain 'email already taken' (str)</msg>
<arg>body</arg>
<arg>contains</arg>
<arg>email already taken</arg>
<tag>Assertion</tag>
<tag>Getter</tag>
<tag>PageContent</tag>
<doc>Returns text attribute of the element found by ``selector``.</doc>
<status status="FAIL" start="2024-12-19T10:39:55.890575" elapsed="1.165347">Text 'Log inSign up\nGenerate new avatar\nEmail\nUsername\nPassword\n\n\nRegister\nAlready have an account? Sign In' (str) should contain 'email already taken' (str)</status>
</kw>
<msg time="2024-12-19T10:39:57.055922" level="INFO">${result_email} = False</msg>
<var>${result_email}</var>
<arg>Get Text</arg>
<arg>body</arg>
<arg>contains</arg>
<arg>email already taken</arg>
<doc>Runs the given keyword with given arguments and returns the status as a Boolean value.</doc>
<status status="PASS" start="2024-12-19T10:39:55.890575" elapsed="1.165347"/>
</kw>
<kw name="Run Keyword And Return Status" owner="BuiltIn">
<kw name="Get Text" owner="Browser">
<msg time="2024-12-19T10:39:58.096761" level="INFO">Text: "Log inSign up\nEmail\nPassword\n\n\nLogin\nDon't have an account? Sign Up"</msg>
<msg time="2024-12-19T10:39:58.191779" level="INFO" html="true">&lt;/td&gt;&lt;/tr&gt;&lt;tr&gt;&lt;td colspan="3"&gt;&lt;a href="browser/screenshot/fail-screenshot-4.png" target="_blank"&gt;&lt;img src="browser/screenshot/fail-screenshot-4.png" width="800px"/&gt;&lt;/a&gt;</msg>
<msg time="2024-12-19T10:39:58.191779" level="INFO">See also file:///C:/kurssit/bunnybook/e2e-tests/results/playwright-log.txt for additional details.</msg>
<msg time="2024-12-19T10:39:58.191779" level="FAIL">Text "Log inSign up\nEmail\nPassword\n\n\nLogin\nDon't have an account? Sign Up" (str) should contain 'username already taken' (str)</msg>
<arg>body</arg>
<arg>contains</arg>
<arg>username already taken</arg>
<tag>Assertion</tag>
<tag>Getter</tag>
<tag>PageContent</tag>
<doc>Returns text attribute of the element found by ``selector``.</doc>
<status status="FAIL" start="2024-12-19T10:39:57.055922" elapsed="1.137087">Text "Log inSign up\nEmail\nPassword\n\n\nLogin\nDon't have an account? Sign Up" (str) should contain 'username already taken' (str)</status>
</kw>
<msg time="2024-12-19T10:39:58.193009" level="INFO">${result_username} = False</msg>
<var>${result_username}</var>
<arg>Get Text</arg>
<arg>body</arg>
<arg>contains</arg>
<arg>username already taken</arg>
<doc>Runs the given keyword with given arguments and returns the status as a Boolean value.</doc>
<status status="PASS" start="2024-12-19T10:39:57.055922" elapsed="1.137087"/>
</kw>
<kw name="Run Keyword If" owner="BuiltIn">
<arg>'${result_email}' == 'PASS'</arg>
<arg>Log</arg>
<arg>Account already exists with email. Test passed.</arg>
<doc>Runs the given keyword with the given arguments, if ``condition`` is true.</doc>
<status status="PASS" start="2024-12-19T10:39:58.193009" elapsed="0.000000"/>
</kw>
<kw name="Run Keyword If" owner="BuiltIn">
<arg>'${result_username}' == 'PASS'</arg>
<arg>Log</arg>
<arg>Account already exists with username. Test passed.</arg>
<doc>Runs the given keyword with the given arguments, if ``condition`` is true.</doc>
<status status="PASS" start="2024-12-19T10:39:58.193009" elapsed="0.000000"/>
</kw>
<kw name="Run Keyword If" owner="BuiltIn">
<arg>'${result_email}' == 'FAIL' and '${result_username}' == 'FAIL'</arg>
<arg>Fail</arg>
<arg>Account creation failed, and neither email nor username is already taken.</arg>
<doc>Runs the given keyword with the given arguments, if ``condition`` is true.</doc>
<status status="PASS" start="2024-12-19T10:39:58.193009" elapsed="0.000000"/>
</kw>
<status status="PASS" start="2024-12-19T10:39:52.951992" elapsed="5.241017"/>
</kw>
<arg>'${current_url}' != '${LOGIN_URL}'</arg>
<arg>Handle Non-Login URL</arg>
<doc>Runs the given keyword with the given arguments, if ``condition`` is true.</doc>
<status status="PASS" start="2024-12-19T10:39:52.951992" elapsed="5.241017"/>
</kw>
<status status="PASS" start="2024-12-19T10:39:52.944894" elapsed="5.248115"/>
</kw>
<arg>${A_EMAIL}</arg>
<arg>${A_USERNAME}</arg>
<arg>${A_PASSWORD}</arg>
<status status="PASS" start="2024-12-19T10:39:29.637560" elapsed="28.555449"/>
</kw>
<tag>basics</tag>
<status status="PASS" start="2024-12-19T10:39:29.631537" elapsed="28.561472"/>
</test>
<test id="s1-s1-t2" name="Register User BunnyB" line="18">
<kw name="User Is Able To Generate An account" owner="common">
<kw name="Go To Account Creation" owner="common">
<kw name="Open Browser To Login Page" owner="common" type="SETUP">
<kw name="New Browser" owner="Browser">
<msg time="2024-12-19T10:39:58.276754" level="INFO">Switching browser to browser=802390f1-6dfe-4a03-9e55-abfc7266521a</msg>
<msg time="2024-12-19T10:39:58.276754" level="INFO">Successfully changed active browser: browser=802390f1-6dfe-4a03-9e55-abfc7266521a</msg>
<msg time="2024-12-19T10:39:58.276754" level="INFO">Reusing existing browser with id: browser=802390f1-6dfe-4a03-9e55-abfc7266521a</msg>
<arg>headless=${TRUE}</arg>
<tag>BrowserControl</tag>
<tag>Setter</tag>
<doc>Create a new playwright Browser with specified options.</doc>
<status status="PASS" start="2024-12-19T10:39:58.276754" elapsed="0.000000"/>
</kw>
<kw name="New Page" owner="Browser">
<msg time="2024-12-19T10:39:58.911562" level="INFO">Successfully initialized new page object and opened url: http://localhost/login</msg>
<msg time="2024-12-19T10:39:58.911562" level="INFO">No context was open. New context was automatically opened when this page is created.</msg>
<arg>${LOGIN_URL}</arg>
<tag>BrowserControl</tag>
<tag>Setter</tag>
<doc>Open a new Page.</doc>
<status status="PASS" start="2024-12-19T10:39:58.282409" elapsed="0.629153"/>
</kw>
<status status="PASS" start="2024-12-19T10:39:58.276754" elapsed="0.634808"/>
</kw>
<kw name="Click" owner="Browser">
<msg time="2024-12-19T10:39:58.911562" level="INFO">Clicks the element 'xpath=//form//button[2]'.</msg>
<arg>xpath=//form//button[2]</arg>
<tag>PageContent</tag>
<tag>Setter</tag>
<doc>Simulates mouse click on the element found by ``selector``.</doc>
<status status="PASS" start="2024-12-19T10:39:58.911562" elapsed="0.108790"/>
</kw>
<kw name="Get Url" owner="Browser">
<arg>==</arg>
<arg>${REGISTER_URL}</arg>
<tag>Assertion</tag>
<tag>Getter</tag>
<tag>PageContent</tag>
<doc>Returns the current URL.</doc>
<status status="PASS" start="2024-12-19T10:39:59.020352" elapsed="0.000000"/>
</kw>
<status status="PASS" start="2024-12-19T10:39:58.276754" elapsed="0.749110"/>
</kw>
<kw name="Enter Email to Account Creation" owner="common">
<kw name="Fill Text" owner="Browser">
<msg time="2024-12-19T10:39:59.025864" level="INFO">Fills the text 'BunnyB@bunny.com' in the given field.</msg>
<arg>css=input[name="email"]</arg>
<arg>${email}</arg>
<tag>PageContent</tag>
<tag>Setter</tag>
<doc>Clears and fills the given ``txt`` into the text field found by ``selector``.</doc>
<status status="PASS" start="2024-12-19T10:39:59.025864" elapsed="0.030126"/>
</kw>
<arg>${email}</arg>
<status status="PASS" start="2024-12-19T10:39:59.025864" elapsed="0.030126"/>
</kw>
<kw name="Enter Username To Account Creation" owner="common">
<kw name="Fill Text" owner="Browser">
<msg time="2024-12-19T10:39:59.055990" level="INFO">Fills the text 'BunnyB' in the given field.</msg>
<arg>css=input[name="username"]</arg>
<arg>${username}</arg>
<tag>PageContent</tag>
<tag>Setter</tag>
<doc>Clears and fills the given ``txt`` into the text field found by ``selector``.</doc>
<status status="PASS" start="2024-12-19T10:39:59.055990" elapsed="0.021471"/>
</kw>
<arg>${username}</arg>
<status status="PASS" start="2024-12-19T10:39:59.055990" elapsed="0.021471"/>
</kw>
<kw name="Enter Password To Account Creation" owner="common">
<kw name="Fill Text" owner="Browser">
<msg time="2024-12-19T10:39:59.082405" level="INFO">Fills the text 'BunnyBookB' in the given field.</msg>
<arg>css=input[name="password"]</arg>
<arg>${password}</arg>
<tag>PageContent</tag>
<tag>Setter</tag>
<doc>Clears and fills the given ``txt`` into the text field found by ``selector``.</doc>
<status status="PASS" start="2024-12-19T10:39:59.081250" elapsed="0.036556"/>
</kw>
<arg>${password}</arg>
<status status="PASS" start="2024-12-19T10:39:59.077461" elapsed="0.040345"/>
</kw>
<kw name="Submit Account Creation Form" owner="common">
<kw name="Click" owner="Browser">
<msg time="2024-12-19T10:39:59.117806" level="INFO">Clicks the element 'xpath=//form//button[1]'.</msg>
<arg>xpath=//form//button[1]</arg>
<tag>PageContent</tag>
<tag>Setter</tag>
<doc>Simulates mouse click on the element found by ``selector``.</doc>
<status status="PASS" start="2024-12-19T10:39:59.117806" elapsed="0.037519"/>
</kw>
<status status="PASS" start="2024-12-19T10:39:59.117806" elapsed="0.037519"/>
</kw>
<kw name="Check registration status" owner="common">
<kw name="Get Url" owner="Browser">
<msg time="2024-12-19T10:39:59.163479" level="INFO">${current_url} = http://localhost/register</msg>
<var>${current_url}</var>
<tag>Assertion</tag>
<tag>Getter</tag>
<tag>PageContent</tag>
<doc>Returns the current URL.</doc>
<status status="PASS" start="2024-12-19T10:39:59.160469" elapsed="0.004621"/>
</kw>
<kw name="Run Keyword If" owner="BuiltIn">
<arg>'${current_url}' == '${LOGIN_URL}'</arg>
<arg>Log</arg>
<arg>Successfully redirected to login page.</arg>
<doc>Runs the given keyword with the given arguments, if ``condition`` is true.</doc>
<status status="PASS" start="2024-12-19T10:39:59.165090" elapsed="0.000549"/>
</kw>
<kw name="Run Keyword If" owner="BuiltIn">
<kw name="Handle Non-Login URL" owner="common">
<kw name="Run Keyword And Ignore Error" owner="BuiltIn">
<kw name="Get Text" owner="Browser">
<msg time="2024-12-19T10:40:00.229569" level="INFO">Text: "Log inSign up\nEmail\nPassword\n\n\nLogin\nDon't have an account? Sign Up"</msg>
<msg time="2024-12-19T10:40:00.412025" level="INFO" html="true">&lt;/td&gt;&lt;/tr&gt;&lt;tr&gt;&lt;td colspan="3"&gt;&lt;a href="browser/screenshot/fail-screenshot-5.png" target="_blank"&gt;&lt;img src="browser/screenshot/fail-screenshot-5.png" width="800px"/&gt;&lt;/a&gt;</msg>
<msg time="2024-12-19T10:40:00.412025" level="INFO">See also file:///C:/kurssit/bunnybook/e2e-tests/results/playwright-log.txt for additional details.</msg>
<msg time="2024-12-19T10:40:00.413512" level="FAIL">Text "Log inSign up\nEmail\nPassword\n\n\nLogin\nDon't have an account? Sign Up" (str) should contain 'email already taken' (str)</msg>
<arg>body</arg>
<arg>contains</arg>
<arg>email already taken</arg>
<tag>Assertion</tag>
<tag>Getter</tag>
<tag>PageContent</tag>
<doc>Returns text attribute of the element found by ``selector``.</doc>
<status status="FAIL" start="2024-12-19T10:39:59.166730" elapsed="1.247644">Text "Log inSign up\nEmail\nPassword\n\n\nLogin\nDon't have an account? Sign Up" (str) should contain 'email already taken' (str)</status>
</kw>
<arg>Get Text</arg>
<arg>body</arg>
<arg>contains</arg>
<arg>email already taken</arg>
<doc>Runs the given keyword with the given arguments and ignores possible error.</doc>
<status status="PASS" start="2024-12-19T10:39:59.166730" elapsed="1.247644"/>
</kw>
<kw name="Run Keyword And Ignore Error" owner="BuiltIn">
<kw name="Get Text" owner="Browser">
<msg time="2024-12-19T10:40:01.470680" level="INFO">Text: "Log inSign up\nEmail\nPassword\n\n\nLogin\nDon't have an account? Sign Up"</msg>
<msg time="2024-12-19T10:40:01.626235" level="INFO" html="true">&lt;/td&gt;&lt;/tr&gt;&lt;tr&gt;&lt;td colspan="3"&gt;&lt;a href="browser/screenshot/fail-screenshot-6.png" target="_blank"&gt;&lt;img src="browser/screenshot/fail-screenshot-6.png" width="800px"/&gt;&lt;/a&gt;</msg>
<msg time="2024-12-19T10:40:01.626235" level="INFO">See also file:///C:/kurssit/bunnybook/e2e-tests/results/playwright-log.txt for additional details.</msg>
<msg time="2024-12-19T10:40:01.626235" level="FAIL">Text "Log inSign up\nEmail\nPassword\n\n\nLogin\nDon't have an account? Sign Up" (str) should contain 'username already taken' (str)</msg>
<arg>body</arg>
<arg>contains</arg>
<arg>username already taken</arg>
<tag>Assertion</tag>
<tag>Getter</tag>
<tag>PageContent</tag>
<doc>Returns text attribute of the element found by ``selector``.</doc>
<status status="FAIL" start="2024-12-19T10:40:00.416594" elapsed="1.209641">Text "Log inSign up\nEmail\nPassword\n\n\nLogin\nDon't have an account? Sign Up" (str) should contain 'username already taken' (str)</status>
</kw>
<arg>Get Text</arg>
<arg>body</arg>
<arg>contains</arg>
<arg>username already taken</arg>
<doc>Runs the given keyword with the given arguments and ignores possible error.</doc>
<status status="PASS" start="2024-12-19T10:40:00.416387" elapsed="1.209848"/>
</kw>
<kw name="Run Keyword And Return Status" owner="BuiltIn">
<kw name="Get Text" owner="Browser">
<msg time="2024-12-19T10:40:02.682548" level="INFO">Text: "Log inSign up\nEmail\nPassword\n\n\nLogin\nDon't have an account? Sign Up"</msg>
<msg time="2024-12-19T10:40:02.809043" level="INFO" html="true">&lt;/td&gt;&lt;/tr&gt;&lt;tr&gt;&lt;td colspan="3"&gt;&lt;a href="browser/screenshot/fail-screenshot-7.png" target="_blank"&gt;&lt;img src="browser/screenshot/fail-screenshot-7.png" width="800px"/&gt;&lt;/a&gt;</msg>
<msg time="2024-12-19T10:40:02.809043" level="INFO">See also file:///C:/kurssit/bunnybook/e2e-tests/results/playwright-log.txt for additional details.</msg>
<msg time="2024-12-19T10:40:02.809043" level="FAIL">Text "Log inSign up\nEmail\nPassword\n\n\nLogin\nDon't have an account? Sign Up" (str) should contain 'email already taken' (str)</msg>
<arg>body</arg>
<arg>contains</arg>
<arg>email already taken</arg>
<tag>Assertion</tag>
<tag>Getter</tag>
<tag>PageContent</tag>
<doc>Returns text attribute of the element found by ``selector``.</doc>
<status status="FAIL" start="2024-12-19T10:40:01.626235" elapsed="1.182808">Text "Log inSign up\nEmail\nPassword\n\n\nLogin\nDon't have an account? Sign Up" (str) should contain 'email already taken' (str)</status>
</kw>
<msg time="2024-12-19T10:40:02.809043" level="INFO">${result_email} = False</msg>
<var>${result_email}</var>
<arg>Get Text</arg>
<arg>body</arg>
<arg>contains</arg>
<arg>email already taken</arg>
<doc>Runs the given keyword with given arguments and returns the status as a Boolean value.</doc>
<status status="PASS" start="2024-12-19T10:40:01.626235" elapsed="1.182808"/>
</kw>
<kw name="Run Keyword And Return Status" owner="BuiltIn">
<kw name="Get Text" owner="Browser">
<msg time="2024-12-19T10:40:03.832967" level="INFO">Text: "Log inSign up\nEmail\nPassword\n\n\nLogin\nDon't have an account? Sign Up"</msg>
<msg time="2024-12-19T10:40:04.034184" level="INFO" html="true">&lt;/td&gt;&lt;/tr&gt;&lt;tr&gt;&lt;td colspan="3"&gt;&lt;a href="browser/screenshot/fail-screenshot-8.png" target="_blank"&gt;&lt;img src="browser/screenshot/fail-screenshot-8.png" width="800px"/&gt;&lt;/a&gt;</msg>
<msg time="2024-12-19T10:40:04.034184" level="INFO">See also file:///C:/kurssit/bunnybook/e2e-tests/results/playwright-log.txt for additional details.</msg>
<msg time="2024-12-19T10:40:04.034184" level="FAIL">Text "Log inSign up\nEmail\nPassword\n\n\nLogin\nDon't have an account? Sign Up" (str) should contain 'username already taken' (str)</msg>
<arg>body</arg>
<arg>contains</arg>
<arg>username already taken</arg>
<tag>Assertion</tag>
<tag>Getter</tag>
<tag>PageContent</tag>
<doc>Returns text attribute of the element found by ``selector``.</doc>
<status status="FAIL" start="2024-12-19T10:40:02.809043" elapsed="1.225141">Text "Log inSign up\nEmail\nPassword\n\n\nLogin\nDon't have an account? Sign Up" (str) should contain 'username already taken' (str)</status>
</kw>
<msg time="2024-12-19T10:40:04.034184" level="INFO">${result_username} = False</msg>
<var>${result_username}</var>
<arg>Get Text</arg>
<arg>body</arg>
<arg>contains</arg>
<arg>username already taken</arg>
<doc>Runs the given keyword with given arguments and returns the status as a Boolean value.</doc>
<status status="PASS" start="2024-12-19T10:40:02.809043" elapsed="1.225141"/>
</kw>
<kw name="Run Keyword If" owner="BuiltIn">
<arg>'${result_email}' == 'PASS'</arg>
<arg>Log</arg>
<arg>Account already exists with email. Test passed.</arg>
<doc>Runs the given keyword with the given arguments, if ``condition`` is true.</doc>
<status status="PASS" start="2024-12-19T10:40:04.034184" elapsed="0.000000"/>
</kw>
<kw name="Run Keyword If" owner="BuiltIn">
<arg>'${result_username}' == 'PASS'</arg>
<arg>Log</arg>
<arg>Account already exists with username. Test passed.</arg>
<doc>Runs the given keyword with the given arguments, if ``condition`` is true.</doc>
<status status="PASS" start="2024-12-19T10:40:04.034184" elapsed="0.000000"/>
</kw>
<kw name="Run Keyword If" owner="BuiltIn">
<arg>'${result_email}' == 'FAIL' and '${result_username}' == 'FAIL'</arg>
<arg>Fail</arg>
<arg>Account creation failed, and neither email nor username is already taken.</arg>
<doc>Runs the given keyword with the given arguments, if ``condition`` is true.</doc>
<status status="PASS" start="2024-12-19T10:40:04.037191" elapsed="0.000000"/>
</kw>
<status status="PASS" start="2024-12-19T10:39:59.166730" elapsed="4.870461"/>
</kw>
<arg>'${current_url}' != '${LOGIN_URL}'</arg>
<arg>Handle Non-Login URL</arg>
<doc>Runs the given keyword with the given arguments, if ``condition`` is true.</doc>
<status status="PASS" start="2024-12-19T10:39:59.166147" elapsed="4.871044"/>
</kw>
<status status="PASS" start="2024-12-19T10:39:59.160469" elapsed="4.876722"/>
</kw>
<arg>${B_EMAIL}</arg>
<arg>${B_USERNAME}</arg>
<arg>${B_PASSWORD}</arg>
<status status="PASS" start="2024-12-19T10:39:58.276754" elapsed="5.760437"/>
</kw>
<tag>basics</tag>
<status status="PASS" start="2024-12-19T10:39:58.272304" elapsed="5.764887"/>
</test>
<test id="s1-s1-t3" name="Register User BunnyC" line="22">
<kw name="User Is Able To Generate An account" owner="common">
<kw name="Go To Account Creation" owner="common">
<kw name="Open Browser To Login Page" owner="common" type="SETUP">
<kw name="New Browser" owner="Browser">
<msg time="2024-12-19T10:40:04.114037" level="INFO">Switching browser to browser=802390f1-6dfe-4a03-9e55-abfc7266521a</msg>
<msg time="2024-12-19T10:40:04.116611" level="INFO">Successfully changed active browser: browser=802390f1-6dfe-4a03-9e55-abfc7266521a</msg>
<msg time="2024-12-19T10:40:04.116611" level="INFO">Reusing existing browser with id: browser=802390f1-6dfe-4a03-9e55-abfc7266521a</msg>
<arg>headless=${TRUE}</arg>
<tag>BrowserControl</tag>
<tag>Setter</tag>
<doc>Create a new playwright Browser with specified options.</doc>
<status status="PASS" start="2024-12-19T10:40:04.114037" elapsed="0.002574"/>
</kw>
<kw name="New Page" owner="Browser">
<msg time="2024-12-19T10:40:04.513006" level="INFO">Successfully initialized new page object and opened url: http://localhost/login</msg>
<msg time="2024-12-19T10:40:04.513006" level="INFO">No context was open. New context was automatically opened when this page is created.</msg>
<arg>${LOGIN_URL}</arg>
<tag>BrowserControl</tag>
<tag>Setter</tag>
<doc>Open a new Page.</doc>
<status status="PASS" start="2024-12-19T10:40:04.116611" elapsed="0.396395"/>
</kw>
<status status="PASS" start="2024-12-19T10:40:04.114037" elapsed="0.406981"/>
</kw>
<kw name="Click" owner="Browser">
<msg time="2024-12-19T10:40:04.521018" level="INFO">Clicks the element 'xpath=//form//button[2]'.</msg>
<arg>xpath=//form//button[2]</arg>
<tag>PageContent</tag>
<tag>Setter</tag>
<doc>Simulates mouse click on the element found by ``selector``.</doc>
<status status="PASS" start="2024-12-19T10:40:04.521018" elapsed="0.103753"/>
</kw>
<kw name="Get Url" owner="Browser">
<arg>==</arg>
<arg>${REGISTER_URL}</arg>
<tag>Assertion</tag>
<tag>Getter</tag>
<tag>PageContent</tag>
<doc>Returns the current URL.</doc>
<status status="PASS" start="2024-12-19T10:40:04.624771" elapsed="0.004015"/>
</kw>
<status status="PASS" start="2024-12-19T10:40:04.113100" elapsed="0.516192"/>
</kw>
<kw name="Enter Email to Account Creation" owner="common">
<kw name="Fill Text" owner="Browser">
<msg time="2024-12-19T10:40:04.630674" level="INFO">Fills the text 'BunnyC@bunny.com' in the given field.</msg>
<arg>css=input[name="email"]</arg>
<arg>${email}</arg>
<tag>PageContent</tag>
<tag>Setter</tag>
<doc>Clears and fills the given ``txt`` into the text field found by ``selector``.</doc>
<status status="PASS" start="2024-12-19T10:40:04.629938" elapsed="0.020766"/>
</kw>
<arg>${email}</arg>
<status status="PASS" start="2024-12-19T10:40:04.629292" elapsed="0.021412"/>
</kw>
<kw name="Enter Username To Account Creation" owner="common">
<kw name="Fill Text" owner="Browser">
<msg time="2024-12-19T10:40:04.658753" level="INFO">Fills the text 'BunnyC' in the given field.</msg>
<arg>css=input[name="username"]</arg>
<arg>${username}</arg>
<tag>PageContent</tag>
<tag>Setter</tag>
<doc>Clears and fills the given ``txt`` into the text field found by ``selector``.</doc>
<status status="PASS" start="2024-12-19T10:40:04.650704" elapsed="0.024538"/>
</kw>
<arg>${username}</arg>
<status status="PASS" start="2024-12-19T10:40:04.650704" elapsed="0.024538"/>
</kw>
<kw name="Enter Password To Account Creation" owner="common">
<kw name="Fill Text" owner="Browser">
<msg time="2024-12-19T10:40:04.675242" level="INFO">Fills the text 'BunnyBookC' in the given field.</msg>
<arg>css=input[name="password"]</arg>
<arg>${password}</arg>
<tag>PageContent</tag>
<tag>Setter</tag>
<doc>Clears and fills the given ``txt`` into the text field found by ``selector``.</doc>
<status status="PASS" start="2024-12-19T10:40:04.675242" elapsed="0.019188"/>
</kw>
<arg>${password}</arg>
<status status="PASS" start="2024-12-19T10:40:04.675242" elapsed="0.019188"/>
</kw>
<kw name="Submit Account Creation Form" owner="common">
<kw name="Click" owner="Browser">
<msg time="2024-12-19T10:40:04.699467" level="INFO">Clicks the element 'xpath=//form//button[1]'.</msg>
<arg>xpath=//form//button[1]</arg>
<tag>PageContent</tag>
<tag>Setter</tag>
<doc>Simulates mouse click on the element found by ``selector``.</doc>
<status status="PASS" start="2024-12-19T10:40:04.694430" elapsed="0.054405"/>
</kw>
<status status="PASS" start="2024-12-19T10:40:04.694430" elapsed="0.054405"/>
</kw>
<kw name="Check registration status" owner="common">
<kw name="Get Url" owner="Browser">
<msg time="2024-12-19T10:40:04.757518" level="INFO">${current_url} = http://localhost/register</msg>
<var>${current_url}</var>
<tag>Assertion</tag>
<tag>Getter</tag>
<tag>PageContent</tag>
<doc>Returns the current URL.</doc>
<status status="PASS" start="2024-12-19T10:40:04.757001" elapsed="0.000517"/>
</kw>
<kw name="Run Keyword If" owner="BuiltIn">
<arg>'${current_url}' == '${LOGIN_URL}'</arg>
<arg>Log</arg>
<arg>Successfully redirected to login page.</arg>
<doc>Runs the given keyword with the given arguments, if ``condition`` is true.</doc>
<status status="PASS" start="2024-12-19T10:40:04.761057" elapsed="0.000519"/>
</kw>
<kw name="Run Keyword If" owner="BuiltIn">
<kw name="Handle Non-Login URL" owner="common">
<kw name="Run Keyword And Ignore Error" owner="BuiltIn">
<kw name="Get Text" owner="Browser">
<msg time="2024-12-19T10:40:05.827389" level="INFO">Text: "Log inSign up\nEmail\nPassword\n\n\nLogin\nDon't have an account? Sign Up"</msg>
<msg time="2024-12-19T10:40:05.966044" level="INFO" html="true">&lt;/td&gt;&lt;/tr&gt;&lt;tr&gt;&lt;td colspan="3"&gt;&lt;a href="browser/screenshot/fail-screenshot-9.png" target="_blank"&gt;&lt;img src="browser/screenshot/fail-screenshot-9.png" width="800px"/&gt;&lt;/a&gt;</msg>
<msg time="2024-12-19T10:40:05.966044" level="INFO">See also file:///C:/kurssit/bunnybook/e2e-tests/results/playwright-log.txt for additional details.</msg>
<msg time="2024-12-19T10:40:05.966044" level="FAIL">Text "Log inSign up\nEmail\nPassword\n\n\nLogin\nDon't have an account? Sign Up" (str) should contain 'email already taken' (str)</msg>
<arg>body</arg>
<arg>contains</arg>
<arg>email already taken</arg>
<tag>Assertion</tag>
<tag>Getter</tag>
<tag>PageContent</tag>
<doc>Returns text attribute of the element found by ``selector``.</doc>
<status status="FAIL" start="2024-12-19T10:40:04.761576" elapsed="1.204468">Text "Log inSign up\nEmail\nPassword\n\n\nLogin\nDon't have an account? Sign Up" (str) should contain 'email already taken' (str)</status>
</kw>
<arg>Get Text</arg>
<arg>body</arg>
<arg>contains</arg>
<arg>email already taken</arg>
<doc>Runs the given keyword with the given arguments and ignores possible error.</doc>
<status status="PASS" start="2024-12-19T10:40:04.761576" elapsed="1.204468"/>
</kw>
<kw name="Run Keyword And Ignore Error" owner="BuiltIn">
<kw name="Get Text" owner="Browser">
<msg time="2024-12-19T10:40:07.015643" level="INFO">Text: "Log inSign up\nEmail\nPassword\n\n\nLogin\nDon't have an account? Sign Up"</msg>
<msg time="2024-12-19T10:40:07.130964" level="INFO" html="true">&lt;/td&gt;&lt;/tr&gt;&lt;tr&gt;&lt;td colspan="3"&gt;&lt;a href="browser/screenshot/fail-screenshot-10.png" target="_blank"&gt;&lt;img src="browser/screenshot/fail-screenshot-10.png" width="800px"/&gt;&lt;/a&gt;</msg>
<msg time="2024-12-19T10:40:07.130964" level="INFO">See also file:///C:/kurssit/bunnybook/e2e-tests/results/playwright-log.txt for additional details.</msg>
<msg time="2024-12-19T10:40:07.130964" level="FAIL">Text "Log inSign up\nEmail\nPassword\n\n\nLogin\nDon't have an account? Sign Up" (str) should contain 'username already taken' (str)</msg>
<arg>body</arg>
<arg>contains</arg>
<arg>username already taken</arg>
<tag>Assertion</tag>
<tag>Getter</tag>
<tag>PageContent</tag>
<doc>Returns text attribute of the element found by ``selector``.</doc>
<status status="FAIL" start="2024-12-19T10:40:05.966044" elapsed="1.164920">Text "Log inSign up\nEmail\nPassword\n\n\nLogin\nDon't have an account? Sign Up" (str) should contain 'username already taken' (str)</status>
</kw>
<arg>Get Text</arg>
<arg>body</arg>
<arg>contains</arg>
<arg>username already taken</arg>
<doc>Runs the given keyword with the given arguments and ignores possible error.</doc>
<status status="PASS" start="2024-12-19T10:40:05.966044" elapsed="1.164920"/>
</kw>
<kw name="Run Keyword And Return Status" owner="BuiltIn">
<kw name="Get Text" owner="Browser">
<msg time="2024-12-19T10:40:08.162308" level="INFO">Text: "Log inSign up\nEmail\nPassword\n\n\nLogin\nDon't have an account? Sign Up"</msg>
<msg time="2024-12-19T10:40:08.297526" level="INFO" html="true">&lt;/td&gt;&lt;/tr&gt;&lt;tr&gt;&lt;td colspan="3"&gt;&lt;a href="browser/screenshot/fail-screenshot-11.png" target="_blank"&gt;&lt;img src="browser/screenshot/fail-screenshot-11.png" width="800px"/&gt;&lt;/a&gt;</msg>
<msg time="2024-12-19T10:40:08.297526" level="INFO">See also file:///C:/kurssit/bunnybook/e2e-tests/results/playwright-log.txt for additional details.</msg>
<msg time="2024-12-19T10:40:08.297526" level="FAIL">Text "Log inSign up\nEmail\nPassword\n\n\nLogin\nDon't have an account? Sign Up" (str) should contain 'email already taken' (str)</msg>
<arg>body</arg>
<arg>contains</arg>
<arg>email already taken</arg>
<tag>Assertion</tag>
<tag>Getter</tag>
<tag>PageContent</tag>
<doc>Returns text attribute of the element found by ``selector``.</doc>
<status status="FAIL" start="2024-12-19T10:40:07.130964" elapsed="1.168303">Text "Log inSign up\nEmail\nPassword\n\n\nLogin\nDon't have an account? Sign Up" (str) should contain 'email already taken' (str)</status>
</kw>
<msg time="2024-12-19T10:40:08.299267" level="INFO">${result_email} = False</msg>
<var>${result_email}</var>
<arg>Get Text</arg>
<arg>body</arg>
<arg>contains</arg>
<arg>email already taken</arg>
<doc>Runs the given keyword with given arguments and returns the status as a Boolean value.</doc>
<status status="PASS" start="2024-12-19T10:40:07.130964" elapsed="1.168303"/>
</kw>
<kw name="Run Keyword And Return Status" owner="BuiltIn">
<kw name="Get Text" owner="Browser">
<msg time="2024-12-19T10:40:09.351429" level="INFO">Text: "Log inSign up\nEmail\nPassword\n\n\nLogin\nDon't have an account? Sign Up"</msg>
<msg time="2024-12-19T10:40:09.456059" level="INFO" html="true">&lt;/td&gt;&lt;/tr&gt;&lt;tr&gt;&lt;td colspan="3"&gt;&lt;a href="browser/screenshot/fail-screenshot-12.png" target="_blank"&gt;&lt;img src="browser/screenshot/fail-screenshot-12.png" width="800px"/&gt;&lt;/a&gt;</msg>
<msg time="2024-12-19T10:40:09.456059" level="INFO">See also file:///C:/kurssit/bunnybook/e2e-tests/results/playwright-log.txt for additional details.</msg>
<msg time="2024-12-19T10:40:09.456059" level="FAIL">Text "Log inSign up\nEmail\nPassword\n\n\nLogin\nDon't have an account? Sign Up" (str) should contain 'username already taken' (str)</msg>
<arg>body</arg>
<arg>contains</arg>
<arg>username already taken</arg>
<tag>Assertion</tag>
<tag>Getter</tag>
<tag>PageContent</tag>
<doc>Returns text attribute of the element found by ``selector``.</doc>
<status status="FAIL" start="2024-12-19T10:40:08.300499" elapsed="1.158284">Text "Log inSign up\nEmail\nPassword\n\n\nLogin\nDon't have an account? Sign Up" (str) should contain 'username already taken' (str)</status>
</kw>
<msg time="2024-12-19T10:40:09.458783" level="INFO">${result_username} = False</msg>
<var>${result_username}</var>
<arg>Get Text</arg>
<arg>body</arg>
<arg>contains</arg>
<arg>username already taken</arg>
<doc>Runs the given keyword with given arguments and returns the status as a Boolean value.</doc>
<status status="PASS" start="2024-12-19T10:40:08.299267" elapsed="1.159516"/>
</kw>
<kw name="Run Keyword If" owner="BuiltIn">
<arg>'${result_email}' == 'PASS'</arg>
<arg>Log</arg>
<arg>Account already exists with email. Test passed.</arg>
<doc>Runs the given keyword with the given arguments, if ``condition`` is true.</doc>
<status status="PASS" start="2024-12-19T10:40:09.458783" elapsed="0.000000"/>
</kw>
<kw name="Run Keyword If" owner="BuiltIn">
<arg>'${result_username}' == 'PASS'</arg>
<arg>Log</arg>
<arg>Account already exists with username. Test passed.</arg>
<doc>Runs the given keyword with the given arguments, if ``condition`` is true.</doc>
<status status="PASS" start="2024-12-19T10:40:09.458783" elapsed="0.000000"/>
</kw>
<kw name="Run Keyword If" owner="BuiltIn">
<arg>'${result_email}' == 'FAIL' and '${result_username}' == 'FAIL'</arg>
<arg>Fail</arg>
<arg>Account creation failed, and neither email nor username is already taken.</arg>
<doc>Runs the given keyword with the given arguments, if ``condition`` is true.</doc>
<status status="PASS" start="2024-12-19T10:40:09.458783" elapsed="0.000000"/>
</kw>
<status status="PASS" start="2024-12-19T10:40:04.761576" elapsed="4.697207"/>
</kw>
<arg>'${current_url}' != '${LOGIN_URL}'</arg>
<arg>Handle Non-Login URL</arg>
<doc>Runs the given keyword with the given arguments, if ``condition`` is true.</doc>
<status status="PASS" start="2024-12-19T10:40:04.761576" elapsed="4.697207"/>
</kw>
<status status="PASS" start="2024-12-19T10:40:04.748835" elapsed="4.709948"/>
</kw>
<arg>${C_EMAIL}</arg>
<arg>${C_USERNAME}</arg>
<arg>${C_PASSWORD}</arg>
<status status="PASS" start="2024-12-19T10:40:04.113100" elapsed="5.345683"/>
</kw>
<status status="PASS" start="2024-12-19T10:40:04.108159" elapsed="5.350624"/>
</test>
<test id="s1-s1-t4" name="Username Taken" line="25">
<kw name="User Is Able To Generate An account" owner="common">
<kw name="Go To Account Creation" owner="common">
<kw name="Open Browser To Login Page" owner="common" type="SETUP">
<kw name="New Browser" owner="Browser">
<msg time="2024-12-19T10:40:09.507902" level="INFO">Switching browser to browser=802390f1-6dfe-4a03-9e55-abfc7266521a</msg>
<msg time="2024-12-19T10:40:09.516354" level="INFO">Successfully changed active browser: browser=802390f1-6dfe-4a03-9e55-abfc7266521a</msg>
<msg time="2024-12-19T10:40:09.516354" level="INFO">Reusing existing browser with id: browser=802390f1-6dfe-4a03-9e55-abfc7266521a</msg>
<arg>headless=${TRUE}</arg>
<tag>BrowserControl</tag>
<tag>Setter</tag>
<doc>Create a new playwright Browser with specified options.</doc>
<status status="PASS" start="2024-12-19T10:40:09.507902" elapsed="0.008452"/>
</kw>
<kw name="New Page" owner="Browser">
<msg time="2024-12-19T10:40:09.899014" level="INFO">Successfully initialized new page object and opened url: http://localhost/login</msg>
<msg time="2024-12-19T10:40:09.899014" level="INFO">No context was open. New context was automatically opened when this page is created.</msg>
<arg>${LOGIN_URL}</arg>
<tag>BrowserControl</tag>
<tag>Setter</tag>
<doc>Open a new Page.</doc>
<status status="PASS" start="2024-12-19T10:40:09.516354" elapsed="0.382660"/>
</kw>
<status status="PASS" start="2024-12-19T10:40:09.507902" elapsed="0.391112"/>
</kw>
<kw name="Click" owner="Browser">
<msg time="2024-12-19T10:40:09.899014" level="INFO">Clicks the element 'xpath=//form//button[2]'.</msg>
<arg>xpath=//form//button[2]</arg>
<tag>PageContent</tag>
<tag>Setter</tag>
<doc>Simulates mouse click on the element found by ``selector``.</doc>
<status status="PASS" start="2024-12-19T10:40:09.899014" elapsed="0.106504"/>
</kw>
<kw name="Get Url" owner="Browser">
<arg>==</arg>
<arg>${REGISTER_URL}</arg>
<tag>Assertion</tag>
<tag>Getter</tag>
<tag>PageContent</tag>
<doc>Returns the current URL.</doc>
<status status="PASS" start="2024-12-19T10:40:10.006245" elapsed="0.004790"/>
</kw>
<status status="PASS" start="2024-12-19T10:40:09.507902" elapsed="0.503384"/>
</kw>
<kw name="Enter Email to Account Creation" owner="common">
<kw name="Fill Text" owner="Browser">
<msg time="2024-12-19T10:40:10.012331" level="INFO">Fills the text 'BunnyD@bunny.com' in the given field.</msg>
<arg>css=input[name="email"]</arg>
<arg>${email}</arg>
<tag>PageContent</tag>
<tag>Setter</tag>
<doc>Clears and fills the given ``txt`` into the text field found by ``selector``.</doc>
<status status="PASS" start="2024-12-19T10:40:10.011796" elapsed="0.023213"/>
</kw>
<arg>${email}</arg>
<status status="PASS" start="2024-12-19T10:40:10.011286" elapsed="0.023723"/>
</kw>
<kw name="Enter Username To Account Creation" owner="common">
<kw name="Fill Text" owner="Browser">
<msg time="2024-12-19T10:40:10.035009" level="INFO">Fills the text 'BunnyC' in the given field.</msg>
<arg>css=input[name="username"]</arg>
<arg>${username}</arg>
<tag>PageContent</tag>
<tag>Setter</tag>
<doc>Clears and fills the given ``txt`` into the text field found by ``selector``.</doc>
<status status="PASS" start="2024-12-19T10:40:10.035009" elapsed="0.028121"/>
</kw>
<arg>${username}</arg>
<status status="PASS" start="2024-12-19T10:40:10.035009" elapsed="0.028121"/>
</kw>
<kw name="Enter Password To Account Creation" owner="common">
<kw name="Fill Text" owner="Browser">
<msg time="2024-12-19T10:40:10.063639" level="INFO">Fills the text 'BunnyBookC' in the given field.</msg>
<arg>css=input[name="password"]</arg>
<arg>${password}</arg>
<tag>PageContent</tag>
<tag>Setter</tag>
<doc>Clears and fills the given ``txt`` into the text field found by ``selector``.</doc>
<status status="PASS" start="2024-12-19T10:40:10.063639" elapsed="0.019431"/>
</kw>
<arg>${password}</arg>
<status status="PASS" start="2024-12-19T10:40:10.063639" elapsed="0.019431"/>
</kw>
<kw name="Submit Account Creation Form" owner="common">
<kw name="Click" owner="Browser">
<msg time="2024-12-19T10:40:10.083070" level="INFO">Clicks the element 'xpath=//form//button[1]'.</msg>
<arg>xpath=//form//button[1]</arg>
<tag>PageContent</tag>
<tag>Setter</tag>
<doc>Simulates mouse click on the element found by ``selector``.</doc>
<status status="PASS" start="2024-12-19T10:40:10.083070" elapsed="0.069463"/>
</kw>
<status status="PASS" start="2024-12-19T10:40:10.083070" elapsed="0.073514"/>
</kw>
<kw name="Check registration status" owner="common">
<kw name="Get Url" owner="Browser">
<msg time="2024-12-19T10:40:10.156584" level="INFO">${current_url} = http://localhost/register</msg>
<var>${current_url}</var>
<tag>Assertion</tag>
<tag>Getter</tag>
<tag>PageContent</tag>
<doc>Returns the current URL.</doc>
<status status="PASS" start="2024-12-19T10:40:10.156584" elapsed="0.000000"/>
</kw>
<kw name="Run Keyword If" owner="BuiltIn">
<arg>'${current_url}' == '${LOGIN_URL}'</arg>
<arg>Log</arg>
<arg>Successfully redirected to login page.</arg>
<doc>Runs the given keyword with the given arguments, if ``condition`` is true.</doc>
<status status="PASS" start="2024-12-19T10:40:10.156584" elapsed="0.000000"/>
</kw>
<kw name="Run Keyword If" owner="BuiltIn">
<kw name="Handle Non-Login URL" owner="common">
<kw name="Run Keyword And Ignore Error" owner="BuiltIn">
<kw name="Get Text" owner="Browser">
<msg time="2024-12-19T10:40:11.227052" level="INFO">Text: 'Log inSign up\nGenerate new avatar\nEmail\nUsername\n\nusername already taken\n\nPassword\n\n\nRegister\nAlready have an account? Sign In'</msg>
<msg time="2024-12-19T10:40:11.365556" level="INFO" html="true">&lt;/td&gt;&lt;/tr&gt;&lt;tr&gt;&lt;td colspan="3"&gt;&lt;a href="browser/screenshot/fail-screenshot-13.png" target="_blank"&gt;&lt;img src="browser/screenshot/fail-screenshot-13.png" width="800px"/&gt;&lt;/a&gt;</msg>
<msg time="2024-12-19T10:40:11.365556" level="INFO">See also file:///C:/kurssit/bunnybook/e2e-tests/results/playwright-log.txt for additional details.</msg>
<msg time="2024-12-19T10:40:11.365556" level="FAIL">Text 'Log inSign up\nGenerate new avatar\nEmail\nUsername\n\nusername already taken\n\nPassword\n\n\nRegister\nAlready have an account? Sign In' (str) should contain 'email already taken' (str)</msg>
<arg>body</arg>
<arg>contains</arg>
<arg>email already taken</arg>
<tag>Assertion</tag>
<tag>Getter</tag>
<tag>PageContent</tag>
<doc>Returns text attribute of the element found by ``selector``.</doc>
<status status="FAIL" start="2024-12-19T10:40:10.164626" elapsed="1.204045">Text 'Log inSign up\nGenerate new avatar\nEmail\nUsername\n\nusername already taken\n\nPassword\n\n\nRegister\nAlready have an account? Sign In' (str) should contain 'email already taken' (str)</status>
</kw>
<arg>Get Text</arg>
<arg>body</arg>
<arg>contains</arg>
<arg>email already taken</arg>
<doc>Runs the given keyword with the given arguments and ignores possible error.</doc>
<status status="PASS" start="2024-12-19T10:40:10.164626" elapsed="1.204045"/>
</kw>
<kw name="Run Keyword And Ignore Error" owner="BuiltIn">
<kw name="Get Text" owner="Browser">
<msg time="2024-12-19T10:40:11.389219" level="INFO">Text: 'Log inSign up\nGenerate new avatar\nEmail\nUsername\n\nusername already taken\n\nPassword\n\n\nRegister\nAlready have an account? Sign In'</msg>
<arg>body</arg>
<arg>contains</arg>
<arg>username already taken</arg>
<tag>Assertion</tag>
<tag>Getter</tag>
<tag>PageContent</tag>
<doc>Returns text attribute of the element found by ``selector``.</doc>
<status status="PASS" start="2024-12-19T10:40:11.373349" elapsed="0.015870"/>
</kw>
<arg>Get Text</arg>
<arg>body</arg>
<arg>contains</arg>
<arg>username already taken</arg>
<doc>Runs the given keyword with the given arguments and ignores possible error.</doc>
<status status="PASS" start="2024-12-19T10:40:11.372710" elapsed="0.016509"/>
</kw>
<kw name="Run Keyword And Return Status" owner="BuiltIn">
<kw name="Get Text" owner="Browser">
<msg time="2024-12-19T10:40:12.435273" level="INFO">Text: 'Log inSign up\nGenerate new avatar\nEmail\nUsername\n\nusername already taken\n\nPassword\n\n\nRegister\nAlready have an account? Sign In'</msg>
<msg time="2024-12-19T10:40:12.586939" level="INFO" html="true">&lt;/td&gt;&lt;/tr&gt;&lt;tr&gt;&lt;td colspan="3"&gt;&lt;a href="browser/screenshot/fail-screenshot-14.png" target="_blank"&gt;&lt;img src="browser/screenshot/fail-screenshot-14.png" width="800px"/&gt;&lt;/a&gt;</msg>
<msg time="2024-12-19T10:40:12.586939" level="INFO">See also file:///C:/kurssit/bunnybook/e2e-tests/results/playwright-log.txt for additional details.</msg>
<msg time="2024-12-19T10:40:12.587889" level="FAIL">Text 'Log inSign up\nGenerate new avatar\nEmail\nUsername\n\nusername already taken\n\nPassword\n\n\nRegister\nAlready have an account? Sign In' (str) should contain 'email already taken' (str)</msg>
<arg>body</arg>
<arg>contains</arg>
<arg>email already taken</arg>
<tag>Assertion</tag>
<tag>Getter</tag>
<tag>PageContent</tag>
<doc>Returns text attribute of the element found by ``selector``.</doc>
<status status="FAIL" start="2024-12-19T10:40:11.389219" elapsed="1.198670">Text 'Log inSign up\nGenerate new avatar\nEmail\nUsername\n\nusername already taken\n\nPassword\n\n\nRegister\nAlready have an account? Sign In' (str) should contain 'email already taken' (str)</status>
</kw>
<msg time="2024-12-19T10:40:12.587889" level="INFO">${result_email} = False</msg>
<var>${result_email}</var>
<arg>Get Text</arg>
<arg>body</arg>
<arg>contains</arg>
<arg>email already taken</arg>
<doc>Runs the given keyword with given arguments and returns the status as a Boolean value.</doc>
<status status="PASS" start="2024-12-19T10:40:11.389219" elapsed="1.198670"/>
</kw>
<kw name="Run Keyword And Return Status" owner="BuiltIn">
<kw name="Get Text" owner="Browser">
<msg time="2024-12-19T10:40:12.603574" level="INFO">Text: 'Log inSign up\nGenerate new avatar\nEmail\nUsername\n\nusername already taken\n\nPassword\n\n\nRegister\nAlready have an account? Sign In'</msg>
<arg>body</arg>
<arg>contains</arg>
<arg>username already taken</arg>
<tag>Assertion</tag>
<tag>Getter</tag>
<tag>PageContent</tag>
<doc>Returns text attribute of the element found by ``selector``.</doc>
<status status="PASS" start="2024-12-19T10:40:12.587889" elapsed="0.015685"/>
</kw>
<msg time="2024-12-19T10:40:12.603574" level="INFO">${result_username} = True</msg>
<var>${result_username}</var>
<arg>Get Text</arg>
<arg>body</arg>
<arg>contains</arg>
<arg>username already taken</arg>
<doc>Runs the given keyword with given arguments and returns the status as a Boolean value.</doc>
<status status="PASS" start="2024-12-19T10:40:12.587889" elapsed="0.015685"/>
</kw>
<kw name="Run Keyword If" owner="BuiltIn">
<arg>'${result_email}' == 'PASS'</arg>
<arg>Log</arg>
<arg>Account already exists with email. Test passed.</arg>
<doc>Runs the given keyword with the given arguments, if ``condition`` is true.</doc>
<status status="PASS" start="2024-12-19T10:40:12.603574" elapsed="0.000000"/>
</kw>
<kw name="Run Keyword If" owner="BuiltIn">
<arg>'${result_username}' == 'PASS'</arg>
<arg>Log</arg>
<arg>Account already exists with username. Test passed.</arg>
<doc>Runs the given keyword with the given arguments, if ``condition`` is true.</doc>
<status status="PASS" start="2024-12-19T10:40:12.603574" elapsed="0.000000"/>
</kw>
<kw name="Run Keyword If" owner="BuiltIn">
<arg>'${result_email}' == 'FAIL' and '${result_username}' == 'FAIL'</arg>
<arg>Fail</arg>
<arg>Account creation failed, and neither email nor username is already taken.</arg>
<doc>Runs the given keyword with the given arguments, if ``condition`` is true.</doc>
<status status="PASS" start="2024-12-19T10:40:12.603574" elapsed="0.000000"/>
</kw>
<status status="PASS" start="2024-12-19T10:40:10.164626" elapsed="2.438948"/>
</kw>
<arg>'${current_url}' != '${LOGIN_URL}'</arg>
<arg>Handle Non-Login URL</arg>
<doc>Runs the given keyword with the given arguments, if ``condition`` is true.</doc>
<status status="PASS" start="2024-12-19T10:40:10.156584" elapsed="2.446990"/>
</kw>
<status status="PASS" start="2024-12-19T10:40:10.156584" elapsed="2.446990"/>
</kw>
<arg>${D_EMAIL}</arg>
<arg>${C_USERNAME}</arg>
<arg>${C_PASSWORD}</arg>
<status status="PASS" start="2024-12-19T10:40:09.507902" elapsed="3.095672"/>
</kw>
<status status="PASS" start="2024-12-19T10:40:09.507902" elapsed="3.095672"/>
</test>
<status status="PASS" start="2024-12-19T10:39:29.029148" elapsed="43.623910"/>
</suite>
<suite id="s1-s2" name="02 Login" source="C:\kurssit\bunnybook\e2e-tests\02_login.robot">
<test id="s1-s2-t1" name="Profile Page Should Be Visible After Succesful Login" line="7">
<kw name="Log In As User A" owner="common">
<kw name="Do Successful Login" owner="common">
<kw name="Open Browser To Login Page" owner="common">
<kw name="New Browser" owner="Browser">
<msg time="2024-12-19T10:40:12.669342" level="INFO">Switching browser to browser=802390f1-6dfe-4a03-9e55-abfc7266521a</msg>
<msg time="2024-12-19T10:40:12.669342" level="INFO">Successfully changed active browser: browser=802390f1-6dfe-4a03-9e55-abfc7266521a</msg>
<msg time="2024-12-19T10:40:12.669342" level="INFO">Reusing existing browser with id: browser=802390f1-6dfe-4a03-9e55-abfc7266521a</msg>
<arg>headless=${TRUE}</arg>
<tag>BrowserControl</tag>
<tag>Setter</tag>
<doc>Create a new playwright Browser with specified options.</doc>
<status status="PASS" start="2024-12-19T10:40:12.669342" elapsed="0.000000"/>
</kw>
<kw name="New Page" owner="Browser">
<msg time="2024-12-19T10:40:13.003427" level="INFO">Successfully initialized new page object and opened url: http://localhost/login</msg>
<msg time="2024-12-19T10:40:13.003427" level="INFO">No context was open. New context was automatically opened when this page is created.</msg>
<arg>${LOGIN_URL}</arg>
<tag>BrowserControl</tag>
<tag>Setter</tag>
<doc>Open a new Page.</doc>
<status status="PASS" start="2024-12-19T10:40:12.669342" elapsed="0.334085"/>
</kw>
<status status="PASS" start="2024-12-19T10:40:12.669342" elapsed="0.334085"/>
</kw>
<kw name="Enter Email to Login" owner="common">
<kw name="Fill Text" owner="Browser">
<msg time="2024-12-19T10:40:13.003427" level="INFO">Fills the text 'BunnyA@bunny.com' in the given field.</msg>
<arg>css=input[name="loginEmail"]</arg>
<arg>${email}</arg>
<tag>PageContent</tag>
<tag>Setter</tag>
<doc>Clears and fills the given ``txt`` into the text field found by ``selector``.</doc>
<status status="PASS" start="2024-12-19T10:40:13.003427" elapsed="0.040449"/>
</kw>
<arg>${email}</arg>
<status status="PASS" start="2024-12-19T10:40:13.003427" elapsed="0.040449"/>
</kw>
<kw name="Enter Password to Login" owner="common">
<kw name="Fill Text" owner="Browser">
<msg time="2024-12-19T10:40:13.051882" level="INFO">Fills the text 'BunnyBookA' in the given field.</msg>
<arg>css=input[name="loginPassword"]</arg>
<arg>${password}</arg>
<tag>PageContent</tag>
<tag>Setter</tag>
<doc>Clears and fills the given ``txt`` into the text field found by ``selector``.</doc>
<status status="PASS" start="2024-12-19T10:40:13.043876" elapsed="0.024000"/>
</kw>
<arg>${password}</arg>
<status status="PASS" start="2024-12-19T10:40:13.043876" elapsed="0.024000"/>
</kw>
<kw name="Submit Login Form" owner="common">
<kw name="Click" owner="Browser">
<msg time="2024-12-19T10:40:13.067876" level="INFO">Clicks the element 'xpath=//form//button[1]'.</msg>
<arg>xpath=//form//button[1]</arg>
<tag>PageContent</tag>
<tag>Setter</tag>
<doc>Simulates mouse click on the element found by ``selector``.</doc>
<status status="PASS" start="2024-12-19T10:40:13.067876" elapsed="0.076496"/>
</kw>
<status status="PASS" start="2024-12-19T10:40:13.067876" elapsed="0.076496"/>
</kw>
<kw name="Verify That Profile Page Is Visible" owner="common">
<kw name="Get Url" owner="Browser">
<arg>==</arg>
<arg>${PROFILE_URL}</arg>
<tag>Assertion</tag>
<tag>Getter</tag>
<tag>PageContent</tag>
<doc>Returns the current URL.</doc>
<status status="PASS" start="2024-12-19T10:40:13.148888" elapsed="0.502273"/>
</kw>
<status status="PASS" start="2024-12-19T10:40:13.144372" elapsed="0.506789"/>
</kw>
<arg>${A_EMAIL}</arg>
<arg>${A_PASSWORD}</arg>
<status status="PASS" start="2024-12-19T10:40:12.669342" elapsed="0.981819"/>
</kw>
<status status="PASS" start="2024-12-19T10:40:12.669342" elapsed="0.981819"/>
</kw>
<kw name="Verify That Profile Page Is Visible" owner="common">
<kw name="Get Url" owner="Browser">
<arg>==</arg>
<arg>${PROFILE_URL}</arg>
<tag>Assertion</tag>
<tag>Getter</tag>
<tag>PageContent</tag>
<doc>Returns the current URL.</doc>
<status status="PASS" start="2024-12-19T10:40:13.651161" elapsed="0.005778"/>
</kw>
<status status="PASS" start="2024-12-19T10:40:13.651161" elapsed="0.005778"/>
</kw>
<kw name="Do Successful Logout" owner="common" type="TEARDOWN">
<kw name="Click" owner="Browser">
<msg time="2024-12-19T10:40:13.659450" level="INFO">Clicks the element 'xpath=//div[2]/div/button[3]'.</msg>
<arg>xpath=//div[2]/div/button[3]</arg>
<tag>PageContent</tag>
<tag>Setter</tag>
<doc>Simulates mouse click on the element found by ``selector``.</doc>
<status status="PASS" start="2024-12-19T10:40:13.659450" elapsed="0.105579"/>
</kw>
<kw name="Verify That Login Page Is Visible" owner="common">
<kw name="Get Url" owner="Browser">
<arg>==</arg>
<arg>${LOGIN_URL}</arg>
<tag>Assertion</tag>
<tag>Getter</tag>
<tag>PageContent</tag>
<doc>Returns the current URL.</doc>
<status status="PASS" start="2024-12-19T10:40:13.765984" elapsed="0.002479"/>
</kw>
<status status="PASS" start="2024-12-19T10:40:13.765984" elapsed="0.002479"/>
</kw>
<status status="PASS" start="2024-12-19T10:40:13.659450" elapsed="0.109013"/>
</kw>
<tag>basics</tag>
<status status="PASS" start="2024-12-19T10:40:12.660316" elapsed="1.108147"/>
</test>
<test id="s1-s2-t2" name="Error Occurs With Unsuccesful Login" line="13">
<kw name="Do Unsuccesful Login" owner="common">
<kw name="Open Browser To Login Page" owner="common">
<kw name="New Browser" owner="Browser">
<msg time="2024-12-19T10:40:13.884688" level="INFO">Switching browser to browser=802390f1-6dfe-4a03-9e55-abfc7266521a</msg>
<msg time="2024-12-19T10:40:13.887197" level="INFO">Successfully changed active browser: browser=802390f1-6dfe-4a03-9e55-abfc7266521a</msg>
<msg time="2024-12-19T10:40:13.887197" level="INFO">Reusing existing browser with id: browser=802390f1-6dfe-4a03-9e55-abfc7266521a</msg>
<arg>headless=${TRUE}</arg>
<tag>BrowserControl</tag>
<tag>Setter</tag>
<doc>Create a new playwright Browser with specified options.</doc>
<status status="PASS" start="2024-12-19T10:40:13.880614" elapsed="0.006583"/>
</kw>
<kw name="New Page" owner="Browser">
<msg time="2024-12-19T10:40:14.264392" level="INFO">Successfully initialized new page object and opened url: http://localhost/login</msg>
<msg time="2024-12-19T10:40:14.264392" level="INFO">No context was open. New context was automatically opened when this page is created.</msg>
<arg>${LOGIN_URL}</arg>
<tag>BrowserControl</tag>
<tag>Setter</tag>
<doc>Open a new Page.</doc>
<status status="PASS" start="2024-12-19T10:40:13.887197" elapsed="0.377195"/>
</kw>
<status status="PASS" start="2024-12-19T10:40:13.880614" elapsed="0.383778"/>
</kw>
<kw name="Enter Email to Login" owner="common">
<kw name="Fill Text" owner="Browser">
<msg time="2024-12-19T10:40:14.266261" level="INFO">Fills the text 'BunnyA@bunny.com' in the given field.</msg>
<arg>css=input[name="loginEmail"]</arg>
<arg>${email}</arg>
<tag>PageContent</tag>
<tag>Setter</tag>
<doc>Clears and fills the given ``txt`` into the text field found by ``selector``.</doc>
<status status="PASS" start="2024-12-19T10:40:14.265753" elapsed="0.038910"/>
</kw>
<arg>${email}</arg>
<status status="PASS" start="2024-12-19T10:40:14.264392" elapsed="0.040271"/>
</kw>
<kw name="Enter Password to Login" owner="common">
<kw name="Fill Text" owner="Browser">
<msg time="2024-12-19T10:40:14.312684" level="INFO">Fills the text 'BunnyBookB' in the given field.</msg>
<arg>css=input[name="loginPassword"]</arg>
<arg>${password}</arg>
<tag>PageContent</tag>
<tag>Setter</tag>
<doc>Clears and fills the given ``txt`` into the text field found by ``selector``.</doc>
<status status="PASS" start="2024-12-19T10:40:14.304663" elapsed="0.024234"/>
</kw>
<arg>${password}</arg>
<status status="PASS" start="2024-12-19T10:40:14.304663" elapsed="0.024234"/>
</kw>
<kw name="Submit Login Form" owner="common">
<kw name="Click" owner="Browser">
<msg time="2024-12-19T10:40:14.336909" level="INFO">Clicks the element 'xpath=//form//button[1]'.</msg>
<arg>xpath=//form//button[1]</arg>
<tag>PageContent</tag>
<tag>Setter</tag>
<doc>Simulates mouse click on the element found by ``selector``.</doc>
<status status="PASS" start="2024-12-19T10:40:14.336909" elapsed="0.056029"/>
</kw>
<status status="PASS" start="2024-12-19T10:40:14.336909" elapsed="0.056029"/>
</kw>
<kw name="Get Text" owner="Browser">
<msg time="2024-12-19T10:40:14.891443" level="INFO">Text: "Log inSign up\nEmail\nPassword\n\nInvalid email/password combination\n\n\n\nLogin\nDon't have an account? Sign Up"</msg>
<arg>body</arg>
<arg>contains</arg>
<arg>Invalid email/password combination</arg>
<tag>Assertion</tag>
<tag>Getter</tag>
<tag>PageContent</tag>
<doc>Returns text attribute of the element found by ``selector``.</doc>
<status status="PASS" start="2024-12-19T10:40:14.392938" elapsed="0.498505"/>
</kw>
<kw name="Verify That Login Page Is Visible" owner="common">
<kw name="Get Url" owner="Browser">
<arg>==</arg>
<arg>${LOGIN_URL}</arg>
<tag>Assertion</tag>
<tag>Getter</tag>
<tag>PageContent</tag>
<doc>Returns the current URL.</doc>
<status status="PASS" start="2024-12-19T10:40:14.891443" elapsed="0.000000"/>
</kw>
<status status="PASS" start="2024-12-19T10:40:14.891443" elapsed="0.000000"/>
</kw>
<arg>${A_EMAIL}</arg>
<arg>${B_PASSWORD}</arg>
<status status="PASS" start="2024-12-19T10:40:13.880614" elapsed="1.018892"/>
</kw>
<status status="PASS" start="2024-12-19T10:40:13.879129" elapsed="1.020377"/>
</test>
<test id="s1-s2-t3" name="Login Page Should Be Visible After Successful Logout" line="16">
<kw name="Log In As User A" owner="common">
<kw name="Do Successful Login" owner="common">
<kw name="Open Browser To Login Page" owner="common">
<kw name="New Browser" owner="Browser">
<msg time="2024-12-19T10:40:14.981435" level="INFO">Switching browser to browser=802390f1-6dfe-4a03-9e55-abfc7266521a</msg>
<msg time="2024-12-19T10:40:14.985514" level="INFO">Successfully changed active browser: browser=802390f1-6dfe-4a03-9e55-abfc7266521a</msg>
<msg time="2024-12-19T10:40:14.985514" level="INFO">Reusing existing browser with id: browser=802390f1-6dfe-4a03-9e55-abfc7266521a</msg>
<arg>headless=${TRUE}</arg>
<tag>BrowserControl</tag>
<tag>Setter</tag>
<doc>Create a new playwright Browser with specified options.</doc>
<status status="PASS" start="2024-12-19T10:40:14.981435" elapsed="0.004079"/>
</kw>
<kw name="New Page" owner="Browser">
<msg time="2024-12-19T10:40:15.443810" level="INFO">Successfully initialized new page object and opened url: http://localhost/login</msg>
<msg time="2024-12-19T10:40:15.444423" level="INFO">No context was open. New context was automatically opened when this page is created.</msg>
<arg>${LOGIN_URL}</arg>
<tag>BrowserControl</tag>
<tag>Setter</tag>
<doc>Open a new Page.</doc>
<status status="PASS" start="2024-12-19T10:40:14.985514" elapsed="0.458909"/>
</kw>
<status status="PASS" start="2024-12-19T10:40:14.981435" elapsed="0.463501"/>
</kw>
<kw name="Enter Email to Login" owner="common">
<kw name="Fill Text" owner="Browser">
<msg time="2024-12-19T10:40:15.447138" level="INFO">Fills the text 'BunnyA@bunny.com' in the given field.</msg>
<arg>css=input[name="loginEmail"]</arg>
<arg>${email}</arg>
<tag>PageContent</tag>
<tag>Setter</tag>
<doc>Clears and fills the given ``txt`` into the text field found by ``selector``.</doc>
<status status="PASS" start="2024-12-19T10:40:15.446089" elapsed="0.048075"/>
</kw>
<arg>${email}</arg>
<status status="PASS" start="2024-12-19T10:40:15.444936" elapsed="0.049228"/>
</kw>
<kw name="Enter Password to Login" owner="common">
<kw name="Fill Text" owner="Browser">
<msg time="2024-12-19T10:40:15.494164" level="INFO">Fills the text 'BunnyBookA' in the given field.</msg>
<arg>css=input[name="loginPassword"]</arg>
<arg>${password}</arg>
<tag>PageContent</tag>
<tag>Setter</tag>
<doc>Clears and fills the given ``txt`` into the text field found by ``selector``.</doc>
<status status="PASS" start="2024-12-19T10:40:15.494164" elapsed="0.023279"/>
</kw>
<arg>${password}</arg>
<status status="PASS" start="2024-12-19T10:40:15.494164" elapsed="0.023279"/>
</kw>
<kw name="Submit Login Form" owner="common">
<kw name="Click" owner="Browser">
<msg time="2024-12-19T10:40:15.517443" level="INFO">Clicks the element 'xpath=//form//button[1]'.</msg>
<arg>xpath=//form//button[1]</arg>
<tag>PageContent</tag>
<tag>Setter</tag>
<doc>Simulates mouse click on the element found by ``selector``.</doc>
<status status="PASS" start="2024-12-19T10:40:15.517443" elapsed="0.076662"/>
</kw>
<status status="PASS" start="2024-12-19T10:40:15.517443" elapsed="0.081180"/>
</kw>
<kw name="Verify That Profile Page Is Visible" owner="common">
<kw name="Get Url" owner="Browser">
<arg>==</arg>
<arg>${PROFILE_URL}</arg>
<tag>Assertion</tag>
<tag>Getter</tag>
<tag>PageContent</tag>
<doc>Returns the current URL.</doc>
<status status="PASS" start="2024-12-19T10:40:15.598623" elapsed="0.342221"/>
</kw>
<status status="PASS" start="2024-12-19T10:40:15.598623" elapsed="0.342221"/>
</kw>
<arg>${A_EMAIL}</arg>
<arg>${A_PASSWORD}</arg>
<status status="PASS" start="2024-12-19T10:40:14.981435" elapsed="0.959409"/>
</kw>
<status status="PASS" start="2024-12-19T10:40:14.980918" elapsed="0.959926"/>
</kw>
<kw name="Verify That Profile Page Is Visible" owner="common">
<kw name="Get Url" owner="Browser">
<arg>==</arg>
<arg>${PROFILE_URL}</arg>
<tag>Assertion</tag>
<tag>Getter</tag>
<tag>PageContent</tag>
<doc>Returns the current URL.</doc>
<status status="PASS" start="2024-12-19T10:40:15.940844" elapsed="0.008010"/>
</kw>
<status status="PASS" start="2024-12-19T10:40:15.940844" elapsed="0.008010"/>
</kw>
<kw name="Do Successful Logout" owner="common">
<kw name="Click" owner="Browser">
<msg time="2024-12-19T10:40:15.950989" level="INFO">Clicks the element 'xpath=//div[2]/div/button[3]'.</msg>
<arg>xpath=//div[2]/div/button[3]</arg>
<tag>PageContent</tag>
<tag>Setter</tag>
<doc>Simulates mouse click on the element found by ``selector``.</doc>
<status status="PASS" start="2024-12-19T10:40:15.950989" elapsed="0.120909"/>
</kw>
<kw name="Verify That Login Page Is Visible" owner="common">
<kw name="Get Url" owner="Browser">
<arg>==</arg>
<arg>${LOGIN_URL}</arg>
<tag>Assertion</tag>
<tag>Getter</tag>
<tag>PageContent</tag>
<doc>Returns the current URL.</doc>
<status status="PASS" start="2024-12-19T10:40:16.071898" elapsed="0.000000"/>
</kw>
<status status="PASS" start="2024-12-19T10:40:16.071898" elapsed="0.000000"/>
</kw>
<status status="PASS" start="2024-12-19T10:40:15.950989" elapsed="0.120909"/>
</kw>
<kw name="Verify That Login Page Is Visible" owner="common">
<kw name="Get Url" owner="Browser">
<arg>==</arg>
<arg>${LOGIN_URL}</arg>
<tag>Assertion</tag>
<tag>Getter</tag>
<tag>PageContent</tag>
<doc>Returns the current URL.</doc>
<status status="PASS" start="2024-12-19T10:40:16.078054" elapsed="0.002008"/>
</kw>
<status status="PASS" start="2024-12-19T10:40:16.071898" elapsed="0.010274"/>
</kw>
<status status="PASS" start="2024-12-19T10:40:14.975331" elapsed="1.106841"/>
</test>
<status status="PASS" start="2024-12-19T10:40:12.655981" elapsed="3.547031"/>
</suite>
<suite id="s1-s3" name="03 Post" source="C:\kurssit\bunnybook\e2e-tests\03_post.robot">
<test id="s1-s3-t1" name="Make A Public Post" line="12">
<kw name="Log In As User A" owner="common" type="SETUP">
<kw name="Do Successful Login" owner="common">
<kw name="Open Browser To Login Page" owner="common">
<kw name="New Browser" owner="Browser">
<msg time="2024-12-19T10:40:16.262321" level="INFO">Switching browser to browser=802390f1-6dfe-4a03-9e55-abfc7266521a</msg>
<msg time="2024-12-19T10:40:16.265829" level="INFO">Successfully changed active browser: browser=802390f1-6dfe-4a03-9e55-abfc7266521a</msg>
<msg time="2024-12-19T10:40:16.265829" level="INFO">Reusing existing browser with id: browser=802390f1-6dfe-4a03-9e55-abfc7266521a</msg>
<arg>headless=${TRUE}</arg>
<tag>BrowserControl</tag>
<tag>Setter</tag>
<doc>Create a new playwright Browser with specified options.</doc>
<status status="PASS" start="2024-12-19T10:40:16.262321" elapsed="0.003508"/>
</kw>
<kw name="New Page" owner="Browser">
<msg time="2024-12-19T10:40:16.720803" level="INFO">Successfully initialized new page object and opened url: http://localhost/login</msg>
<msg time="2024-12-19T10:40:16.720803" level="INFO">No context was open. New context was automatically opened when this page is created.</msg>
<arg>${LOGIN_URL}</arg>
<tag>BrowserControl</tag>
<tag>Setter</tag>
<doc>Open a new Page.</doc>
<status status="PASS" start="2024-12-19T10:40:16.265829" elapsed="0.454974"/>
</kw>
<status status="PASS" start="2024-12-19T10:40:16.262321" elapsed="0.458482"/>
</kw>
<kw name="Enter Email to Login" owner="common">
<kw name="Fill Text" owner="Browser">
<msg time="2024-12-19T10:40:16.720803" level="INFO">Fills the text 'BunnyA@bunny.com' in the given field.</msg>
<arg>css=input[name="loginEmail"]</arg>
<arg>${email}</arg>
<tag>PageContent</tag>
<tag>Setter</tag>
<doc>Clears and fills the given ``txt`` into the text field found by ``selector``.</doc>
<status status="PASS" start="2024-12-19T10:40:16.720803" elapsed="0.079216"/>
</kw>
<arg>${email}</arg>
<status status="PASS" start="2024-12-19T10:40:16.720803" elapsed="0.079216"/>
</kw>
<kw name="Enter Password to Login" owner="common">
<kw name="Fill Text" owner="Browser">
<msg time="2024-12-19T10:40:16.800019" level="INFO">Fills the text 'BunnyBookA' in the given field.</msg>
<arg>css=input[name="loginPassword"]</arg>
<arg>${password}</arg>
<tag>PageContent</tag>
<tag>Setter</tag>
<doc>Clears and fills the given ``txt`` into the text field found by ``selector``.</doc>
<status status="PASS" start="2024-12-19T10:40:16.800019" elapsed="0.032430"/>
</kw>
<arg>${password}</arg>
<status status="PASS" start="2024-12-19T10:40:16.800019" elapsed="0.032430"/>
</kw>
<kw name="Submit Login Form" owner="common">
<kw name="Click" owner="Browser">
<msg time="2024-12-19T10:40:16.832449" level="INFO">Clicks the element 'xpath=//form//button[1]'.</msg>
<arg>xpath=//form//button[1]</arg>
<tag>PageContent</tag>
<tag>Setter</tag>
<doc>Simulates mouse click on the element found by ``selector``.</doc>
<status status="PASS" start="2024-12-19T10:40:16.832449" elapsed="0.080659"/>
</kw>
<status status="PASS" start="2024-12-19T10:40:16.832449" elapsed="0.080659"/>
</kw>
<kw name="Verify That Profile Page Is Visible" owner="common">
<kw name="Get Url" owner="Browser">
<arg>==</arg>
<arg>${PROFILE_URL}</arg>
<tag>Assertion</tag>
<tag>Getter</tag>
<tag>PageContent</tag>
<doc>Returns the current URL.</doc>
<status status="PASS" start="2024-12-19T10:40:16.921916" elapsed="0.449817"/>
</kw>
<status status="PASS" start="2024-12-19T10:40:16.921087" elapsed="0.450646"/>
</kw>
<arg>${A_EMAIL}</arg>
<arg>${A_PASSWORD}</arg>
<status status="PASS" start="2024-12-19T10:40:16.262321" elapsed="1.109412"/>
</kw>
<status status="PASS" start="2024-12-19T10:40:16.262321" elapsed="1.109412"/>
</kw>
<kw name="Make A Post" owner="post">
<kw name="Write Post Text" owner="post">
<kw name="Fill Text" owner="Browser">
<msg time="2024-12-19T10:40:17.380512" level="INFO">Fills the text 'User is able to make a public post' in the given field.</msg>
<arg>css=textarea[name="content"]</arg>
<arg>${Post_text}</arg>
<tag>PageContent</tag>
<tag>Setter</tag>
<doc>Clears and fills the given ``txt`` into the text field found by ``selector``.</doc>
<status status="PASS" start="2024-12-19T10:40:17.371733" elapsed="0.094490"/>
</kw>
<arg>${Post_text}</arg>
<status status="PASS" start="2024-12-19T10:40:17.371733" elapsed="0.094490"/>
</kw>
<kw name="Select Post Visibility" owner="post">
<kw name="Select Options By" owner="Browser">
<msg time="2024-12-19T10:40:17.466223" level="INFO">Selects the option(s) PUBLIC by attribute SelectAttribute.value from element css=select[name="privacy"].</msg>
<arg>css=select[name="privacy"]</arg>
<arg>value</arg>
<arg>${Visibility}</arg>
<tag>PageContent</tag>
<tag>Setter</tag>
<doc>Selects options from select element found by ``selector``.</doc>
<status status="PASS" start="2024-12-19T10:40:17.466223" elapsed="0.043754"/>
</kw>
<arg>${Visibility}</arg>
<status status="PASS" start="2024-12-19T10:40:17.466223" elapsed="0.043754"/>
</kw>
<kw name="Publish Post" owner="post">
<kw name="Click" owner="Browser">
<msg time="2024-12-19T10:40:17.515604" level="INFO">Clicks the element 'css=button:has-text("Publish")'.</msg>
<arg>css=button:has-text("Publish")</arg>
<tag>PageContent</tag>
<tag>Setter</tag>
<doc>Simulates mouse click on the element found by ``selector``.</doc>
<status status="PASS" start="2024-12-19T10:40:17.515604" elapsed="0.043471"/>
</kw>
<status status="PASS" start="2024-12-19T10:40:17.515604" elapsed="0.047984"/>
</kw>
<kw name="Verify User Can See Post With Specific Text In Page" owner="post">
<kw name="Get Elements" owner="Browser">
<msg time="2024-12-19T10:40:17.804909" level="INFO">Found locator('div.jsx-2270411553.content.box.post-content').first() Locators successfully.</msg>
<msg time="2024-12-19T10:40:17.804909" level="INFO">${elements} = ['css=div.jsx-2270411553.content.box.post-content &gt;&gt; nth=0']</msg>
<var>${elements}</var>
<arg>css=${POST_CONTENTS}</arg>
<tag>Getter</tag>
<tag>PageContent</tag>
<doc>Returns a reference to Playwright [https://playwright.dev/docs/api/class-locator|Locator]
for all matched elements by ``selector``.</doc>
<status status="PASS" start="2024-12-19T10:40:17.563588" elapsed="0.241321"/>
</kw>
<for flavor="IN">
<iter>
<kw name="Get Text" owner="Browser">
<msg time="2024-12-19T10:40:17.826309" level="INFO">Text: 'User is able to make a public post'</msg>
<msg time="2024-12-19T10:40:17.826309" level="INFO">${text} = User is able to make a public post</msg>
<var>${text}</var>
<arg>${element}</arg>
<tag>Assertion</tag>
<tag>Getter</tag>
<tag>PageContent</tag>
<doc>Returns text attribute of the element found by ``selector``.</doc>
<status status="PASS" start="2024-12-19T10:40:17.804909" elapsed="0.021400"/>
</kw>
<kw name="Run Keyword If" owner="BuiltIn">
<kw name="Log" owner="BuiltIn">
<msg time="2024-12-19T10:40:17.827830" level="INFO">Found post with text: User is able to make a public post</msg>
<arg>Found post with text: ${post_text}</arg>
<doc>Logs the given message with the given level.</doc>
<status status="PASS" start="2024-12-19T10:40:17.827830" elapsed="0.000000"/>
</kw>
<arg>'${text}' == '${post_text}'</arg>
<arg>Log</arg>
<arg>Found post with text: ${post_text}</arg>
<doc>Runs the given keyword with the given arguments, if ``condition`` is true.</doc>
<status status="PASS" start="2024-12-19T10:40:17.826309" elapsed="0.001521"/>
</kw>
<var name="${element}">css=div.jsx-2270411553.content.box.post-content &gt;&gt; nth=0</var>
<status status="PASS" start="2024-12-19T10:40:17.804909" elapsed="0.022921"/>
</iter>
<var>${element}</var>
<value>@{elements}</value>
<status status="PASS" start="2024-12-19T10:40:17.804909" elapsed="0.022921"/>
</for>
<arg>${Post_text}</arg>
<status status="PASS" start="2024-12-19T10:40:17.563588" elapsed="0.264242"/>
</kw>
<arg>${PUBLIC}</arg>
<arg>${POST_TEXT_PUBLIc}</arg>
<status status="PASS" start="2024-12-19T10:40:17.371733" elapsed="0.456097"/>
</kw>
<kw name="Find Post Made By User With Specific Text" owner="post">
<kw name="Find All Posts In Page" owner="post">
<kw name="Get Elements" owner="Browser">
<msg time="2024-12-19T10:40:17.835840" level="INFO">Found locator('div.jsx-2270411553.card').first() Locators successfully.</msg>
<msg time="2024-12-19T10:40:17.835840" level="INFO">${cards} = ['css=div.jsx-2270411553.card &gt;&gt; nth=0']</msg>
<var>${cards}</var>
<arg>css=${CARD_CLASS}</arg>
<tag>Getter</tag>
<tag>PageContent</tag>
<doc>Returns a reference to Playwright [https://playwright.dev/docs/api/class-locator|Locator]
for all matched elements by ``selector``.</doc>
<status status="PASS" start="2024-12-19T10:40:17.827830" elapsed="0.008010"/>
</kw>
<return>
<value>${cards}</value>
<status status="PASS" start="2024-12-19T10:40:17.835840" elapsed="0.000000"/>
</return>
<msg time="2024-12-19T10:40:17.835840" level="INFO">${cards} = ['css=div.jsx-2270411553.card &gt;&gt; nth=0']</msg>
<var>${cards}</var>
<status status="PASS" start="2024-12-19T10:40:17.827830" elapsed="0.008010"/>
</kw>
<for flavor="IN">
<iter>
<kw name="Get Text" owner="Browser">
<msg time="2024-12-19T10:40:17.855373" level="INFO">Text: 'BunnyA'</msg>
<msg time="2024-12-19T10:40:17.855373" level="INFO">${author} = BunnyA</msg>
<var>${author}</var>
<arg>${card} &gt;&gt; ${AUTHOR_FROM_CARD}</arg>
<tag>Assertion</tag>
<tag>Getter</tag>
<tag>PageContent</tag>
<doc>Returns text attribute of the element found by ``selector``.</doc>
<status status="PASS" start="2024-12-19T10:40:17.835840" elapsed="0.019533"/>
</kw>
<kw name="Get Text" owner="Browser">
<msg time="2024-12-19T10:40:17.875901" level="INFO">Text: 'User is able to make a public post'</msg>
<msg time="2024-12-19T10:40:17.875901" level="INFO">${content} = User is able to make a public post</msg>
<var>${content}</var>
<arg>${card} &gt;&gt; ${TEXT_FROM_CARD}</arg>
<tag>Assertion</tag>
<tag>Getter</tag>
<tag>PageContent</tag>
<doc>Returns text attribute of the element found by ``selector``.</doc>
<status status="PASS" start="2024-12-19T10:40:17.855373" elapsed="0.020528"/>
</kw>
<kw name="Return From Keyword If" owner="BuiltIn">
<msg time="2024-12-19T10:40:17.877110" level="INFO">Returning from the enclosing user keyword.</msg>
<arg>'${author}' == '${author_name}' and '${content}' == '${post_text}'</arg>
<arg>${card}</arg>
<doc>Returns from the enclosing user keyword if ``condition`` is true.</doc>
<status status="PASS" start="2024-12-19T10:40:17.875901" elapsed="0.001209"/>
</kw>
<var name="${card}">css=div.jsx-2270411553.card &gt;&gt; nth=0</var>
<status status="PASS" start="2024-12-19T10:40:17.835840" elapsed="0.041270"/>
</iter>
[...]
<var>${text}</var>
<arg>${element}</arg>
<tag>Assertion</tag>
<tag>Getter</tag>
<tag>PageContent</tag>
<doc>Returns text attribute of the element found by ``selector``.</doc>
<status status="PASS" start="2024-12-19T10:40:42.996053" elapsed="0.020548"/>
</kw>
<kw name="Run Keyword If" owner="BuiltIn">
<kw name="Log" owner="BuiltIn">
<msg time="2024-12-19T10:40:43.023613" level="INFO">Found post with text: Friend Post by User A</msg>
<arg>Found post with text: ${post_text}</arg>
<doc>Logs the given message with the given level.</doc>
<status status="PASS" start="2024-12-19T10:40:43.023613" elapsed="0.000000"/>
</kw>
<arg>'${text}' == '${post_text}'</arg>
<arg>Log</arg>
<arg>Found post with text: ${post_text}</arg>
<doc>Runs the given keyword with the given arguments, if ``condition`` is true.</doc>
<status status="PASS" start="2024-12-19T10:40:43.023613" elapsed="0.000000"/>
</kw>
<var name="${element}">css=div.jsx-2270411553.content.box.post-content &gt;&gt; nth=0</var>
<status status="PASS" start="2024-12-19T10:40:42.995248" elapsed="0.028365"/>
</iter>
<iter>
<kw name="Get Text" owner="Browser">
<msg time="2024-12-19T10:40:43.044727" level="INFO">Text: 'Public Post by User A'</msg>
<msg time="2024-12-19T10:40:43.051759" level="INFO">${text} = Public Post by User A</msg>
<var>${text}</var>
<arg>${element}</arg>
<tag>Assertion</tag>
<tag>Getter</tag>
<tag>PageContent</tag>
<doc>Returns text attribute of the element found by ``selector``.</doc>
<status status="PASS" start="2024-12-19T10:40:43.023613" elapsed="0.028146"/>
</kw>
<kw name="Run Keyword If" owner="BuiltIn">
<arg>'${text}' == '${post_text}'</arg>
<arg>Log</arg>
<arg>Found post with text: ${post_text}</arg>
<doc>Runs the given keyword with the given arguments, if ``condition`` is true.</doc>
<status status="PASS" start="2024-12-19T10:40:43.051759" elapsed="0.000000"/>
</kw>
<var name="${element}">css=div.jsx-2270411553.content.box.post-content &gt;&gt; nth=1</var>
<status status="PASS" start="2024-12-19T10:40:43.023613" elapsed="0.028146"/>
</iter>
<iter>
<kw name="Get Text" owner="Browser">
<msg time="2024-12-19T10:40:43.073210" level="INFO">Text: 'Friend Post by User A'</msg>
<msg time="2024-12-19T10:40:43.073210" level="INFO">${text} = Friend Post by User A</msg>
<var>${text}</var>
<arg>${element}</arg>
<tag>Assertion</tag>
<tag>Getter</tag>
<tag>PageContent</tag>
<doc>Returns text attribute of the element found by ``selector``.</doc>
<status status="PASS" start="2024-12-19T10:40:43.051759" elapsed="0.021451"/>
</kw>
<kw name="Run Keyword If" owner="BuiltIn">
<kw name="Log" owner="BuiltIn">
<msg time="2024-12-19T10:40:43.080239" level="INFO">Found post with text: Friend Post by User A</msg>
<arg>Found post with text: ${post_text}</arg>
<doc>Logs the given message with the given level.</doc>
<status status="PASS" start="2024-12-19T10:40:43.080239" elapsed="0.000000"/>
</kw>
<arg>'${text}' == '${post_text}'</arg>
<arg>Log</arg>
<arg>Found post with text: ${post_text}</arg>
<doc>Runs the given keyword with the given arguments, if ``condition`` is true.</doc>
<status status="PASS" start="2024-12-19T10:40:43.073210" elapsed="0.007029"/>
</kw>
<var name="${element}">css=div.jsx-2270411553.content.box.post-content &gt;&gt; nth=2</var>
<status status="PASS" start="2024-12-19T10:40:43.051759" elapsed="0.028480"/>
</iter>
<iter>
<kw name="Get Text" owner="Browser">
<msg time="2024-12-19T10:40:43.115277" level="INFO">Text: 'Public Post by User A'</msg>
<msg time="2024-12-19T10:40:43.115277" level="INFO">${text} = Public Post by User A</msg>
<var>${text}</var>
<arg>${element}</arg>
<tag>Assertion</tag>
<tag>Getter</tag>
<tag>PageContent</tag>
<doc>Returns text attribute of the element found by ``selector``.</doc>
<status status="PASS" start="2024-12-19T10:40:43.080239" elapsed="0.035038"/>
</kw>
<kw name="Run Keyword If" owner="BuiltIn">
<arg>'${text}' == '${post_text}'</arg>
<arg>Log</arg>
<arg>Found post with text: ${post_text}</arg>
<doc>Runs the given keyword with the given arguments, if ``condition`` is true.</doc>
<status status="PASS" start="2024-12-19T10:40:43.115277" elapsed="0.000000"/>
</kw>
<var name="${element}">css=div.jsx-2270411553.content.box.post-content &gt;&gt; nth=3</var>
<status status="PASS" start="2024-12-19T10:40:43.080239" elapsed="0.035038"/>
</iter>
<iter>
<kw name="Get Text" owner="Browser">
<msg time="2024-12-19T10:40:43.136436" level="INFO">Text: 'cant delete'</msg>
<msg time="2024-12-19T10:40:43.136436" level="INFO">${text} = cant delete</msg>
<var>${text}</var>
<arg>${element}</arg>
<tag>Assertion</tag>
<tag>Getter</tag>
<tag>PageContent</tag>
<doc>Returns text attribute of the element found by ``selector``.</doc>
<status status="PASS" start="2024-12-19T10:40:43.115277" elapsed="0.021159"/>
</kw>
<kw name="Run Keyword If" owner="BuiltIn">
<arg>'${text}' == '${post_text}'</arg>
<arg>Log</arg>
<arg>Found post with text: ${post_text}</arg>
<doc>Runs the given keyword with the given arguments, if ``condition`` is true.</doc>
<status status="PASS" start="2024-12-19T10:40:43.136436" elapsed="0.000000"/>
</kw>
<var name="${element}">css=div.jsx-2270411553.content.box.post-content &gt;&gt; nth=4</var>
<status status="PASS" start="2024-12-19T10:40:43.115277" elapsed="0.021159"/>
</iter>
<var>${element}</var>
<value>@{elements}</value>
<status status="PASS" start="2024-12-19T10:40:42.988235" elapsed="0.148201"/>
</for>
<arg>${POST_TEXT_C_F}</arg>
<status status="PASS" start="2024-12-19T10:40:42.974214" elapsed="0.162222"/>
</kw>
<status status="PASS" start="2024-12-19T10:40:42.614895" elapsed="0.521541"/>
</kw>
<kw name="Switch To User B" owner="common">
<kw name="Do Successful Logout" owner="common">
<kw name="Click" owner="Browser">
<msg time="2024-12-19T10:40:43.143460" level="INFO">Clicks the element 'xpath=//div[2]/div/button[3]'.</msg>
<arg>xpath=//div[2]/div/button[3]</arg>
<tag>PageContent</tag>
<tag>Setter</tag>
<doc>Simulates mouse click on the element found by ``selector``.</doc>
<status status="PASS" start="2024-12-19T10:40:43.136436" elapsed="0.078214"/>
</kw>
<kw name="Verify That Login Page Is Visible" owner="common">
<kw name="Get Url" owner="Browser">
<arg>==</arg>
<arg>${LOGIN_URL}</arg>
<tag>Assertion</tag>
<tag>Getter</tag>
<tag>PageContent</tag>
<doc>Returns the current URL.</doc>
<status status="PASS" start="2024-12-19T10:40:43.221659" elapsed="0.000000"/>
</kw>
<status status="PASS" start="2024-12-19T10:40:43.214650" elapsed="0.007009"/>
</kw>
<status status="PASS" start="2024-12-19T10:40:43.136436" elapsed="0.085223"/>
</kw>
<kw name="Do Successful Login" owner="common">
<kw name="Open Browser To Login Page" owner="common">
<kw name="New Browser" owner="Browser">
<msg time="2024-12-19T10:40:43.221659" level="INFO">Switching browser to browser=802390f1-6dfe-4a03-9e55-abfc7266521a</msg>
<msg time="2024-12-19T10:40:43.228645" level="INFO">Successfully changed active browser: browser=802390f1-6dfe-4a03-9e55-abfc7266521a</msg>
<msg time="2024-12-19T10:40:43.228645" level="INFO">Reusing existing browser with id: browser=802390f1-6dfe-4a03-9e55-abfc7266521a</msg>
<arg>headless=${TRUE}</arg>
<tag>BrowserControl</tag>
<tag>Setter</tag>
<doc>Create a new playwright Browser with specified options.</doc>
<status status="PASS" start="2024-12-19T10:40:43.221659" elapsed="0.006986"/>
</kw>
<kw name="New Page" owner="Browser">
<msg time="2024-12-19T10:40:43.496531" level="INFO">Successfully initialized new page object and opened url: http://localhost/login</msg>
<arg>${LOGIN_URL}</arg>
<tag>BrowserControl</tag>
<tag>Setter</tag>
<doc>Open a new Page.</doc>
<status status="PASS" start="2024-12-19T10:40:43.228645" elapsed="0.268566"/>
</kw>
<status status="PASS" start="2024-12-19T10:40:43.221659" elapsed="0.275552"/>
</kw>
<kw name="Enter Email to Login" owner="common">
<kw name="Fill Text" owner="Browser">
<msg time="2024-12-19T10:40:43.499049" level="INFO">Fills the text 'BunnyB@bunny.com' in the given field.</msg>
<arg>css=input[name="loginEmail"]</arg>
<arg>${email}</arg>
<tag>PageContent</tag>
<tag>Setter</tag>
<doc>Clears and fills the given ``txt`` into the text field found by ``selector``.</doc>
<status status="PASS" start="2024-12-19T10:40:43.497718" elapsed="0.042707"/>
</kw>
<arg>${email}</arg>
<status status="PASS" start="2024-12-19T10:40:43.497211" elapsed="0.043214"/>
</kw>
<kw name="Enter Password to Login" owner="common">
<kw name="Fill Text" owner="Browser">
<msg time="2024-12-19T10:40:43.543431" level="INFO">Fills the text 'BunnyBookB' in the given field.</msg>
<arg>css=input[name="loginPassword"]</arg>
<arg>${password}</arg>
<tag>PageContent</tag>
<tag>Setter</tag>
<doc>Clears and fills the given ``txt`` into the text field found by ``selector``.</doc>
<status status="PASS" start="2024-12-19T10:40:43.540425" elapsed="0.021365"/>
</kw>
<arg>${password}</arg>
<status status="PASS" start="2024-12-19T10:40:43.540425" elapsed="0.021365"/>
</kw>
<kw name="Submit Login Form" owner="common">
<kw name="Click" owner="Browser">
<msg time="2024-12-19T10:40:43.568782" level="INFO">Clicks the element 'xpath=//form//button[1]'.</msg>
<arg>xpath=//form//button[1]</arg>
<tag>PageContent</tag>
<tag>Setter</tag>
<doc>Simulates mouse click on the element found by ``selector``.</doc>
<status status="PASS" start="2024-12-19T10:40:43.561790" elapsed="0.065262"/>
</kw>
<status status="PASS" start="2024-12-19T10:40:43.561790" elapsed="0.065262"/>
</kw>
<kw name="Verify That Profile Page Is Visible" owner="common">
<kw name="Get Url" owner="Browser">
<arg>==</arg>
<arg>${PROFILE_URL}</arg>
<tag>Assertion</tag>
<tag>Getter</tag>
<tag>PageContent</tag>
<doc>Returns the current URL.</doc>
<status status="PASS" start="2024-12-19T10:40:43.627052" elapsed="0.364472"/>
</kw>
<status status="PASS" start="2024-12-19T10:40:43.627052" elapsed="0.365981"/>
</kw>
<arg>${B_EMAIL}</arg>
<arg>${B_PASSWORD}</arg>
<status status="PASS" start="2024-12-19T10:40:43.221659" elapsed="0.771374"/>
</kw>
<status status="PASS" start="2024-12-19T10:40:43.136436" elapsed="0.856597"/>
</kw>
<kw name="Go To User As Profile" owner="common">
<kw name="Go To Profile" owner="common">
<kw name="Enter Username To Searchbar" owner="common">
<kw name="Fill Text" owner="Browser">
<msg time="2024-12-19T10:40:43.996801" level="INFO">Fills the text 'BunnyA' in the given field.</msg>
<arg>${SEARCH_BAR_SELECTOR}</arg>
<arg>${username}</arg>
<tag>PageContent</tag>
<tag>Setter</tag>
<doc>Clears and fills the given ``txt`` into the text field found by ``selector``.</doc>
<status status="PASS" start="2024-12-19T10:40:43.995816" elapsed="0.026961"/>
</kw>
<arg>${username}</arg>
<status status="PASS" start="2024-12-19T10:40:43.994602" elapsed="0.028692"/>
</kw>
<kw name="Select User From Dropdown Option" owner="common">
<kw name="Click" owner="Browser">
<msg time="2024-12-19T10:40:44.025510" level="INFO">Clicks the element 'css=input[type="search"]'.</msg>
<arg>${SEARCH_BAR_SELECTOR}</arg>
<tag>PageContent</tag>
<tag>Setter</tag>
<doc>Simulates mouse click on the element found by ``selector``.</doc>
<status status="PASS" start="2024-12-19T10:40:44.024278" elapsed="0.066196"/>
</kw>
<kw name="Click" owner="Browser">
<msg time="2024-12-19T10:40:44.093711" level="INFO">Clicks the element '//div[@class='dropdown-menu']//a//span[@class='ml-1' and text()='BunnyA']'.</msg>
<arg>//div[@class='dropdown-menu']//a//span[@class='ml-1' and text()='${username}']</arg>
<tag>PageContent</tag>
<tag>Setter</tag>
<doc>Simulates mouse click on the element found by ``selector``.</doc>
<status status="PASS" start="2024-12-19T10:40:44.093711" elapsed="0.888315"/>
</kw>
<arg>${username}</arg>
<status status="PASS" start="2024-12-19T10:40:44.023772" elapsed="0.962487"/>
</kw>
<kw name="Verify Profile Page Of User Is Visible" owner="common">
<kw name="Get Text" owner="Browser">
<msg time="2024-12-19T10:40:45.093789" level="INFO">Text: 'BunnyA'</msg>
<msg time="2024-12-19T10:40:45.093789" level="INFO">${profile} = BunnyA</msg>
<var>${profile}</var>
<arg>css=p.title.is-flex.ml-4</arg>
<tag>Assertion</tag>
<tag>Getter</tag>
<tag>PageContent</tag>
<doc>Returns text attribute of the element found by ``selector``.</doc>
<status status="PASS" start="2024-12-19T10:40:44.986775" elapsed="0.107014"/>
</kw>
<kw name="Should Be Equal As Strings" owner="BuiltIn">
<arg>${profile}</arg>
<arg>${username}</arg>
<doc>Fails if objects are unequal after converting them to strings.</doc>
<status status="PASS" start="2024-12-19T10:40:45.093789" elapsed="0.006513"/>
</kw>
<arg>${username}</arg>
<status status="PASS" start="2024-12-19T10:40:44.986775" elapsed="0.113527"/>
</kw>
<arg>${A_USERNAME}</arg>
<status status="PASS" start="2024-12-19T10:40:43.994602" elapsed="1.105700"/>
</kw>
<status status="PASS" start="2024-12-19T10:40:43.993928" elapsed="1.106374"/>
</kw>
<kw name="Verify User Cannot See Post With Specific Text In Page" owner="post">
<kw name="Get Elements" owner="Browser">
<msg time="2024-12-19T10:40:45.111907" level="INFO">Found locator('div.jsx-2270411553.content.box.post-content').first(),locator('div.jsx-2270411553.content.box.post-content').nth(1),locator('div.jsx-2270411553.content.box.post-content').nth(2) Locators successfully.</msg>
<msg time="2024-12-19T10:40:45.111907" level="INFO">${elements} = ['css=div.jsx-2270411553.content.box.post-content &gt;&gt; nth=0', 'css=div.jsx-2270411553.content.box.post-content &gt;&gt; nth=1', 'css=div.jsx-2270411553.content.box.post-content &gt;&gt; nth=2']</msg>
<var>${elements}</var>
<arg>css=${POST_CONTENTS}</arg>
<tag>Getter</tag>
<tag>PageContent</tag>
<doc>Returns a reference to Playwright [https://playwright.dev/docs/api/class-locator|Locator]
for all matched elements by ``selector``.</doc>
<status status="PASS" start="2024-12-19T10:40:45.102058" elapsed="0.009849"/>
</kw>
<kw name="Set Variable" owner="BuiltIn">
<msg time="2024-12-19T10:40:45.113916" level="INFO">${post_found} = False</msg>
<var>${post_found}</var>
<arg>False</arg>
<doc>Returns the given values which can then be assigned to a variables.</doc>
<status status="PASS" start="2024-12-19T10:40:45.113916" elapsed="0.000000"/>
</kw>
<for flavor="IN">
<iter>
<kw name="Get Text" owner="Browser">
<msg time="2024-12-19T10:40:45.127711" level="INFO">Text: 'Public Post by User A'</msg>
<msg time="2024-12-19T10:40:45.127711" level="INFO">${text} = Public Post by User A</msg>
<var>${text}</var>
<arg>${element}</arg>
<tag>Assertion</tag>
<tag>Getter</tag>
<tag>PageContent</tag>
<doc>Returns text attribute of the element found by ``selector``.</doc>
<status status="PASS" start="2024-12-19T10:40:45.113916" elapsed="0.013795"/>
</kw>
<kw name="Run Keyword If" owner="BuiltIn">
<arg>'${text}' == '${post_text}'</arg>
<arg>Set Variable</arg>
<arg>${post_found}</arg>
<arg>True</arg>
<doc>Runs the given keyword with the given arguments, if ``condition`` is true.</doc>
<status status="PASS" start="2024-12-19T10:40:45.127711" elapsed="0.004964"/>
</kw>
<var name="${element}">css=div.jsx-2270411553.content.box.post-content &gt;&gt; nth=0</var>
<status status="PASS" start="2024-12-19T10:40:45.113916" elapsed="0.018759"/>
</iter>
<iter>
<kw name="Get Text" owner="Browser">
<msg time="2024-12-19T10:40:45.149106" level="INFO">Text: 'Public Post by User A'</msg>
<msg time="2024-12-19T10:40:45.149106" level="INFO">${text} = Public Post by User A</msg>
<var>${text}</var>
<arg>${element}</arg>
<tag>Assertion</tag>
<tag>Getter</tag>
<tag>PageContent</tag>
<doc>Returns text attribute of the element found by ``selector``.</doc>
<status status="PASS" start="2024-12-19T10:40:45.132675" elapsed="0.016431"/>
</kw>
<kw name="Run Keyword If" owner="BuiltIn">
<arg>'${text}' == '${post_text}'</arg>
<arg>Set Variable</arg>
<arg>${post_found}</arg>
<arg>True</arg>
<doc>Runs the given keyword with the given arguments, if ``condition`` is true.</doc>
<status status="PASS" start="2024-12-19T10:40:45.149106" elapsed="0.000000"/>
</kw>
<var name="${element}">css=div.jsx-2270411553.content.box.post-content &gt;&gt; nth=1</var>
<status status="PASS" start="2024-12-19T10:40:45.132675" elapsed="0.016431"/>
</iter>
<iter>
<kw name="Get Text" owner="Browser">
<msg time="2024-12-19T10:40:45.163556" level="INFO">Text: 'cant delete'</msg>
<msg time="2024-12-19T10:40:45.163556" level="INFO">${text} = cant delete</msg>
<var>${text}</var>
<arg>${element}</arg>
<tag>Assertion</tag>
<tag>Getter</tag>
<tag>PageContent</tag>
<doc>Returns text attribute of the element found by ``selector``.</doc>
<status status="PASS" start="2024-12-19T10:40:45.149106" elapsed="0.014450"/>
</kw>
<kw name="Run Keyword If" owner="BuiltIn">
<arg>'${text}' == '${post_text}'</arg>
<arg>Set Variable</arg>
<arg>${post_found}</arg>
<arg>True</arg>
<doc>Runs the given keyword with the given arguments, if ``condition`` is true.</doc>
<status status="PASS" start="2024-12-19T10:40:45.168022" elapsed="0.000000"/>
</kw>
<var name="${element}">css=div.jsx-2270411553.content.box.post-content &gt;&gt; nth=2</var>
<status status="PASS" start="2024-12-19T10:40:45.149106" elapsed="0.018916"/>
</iter>
<var>${element}</var>
<value>@{elements}</value>
<status status="PASS" start="2024-12-19T10:40:45.113916" elapsed="0.054106"/>
</for>
<kw name="Run Keyword If" owner="BuiltIn">
<arg>${post_found}</arg>
<arg>Fail</arg>
<arg>Post with text "${post_text}" is visible but should not be.</arg>
<doc>Runs the given keyword with the given arguments, if ``condition`` is true.</doc>
<status status="PASS" start="2024-12-19T10:40:45.168022" elapsed="0.000000"/>
</kw>
<kw name="Log" owner="BuiltIn">
<msg time="2024-12-19T10:40:45.168022" level="INFO">Post with text "Friend Post by User A" is not visible as expected.</msg>
<arg>Post with text "${post_text}" is not visible as expected.</arg>
<doc>Logs the given message with the given level.</doc>
<status status="PASS" start="2024-12-19T10:40:45.168022" elapsed="0.000000"/>
</kw>
<arg>${POST_TEXT_C_F}</arg>
<status status="PASS" start="2024-12-19T10:40:45.100302" elapsed="0.067720"/>
</kw>
<kw name="Do Successful Logout" owner="common" type="TEARDOWN">
<kw name="Click" owner="Browser">
<msg time="2024-12-19T10:40:45.170032" level="INFO">Clicks the element 'xpath=//div[2]/div/button[3]'.</msg>
<arg>xpath=//div[2]/div/button[3]</arg>
<tag>PageContent</tag>
<tag>Setter</tag>
<doc>Simulates mouse click on the element found by ``selector``.</doc>
<status status="PASS" start="2024-12-19T10:40:45.170032" elapsed="0.064837"/>
</kw>
<kw name="Verify That Login Page Is Visible" owner="common">
<kw name="Get Url" owner="Browser">
<arg>==</arg>
<arg>${LOGIN_URL}</arg>
<tag>Assertion</tag>
<tag>Getter</tag>
<tag>PageContent</tag>
<doc>Returns the current URL.</doc>
<status status="PASS" start="2024-12-19T10:40:45.234869" elapsed="0.007171"/>
</kw>
<status status="PASS" start="2024-12-19T10:40:45.234869" elapsed="0.007171"/>
</kw>
<status status="PASS" start="2024-12-19T10:40:45.168022" elapsed="0.074018"/>
</kw>
<status status="PASS" start="2024-12-19T10:40:41.749488" elapsed="3.492552"/>
</test>
<status status="PASS" start="2024-12-19T10:40:36.019951" elapsed="9.334492"/>
</suite>
<status status="PASS" start="2024-12-19T10:39:28.960149" elapsed="76.398373"/>
</suite>
<statistics>
<total>
<stat pass="17" fail="0" skip="0">All Tests</stat>
</total>
<tag>
<stat pass="4" fail="0" skip="0">basics</stat>
</tag>
<suite>
<stat pass="17" fail="0" skip="0" id="s1" name="E2E-Tests">E2E-Tests</stat>
<stat pass="4" fail="0" skip="0" id="s1-s1" name="01 Register">E2E-Tests.01 Register</stat>
<stat pass="3" fail="0" skip="0" id="s1-s2" name="02 Login">E2E-Tests.02 Login</stat>
<stat pass="3" fail="0" skip="0" id="s1-s3" name="03 Post">E2E-Tests.03 Post</stat>
<stat pass="2" fail="0" skip="0" id="s1-s4" name="04 Post Delete">E2E-Tests.04 Post Delete</stat>
<stat pass="2" fail="0" skip="0" id="s1-s5" name="05 View">E2E-Tests.05 View</stat>
<stat pass="3" fail="0" skip="0" id="s1-s6" name="06 Comment">E2E-Tests.06 Comment</stat>
</suite>
</statistics>
<errors>
</errors>
</robot>
